#
# There is insufficient memory for the Java Runtime Environment to continue.
# Native memory allocation (mmap) failed to map 97517568 bytes for committing reserved memory.
# Possible reasons:
#   The system is out of physical RAM or swap space
#   In 32 bit mode, the process size limit was hit
# Possible solutions:
#   Reduce memory load on the system
#   Increase physical memory or swap space
#   Check if swap backing store is full
#   Use 64 bit Java on a 64 bit OS
#   Decrease Java heap size (-Xmx/-Xms)
#   Decrease number of Java threads
#   Decrease Java thread stack sizes (-Xss)
#   Set larger code cache with -XX:ReservedCodeCacheSize=
# This output file may be truncated or incomplete.
#
#  Out of Memory Error (os_linux.cpp:2640), pid=3769, tid=0x00007fb0e72f2700
#
# JRE version: OpenJDK Runtime Environment (8.0_144-b01) (build 1.8.0_144-b01)
# Java VM: OpenJDK 64-Bit Server VM (25.144-b01 mixed mode linux-amd64 compressed oops)
# Core dump written. Default location: /home/abde/Desktop/TeamFormation/RSLB2/boot/core or core.3769
#

---------------  T H R E A D  ---------------

Current thread (0x00007fb1001c7000):  VMThread [stack: 0x00007fb0e71f2000,0x00007fb0e72f3000] [id=3785]

Stack: [0x00007fb0e71f2000,0x00007fb0e72f3000],  sp=0x00007fb0e72f14d0,  free space=1021k
Native frames: (J=compiled Java code, j=interpreted, Vv=VM code, C=native code)
V  [libjvm.so+0xaa3d82]
V  [libjvm.so+0x4d85e7]
V  [libjvm.so+0x8e0be0]
V  [libjvm.so+0x8db29e]
V  [libjvm.so+0x95af06]
V  [libjvm.so+0x95c278]
V  [libjvm.so+0x958876]
V  [libjvm.so+0x958c0c]
V  [libjvm.so+0x907808]
V  [libjvm.so+0xaa59e2]
V  [libjvm.so+0xaaaa76]
V  [libjvm.so+0xaa82a1]
V  [libjvm.so+0xaa9743]
V  [libjvm.so+0xaa9b27]
V  [libjvm.so+0x8de152]

VM_Operation (0x00007fb0de7e6770): ParallelGCFailedAllocation, mode: safepoint, requested by thread 0x00007fb1005b1000


---------------  P R O C E S S  ---------------

Java Threads: ( => current thread )
  0x00007fb10000a000 JavaThread "DestroyJavaVM" [_thread_blocked, id=3773, stack(0x00007fb105fd1000,0x00007fb1060d2000)]
  0x00007fb10060b800 JavaThread "Thread-117" [_thread_blocked, id=4016, stack(0x00007fb0d67e8000,0x00007fb0d68e9000)]
  0x00007fb100609800 JavaThread "Thread-116" [_thread_blocked, id=4015, stack(0x00007fb0d68e9000,0x00007fb0d69ea000)]
  0x00007fb100608800 JavaThread "Thread-115" [_thread_blocked, id=4012, stack(0x00007fb0d69ea000,0x00007fb0d6aeb000)]
  0x00007fb100606000 JavaThread "Thread-114" [_thread_blocked, id=4010, stack(0x00007fb0d6aeb000,0x00007fb0d6bec000)]
  0x00007fb100604000 JavaThread "Thread-113" [_thread_blocked, id=4007, stack(0x00007fb0d6bec000,0x00007fb0d6ced000)]
  0x00007fb100602000 JavaThread "Thread-112" [_thread_blocked, id=4005, stack(0x00007fb0d6ced000,0x00007fb0d6dee000)]
  0x00007fb0e8006000 JavaThread "Thread-111" [_thread_blocked, id=4004, stack(0x00007fb0d6dee000,0x00007fb0d6eef000)]
  0x00007fb100600000 JavaThread "Thread-110" [_thread_blocked, id=4002, stack(0x00007fb0d6eef000,0x00007fb0d6ff0000)]
  0x00007fb1005fe800 JavaThread "Thread-109" [_thread_blocked, id=4000, stack(0x00007fb0d6ff0000,0x00007fb0d70f1000)]
  0x00007fb1005fc800 JavaThread "Thread-108" [_thread_blocked, id=3998, stack(0x00007fb0d70f1000,0x00007fb0d71f2000)]
  0x00007fb0c8006000 JavaThread "Thread-107" [_thread_blocked, id=3997, stack(0x00007fb0d71f2000,0x00007fb0d72f3000)]
  0x00007fb1005fa800 JavaThread "Thread-106" [_thread_blocked, id=3996, stack(0x00007fb0d72f3000,0x00007fb0d73f4000)]
  0x00007fb1005f9000 JavaThread "Thread-105" [_thread_blocked, id=3994, stack(0x00007fb0d73f4000,0x00007fb0d74f5000)]
  0x00007fb1005f7800 JavaThread "Thread-104" [_thread_blocked, id=3991, stack(0x00007fb0d74f5000,0x00007fb0d75f6000)]
  0x00007fb0a8001800 JavaThread "Thread-103" [_thread_blocked, id=3990, stack(0x00007fb0d75f6000,0x00007fb0d76f7000)]
  0x00007fb1005f5800 JavaThread "Thread-102" [_thread_blocked, id=3988, stack(0x00007fb0d76f7000,0x00007fb0d77f8000)]
  0x00007fb1005f3800 JavaThread "Thread-101" [_thread_blocked, id=3987, stack(0x00007fb0d77f8000,0x00007fb0d78f9000)]
  0x00007fb1005f1800 JavaThread "Thread-100" [_thread_blocked, id=3984, stack(0x00007fb0d78f9000,0x00007fb0d79fa000)]
  0x00007fb09c1b6800 JavaThread "Thread-99" [_thread_blocked, id=3983, stack(0x00007fb0d79fa000,0x00007fb0d7afb000)]
  0x00007fb1005ef800 JavaThread "Thread-98" [_thread_blocked, id=3982, stack(0x00007fb0d7afb000,0x00007fb0d7bfc000)]
  0x00007fb1005ee000 JavaThread "Thread-97" [_thread_blocked, id=3979, stack(0x00007fb0d7bfc000,0x00007fb0d7cfd000)]
  0x00007fb1005ec800 JavaThread "Thread-96" [_thread_blocked, id=3977, stack(0x00007fb0d7cfd000,0x00007fb0d7dfe000)]
  0x00007fb08c005800 JavaThread "Thread-95" [_thread_blocked, id=3976, stack(0x00007fb0d7dfe000,0x00007fb0d7eff000)]
  0x00007fb1005ea800 JavaThread "Thread-94" [_thread_blocked, id=3975, stack(0x00007fb0d7eff000,0x00007fb0d8000000)]
  0x00007fb1005e7800 JavaThread "Thread-93" [_thread_blocked, id=3973, stack(0x00007fb0dc0c1000,0x00007fb0dc1c2000)]
  0x00007fb1005e5800 JavaThread "Thread-92" [_thread_blocked, id=3970, stack(0x00007fb0dc1c2000,0x00007fb0dc2c3000)]
  0x00007fb1005e3800 JavaThread "Thread-91" [_thread_blocked, id=3968, stack(0x00007fb0dc2c3000,0x00007fb0dc3c4000)]
  0x00007fb1005e1000 JavaThread "Thread-90" [_thread_blocked, id=3966, stack(0x00007fb0dc3c4000,0x00007fb0dc4c5000)]
  0x00007fb1005df800 JavaThread "Thread-89" [_thread_blocked, id=3964, stack(0x00007fb0dc4c5000,0x00007fb0dc5c6000)]
  0x00007fb1005dd800 JavaThread "Thread-88" [_thread_blocked, id=3963, stack(0x00007fb0dc5c6000,0x00007fb0dc6c7000)]
  0x00007fb1005db800 JavaThread "Thread-87" [_thread_blocked, id=3961, stack(0x00007fb0dc6c7000,0x00007fb0dc7c8000)]
  0x00007fb1005d9800 JavaThread "Thread-86" [_thread_blocked, id=3958, stack(0x00007fb0dc7c8000,0x00007fb0dc8c9000)]
  0x00007fb064003000 JavaThread "Thread-85" [_thread_blocked, id=3957, stack(0x00007fb0dc8c9000,0x00007fb0dc9ca000)]
  0x00007fb1005d7800 JavaThread "Thread-84" [_thread_blocked, id=3955, stack(0x00007fb0dc9ca000,0x00007fb0dcacb000)]
  0x00007fb1005d5800 JavaThread "Thread-83" [_thread_blocked, id=3953, stack(0x00007fb0dcacb000,0x00007fb0dcbcc000)]
  0x00007fb1005d4000 JavaThread "Thread-82" [_thread_blocked, id=3951, stack(0x00007fb0dcbcc000,0x00007fb0dcccd000)]
  0x00007fb054008800 JavaThread "Thread-81" [_thread_blocked, id=3946, stack(0x00007fb0dcccd000,0x00007fb0dcdce000)]
  0x00007fb1005d2800 JavaThread "Thread-80" [_thread_blocked, id=3945, stack(0x00007fb0dcdce000,0x00007fb0dcecf000)]
  0x00007fb1005d0800 JavaThread "Thread-79" [_thread_blocked, id=3943, stack(0x00007fb0dcecf000,0x00007fb0dcfd0000)]
  0x00007fb1005cf000 JavaThread "Thread-78" [_thread_blocked, id=3940, stack(0x00007fb0dcfd0000,0x00007fb0dd0d1000)]
  0x00007fb038002800 JavaThread "Thread-77" [_thread_blocked, id=3939, stack(0x00007fb0dd0d1000,0x00007fb0dd1d2000)]
  0x00007fb1005cd000 JavaThread "Thread-76" [_thread_blocked, id=3938, stack(0x00007fb0dd1d2000,0x00007fb0dd2d3000)]
  0x00007fb1005cb000 JavaThread "Thread-75" [_thread_blocked, id=3937, stack(0x00007fb0dd2d3000,0x00007fb0dd3d4000)]
  0x00007fb1005c9800 JavaThread "Thread-74" [_thread_blocked, id=3933, stack(0x00007fb0dd3d4000,0x00007fb0dd4d5000)]
  0x00007fb034008800 JavaThread "Thread-73" [_thread_blocked, id=3932, stack(0x00007fb0dd4d5000,0x00007fb0dd5d6000)]
  0x00007fb1005c7800 JavaThread "Thread-72" [_thread_blocked, id=3929, stack(0x00007fb0dd5d6000,0x00007fb0dd6d7000)]
  0x00007fb1005c5800 JavaThread "Thread-71" [_thread_blocked, id=3928, stack(0x00007fb0dd6d7000,0x00007fb0dd7d8000)]
  0x00007fb1005c3800 JavaThread "Thread-70" [_thread_blocked, id=3926, stack(0x00007fb0dd7d8000,0x00007fb0dd8d9000)]
  0x00007fb024004000 JavaThread "Thread-69" [_thread_blocked, id=3925, stack(0x00007fb0dd8d9000,0x00007fb0dd9da000)]
  0x00007fb1005c1800 JavaThread "Thread-68" [_thread_blocked, id=3923, stack(0x00007fb0dd9da000,0x00007fb0ddadb000)]
  0x00007fb1005c0000 JavaThread "Thread-67" [_thread_blocked, id=3921, stack(0x00007fb0ddadb000,0x00007fb0ddbdc000)]
  0x00007fb1005be800 JavaThread "Thread-66" [_thread_blocked, id=3919, stack(0x00007fb0ddbdc000,0x00007fb0ddcdd000)]
  0x00007fb01400f000 JavaThread "Thread-65" [_thread_blocked, id=3918, stack(0x00007fb0ddcdd000,0x00007fb0dddde000)]
  0x00007fb1005bc800 JavaThread "Thread-64" [_thread_blocked, id=3916, stack(0x00007fb0dddde000,0x00007fb0ddedf000)]
  0x00007fb1005bb000 JavaThread "Thread-63" [_thread_blocked, id=3915, stack(0x00007fb0ddedf000,0x00007fb0ddfe0000)]
  0x00007fb1005b9000 JavaThread "Thread-62" [_thread_blocked, id=3912, stack(0x00007fb0ddfe0000,0x00007fb0de0e1000)]
  0x00007fb004003000 JavaThread "Thread-61" [_thread_blocked, id=3911, stack(0x00007fb0de0e1000,0x00007fb0de1e2000)]
  0x00007fb1005b7800 JavaThread "Thread-60" [_thread_blocked, id=3909, stack(0x00007fb0de1e2000,0x00007fb0de2e3000)]
  0x00007fb1005b6000 JavaThread "Thread-59" [_thread_blocked, id=3907, stack(0x00007fb0de2e3000,0x00007fb0de3e4000)]
  0x00007fb1005b4800 JavaThread "Thread-58" [_thread_blocked, id=3905, stack(0x00007fb0de3e4000,0x00007fb0de4e5000)]
  0x00007faff4011000 JavaThread "Thread-57" [_thread_blocked, id=3900, stack(0x00007fb0de4e5000,0x00007fb0de5e6000)]
  0x00007fb1005b3000 JavaThread "Thread-56" [_thread_blocked, id=3898, stack(0x00007fb0de5e6000,0x00007fb0de6e7000)]
  0x00007fb1005b1000 JavaThread "Thread-55" [_thread_blocked, id=3896, stack(0x00007fb0de6e7000,0x00007fb0de7e8000)]
  0x00007fb1005af800 JavaThread "Thread-54" [_thread_blocked, id=3894, stack(0x00007fb0de7e8000,0x00007fb0de8e9000)]
  0x00007fafe4003000 JavaThread "Thread-53" [_thread_blocked, id=3893, stack(0x00007fb0de8e9000,0x00007fb0de9ea000)]
  0x00007fb1005ad800 JavaThread "Thread-52" [_thread_blocked, id=3891, stack(0x00007fb0de9ea000,0x00007fb0deaeb000)]
  0x00007fb1005ab800 JavaThread "Thread-51" [_thread_blocked, id=3889, stack(0x00007fb0deaeb000,0x00007fb0debec000)]
  0x00007fb1005a9800 JavaThread "Thread-50" [_thread_blocked, id=3888, stack(0x00007fb0debec000,0x00007fb0deced000)]
  0x00000074d1f28000 JavaThread "Thread-49" [_thread_blocked, id=3886, stack(0x00007fb0deced000,0x00007fb0dedee000)]
  0x00007fb1005a7800 JavaThread "Thread-48" [_thread_blocked, id=3885, stack(0x00007fb0dedee000,0x00007fb0deeef000)]
  0x00007fb1005a5800 JavaThread "Thread-47" [_thread_blocked, id=3883, stack(0x00007fb0deeef000,0x00007fb0deff0000)]
  0x00007fb1005a4000 JavaThread "Thread-46" [_thread_blocked, id=3880, stack(0x00007fb0deff0000,0x00007fb0df0f1000)]
  0x00007fafe4001000 JavaThread "Thread-45" [_thread_blocked, id=3879, stack(0x00007fb0df0f1000,0x00007fb0df1f2000)]
  0x00007fb1005a2000 JavaThread "Thread-44" [_thread_blocked, id=3877, stack(0x00007fb0df1f2000,0x00007fb0df2f3000)]
  0x00007fb1005a0800 JavaThread "Thread-43" [_thread_blocked, id=3875, stack(0x00007fb0df2f3000,0x00007fb0df3f4000)]
  0x00007fb10059f000 JavaThread "Thread-42" [_thread_blocked, id=3874, stack(0x00007fb0df3f4000,0x00007fb0df4f5000)]
  0x00007faff4008800 JavaThread "Thread-41" [_thread_blocked, id=3872, stack(0x00007fb0df4f5000,0x00007fb0df5f6000)]
  0x00007fb10059d000 JavaThread "Thread-40" [_thread_blocked, id=3867, stack(0x00007fb0df5f6000,0x00007fb0df6f7000)]
  0x00007fb10059b800 JavaThread "Thread-39" [_thread_blocked, id=3865, stack(0x00007fb0df6f7000,0x00007fb0df7f8000)]
  0x00007fb100599800 JavaThread "Thread-38" [_thread_blocked, id=3862, stack(0x00007fb0df7f8000,0x00007fb0df8f9000)]
  0x00007fb004001000 JavaThread "Thread-37" [_thread_blocked, id=3861, stack(0x00007fb0df8f9000,0x00007fb0df9fa000)]
  0x00007fb100598000 JavaThread "Thread-36" [_thread_blocked, id=3859, stack(0x00007fb0df9fa000,0x00007fb0dfafb000)]
  0x00007fb100596000 JavaThread "Thread-35" [_thread_blocked, id=3858, stack(0x00007fb0dfafb000,0x00007fb0dfbfc000)]
  0x00007fb100594800 JavaThread "Thread-34" [_thread_blocked, id=3855, stack(0x00007fb0dfbfc000,0x00007fb0dfcfd000)]
  0x00007fb014006800 JavaThread "Thread-33" [_thread_blocked, id=3854, stack(0x00007fb0dfcfd000,0x00007fb0dfdfe000)]
  0x00007fb100593000 JavaThread "Thread-32" [_thread_blocked, id=3852, stack(0x00007fb0dfdfe000,0x00007fb0dfeff000)]
  0x00007fb100591000 JavaThread "Thread-31" [_thread_blocked, id=3851, stack(0x00007fb0dfeff000,0x00007fb0e0000000)]
  0x00007fb10058f800 JavaThread "Thread-30" [_thread_blocked, id=3848, stack(0x00007fb0e40d8000,0x00007fb0e41d9000)]
  0x00007fb024002000 JavaThread "Thread-29" [_thread_blocked, id=3847, stack(0x00007fb0e41d9000,0x00007fb0e42da000)]
  0x00007fb10058d800 JavaThread "Thread-28" [_thread_blocked, id=3846, stack(0x00007fb0e42da000,0x00007fb0e43db000)]
  0x00007fb10058c000 JavaThread "Thread-27" [_thread_blocked, id=3843, stack(0x00007fb0e43db000,0x00007fb0e44dc000)]
  0x00007fb10058a800 JavaThread "Thread-26" [_thread_blocked, id=3841, stack(0x00007fb0e44dc000,0x00007fb0e45dd000)]
  0x00007fb034006800 JavaThread "Thread-25" [_thread_blocked, id=3840, stack(0x00007fb0e45dd000,0x00007fb0e46de000)]
  0x00007fb100588800 JavaThread "Thread-24" [_thread_blocked, id=3838, stack(0x00007fb0e46de000,0x00007fb0e47df000)]
  0x00007fb100587000 JavaThread "Thread-23" [_thread_blocked, id=3836, stack(0x00007fb0e47df000,0x00007fb0e48e0000)]
  0x00007fb100585000 JavaThread "Thread-22" [_thread_blocked, id=3834, stack(0x00007fb0e48e0000,0x00007fb0e49e1000)]
  0x00007fb044001000 JavaThread "Thread-21" [_thread_blocked, id=3833, stack(0x00007fb0e4d0e000,0x00007fb0e4e0f000)]
  0x00007fb100583000 JavaThread "Thread-20" [_thread_blocked, id=3830, stack(0x00007fb0e49e1000,0x00007fb0e4ae2000)]
  0x00007fb100581000 JavaThread "Thread-19" [_thread_blocked, id=3829, stack(0x00007fb0e4ae2000,0x00007fb0e4be3000)]
  0x00007fb10057f800 JavaThread "Thread-18" [_thread_blocked, id=3828, stack(0x00007fb0e4be3000,0x00007fb0e4ce4000)]
  0x00007fb054006800 JavaThread "Thread-17" [_thread_blocked, id=3822, stack(0x00007fb0e4e0f000,0x00007fb0e4f10000)]
  0x00007fb10057d800 JavaThread "Thread-16" [_thread_blocked, id=3820, stack(0x00007fb0e4f10000,0x00007fb0e5011000)]
  0x00007fb10057c000 JavaThread "Thread-15" [_thread_blocked, id=3818, stack(0x00007fb0e5011000,0x00007fb0e5112000)]
  0x00007fb10057a000 JavaThread "Thread-14" [_thread_blocked, id=3816, stack(0x00007fb0e5112000,0x00007fb0e5213000)]
  0x00007fb064001000 JavaThread "Thread-13" [_thread_blocked, id=3815, stack(0x00007fb0e5213000,0x00007fb0e5314000)]
  0x00007fb100578000 JavaThread "Thread-12" [_thread_blocked, id=3813, stack(0x00007fb0e5314000,0x00007fb0e5415000)]
  0x00007fb100576800 JavaThread "Thread-11" [_thread_blocked, id=3811, stack(0x00007fb0e5415000,0x00007fb0e5516000)]
  0x00007fb100575000 JavaThread "Thread-10" [_thread_blocked, id=3809, stack(0x00007fb0e5516000,0x00007fb0e5617000)]
  0x00007fb074002800 JavaThread "Thread-9" [_thread_blocked, id=3808, stack(0x00007fb0e5617000,0x00007fb0e5718000)]
  0x00007fb100573000 JavaThread "Thread-8" [_thread_blocked, id=3807, stack(0x00007fb0e5718000,0x00007fb0e5819000)]
  0x00007fb100571800 JavaThread "Thread-7" [_thread_blocked, id=3805, stack(0x00007fb0e5819000,0x00007fb0e591a000)]
  0x00007fb100550000 JavaThread "Thread-6" [_thread_blocked, id=3802, stack(0x00007fb0e591a000,0x00007fb0e5a1b000)]
  0x00007fb084009800 JavaThread "Thread-5" [_thread_blocked, id=3801, stack(0x00007fb0e5a1b000,0x00007fb0e5b1c000)]
  0x00007fb100563800 JavaThread "Thread-4" [_thread_blocked, id=3800, stack(0x00007fb0e5b1c000,0x00007fb0e5c1d000)]
  0x00007fb100562000 JavaThread "Thread-3" [_thread_blocked, id=3799, stack(0x00007fb0e5c1d000,0x00007fb0e5d1e000)]
  0x00007fb100561000 JavaThread "Thread-2" [_thread_blocked, id=3798, stack(0x00007fb0e5d1e000,0x00007fb0e5e1f000)]
  0x00007fb10021a000 JavaThread "Service Thread" daemon [_thread_blocked, id=3793, stack(0x00007fb0e6755000,0x00007fb0e6856000)]
  0x00007fb10020f000 JavaThread "C1 CompilerThread3" daemon [_thread_blocked, id=3792, stack(0x00007fb0e6856000,0x00007fb0e6957000)]
  0x00007fb10020d000 JavaThread "C2 CompilerThread2" daemon [_thread_blocked, id=3791, stack(0x00007fb0e6957000,0x00007fb0e6a58000)]
  0x00007fb10020b000 JavaThread "C2 CompilerThread1" daemon [_thread_blocked, id=3790, stack(0x00007fb0e6a58000,0x00007fb0e6b59000)]
  0x00007fb100208000 JavaThread "C2 CompilerThread0" daemon [_thread_blocked, id=3789, stack(0x00007fb0e6b59000,0x00007fb0e6c5a000)]
  0x00007fb100206800 JavaThread "Signal Dispatcher" daemon [_thread_blocked, id=3788, stack(0x00007fb0e6c5a000,0x00007fb0e6d5b000)]
  0x00007fb1001d3000 JavaThread "Finalizer" daemon [_thread_blocked, id=3787, stack(0x00007fb0e6ff0000,0x00007fb0e70f1000)]
  0x00007fb1001ce800 JavaThread "Reference Handler" daemon [_thread_blocked, id=3786, stack(0x00007fb0e70f1000,0x00007fb0e71f2000)]

Other Threads:
=>0x00007fb1001c7000 VMThread [stack: 0x00007fb0e71f2000,0x00007fb0e72f3000] [id=3785]
  0x00007fb10021c800 WatcherThread [stack: 0x00007fb0e6654000,0x00007fb0e6755000] [id=3794]

VM state:at safepoint (normal execution)

VM Mutex/Monitor currently owned by a thread:  ([mutex/lock_event])
[0x00007fb1000065d0] Threads_lock - owner thread: 0x00007fb1001c7000
[0x00007fb100006ad0] Heap_lock - owner thread: 0x00007fb1005b1000

Heap:
 PSYoungGen      total 1396736K, used 3808K [0x0000000755580000, 0x00000007ac980000, 0x00000007c0000000)
  eden space 1363968K, 0% used [0x0000000755580000,0x0000000755580000,0x00000007a8980000)
  from space 32768K, 11% used [0x00000007a8980000,0x00000007a8d38080,0x00000007aa980000)
  to   space 28672K, 0% used [0x00000007aad80000,0x00000007aad80000,0x00000007ac980000)
 ParOldGen       total 271872K, used 157171K [0x0000000680000000, 0x0000000690980000, 0x0000000755580000)
  object space 271872K, 57% used [0x0000000680000000,0x000000068997cca0,0x0000000690980000)
 Metaspace       used 11629K, capacity 11716K, committed 11904K, reserved 1060864K
  class space    used 1287K, capacity 1310K, committed 1408K, reserved 1048576K

Card table byte_map: [0x00007fb0ef1b1000,0x00007fb0efbb2000] byte_map_base: 0x00007fb0ebdb1000

Marking Bits: (ParMarkBitMap*) 0x00007fb1052d5120
 Begin Bits: [0x00007fb0ae000000, 0x00007fb0b3000000)
 End Bits:   [0x00007fb0b3000000, 0x00007fb0b8000000)

Polling page: 0x00007fb106100000

CodeCache: size=245760Kb used=6983Kb max_used=7234Kb free=238776Kb
 bounds [0x00007fb0eff72000, 0x00007fb0f0692000, 0x00007fb0fef72000]
 total_blobs=2185 nmethods=1808 adapters=291
 compilation: enabled

Compilation events (10 events):
Event: 24.426 Thread 0x00007fb10020f000 2100       3       java.util.Collections::sort (8 bytes)
Event: 24.427 Thread 0x00007fb10020f000 nmethod 2100 0x00007fb0f00d6c90 code [0x00007fb0f00d6e00, 0x00007fb0f00d7008]
Event: 24.427 Thread 0x00007fb10020f000 2101       3       java.util.ArrayList::sort (48 bytes)
Event: 24.428 Thread 0x00007fb10020f000 nmethod 2101 0x00007fb0f0262150 code [0x00007fb0f02622e0, 0x00007fb0f0262538]
Event: 24.428 Thread 0x00007fb10020f000 2102       3       java.util.Arrays::sort (47 bytes)
Event: 24.429 Thread 0x00007fb10020f000 nmethod 2102 0x00007fb0f009d3d0 code [0x00007fb0f009d580, 0x00007fb0f009d9b8]
Event: 24.429 Thread 0x00007fb10020f000 2103       3       org.apache.logging.log4j.spi.AbstractLogger::debug (47 bytes)
Event: 24.429 Thread 0x00007fb10020f000 nmethod 2103 0x00007fb0f00ea7d0 code [0x00007fb0f00ea980, 0x00007fb0f00eae78]
Event: 24.470 Thread 0x00007fb10020d000 2104   !   4       org.apache.logging.log4j.core.config.AppenderControl::callAppender (405 bytes)
Event: 24.538 Thread 0x00007fb10020d000 nmethod 2104 0x00007fb0f0422b10 code [0x00007fb0f0422e20, 0x00007fb0f04241d0]

GC Heap History (10 events):
Event: 21.400 GC heap after
Heap after GC invocations=30 (full 2):
 PSYoungGen      total 1182720K, used 5680K [0x0000000755580000, 0x00000007a0c00000, 0x00000007c0000000)
  eden space 1153536K, 0% used [0x0000000755580000,0x0000000755580000,0x000000079bc00000)
  from space 29184K, 19% used [0x000000079ef80000,0x000000079f50c0d0,0x00000007a0c00000)
  to   space 40960K, 0% used [0x000000079bc00000,0x000000079bc00000,0x000000079e400000)
 ParOldGen       total 271872K, used 156395K [0x0000000680000000, 0x0000000690980000, 0x0000000755580000)
  object space 271872K, 57% used [0x0000000680000000,0x00000006898bac50,0x0000000690980000)
 Metaspace       used 11588K, capacity 11716K, committed 11904K, reserved 1060864K
  class space    used 1287K, capacity 1310K, committed 1408K, reserved 1048576K
}
Event: 22.215 GC heap before
{Heap before GC invocations=31 (full 2):
 PSYoungGen      total 1182720K, used 1159216K [0x0000000755580000, 0x00000007a0c00000, 0x00000007c0000000)
  eden space 1153536K, 100% used [0x0000000755580000,0x000000079bc00000,0x000000079bc00000)
  from space 29184K, 19% used [0x000000079ef80000,0x000000079f50c0d0,0x00000007a0c00000)
  to   space 40960K, 0% used [0x000000079bc00000,0x000000079bc00000,0x000000079e400000)
 ParOldGen       total 271872K, used 156395K [0x0000000680000000, 0x0000000690980000, 0x0000000755580000)
  object space 271872K, 57% used [0x0000000680000000,0x00000006898bac50,0x0000000690980000)
 Metaspace       used 11604K, capacity 11716K, committed 11904K, reserved 1060864K
  class space    used 1287K, capacity 1310K, committed 1408K, reserved 1048576K
Event: 22.236 GC heap after
Heap after GC invocations=31 (full 2):
 PSYoungGen      total 1194496K, used 4464K [0x0000000755580000, 0x00000007a6180000, 0x00000007c0000000)
  eden space 1153536K, 0% used [0x0000000755580000,0x0000000755580000,0x000000079bc00000)
  from space 40960K, 10% used [0x000000079bc00000,0x000000079c05c0b0,0x000000079e400000)
  to   space 38912K, 0% used [0x00000007a3b80000,0x00000007a3b80000,0x00000007a6180000)
 ParOldGen       total 271872K, used 156427K [0x0000000680000000, 0x0000000690980000, 0x0000000755580000)
  object space 271872K, 57% used [0x0000000680000000,0x00000006898c2c50,0x0000000690980000)
 Metaspace       used 11604K, capacity 11716K, committed 11904K, reserved 1060864K
  class space    used 1287K, capacity 1310K, committed 1408K, reserved 1048576K
}
Event: 22.733 GC heap before
{Heap before GC invocations=32 (full 2):
 PSYoungGen      total 1194496K, used 1158000K [0x0000000755580000, 0x00000007a6180000, 0x00000007c0000000)
  eden space 1153536K, 100% used [0x0000000755580000,0x000000079bc00000,0x000000079bc00000)
  from space 40960K, 10% used [0x000000079bc00000,0x000000079c05c0b0,0x000000079e400000)
  to   space 38912K, 0% used [0x00000007a3b80000,0x00000007a3b80000,0x00000007a6180000)
 ParOldGen       total 271872K, used 156427K [0x0000000680000000, 0x0000000690980000, 0x0000000755580000)
  object space 271872K, 57% used [0x0000000680000000,0x00000006898c2c50,0x0000000690980000)
 Metaspace       used 11606K, capacity 11716K, committed 11904K, reserved 1060864K
  class space    used 1287K, capacity 1310K, committed 1408K, reserved 1048576K
Event: 22.749 GC heap after
Heap after GC invocations=32 (full 2):
 PSYoungGen      total 1286144K, used 5616K [0x0000000755580000, 0x00000007a6380000, 0x00000007c0000000)
  eden space 1247232K, 0% used [0x0000000755580000,0x0000000755580000,0x00000007a1780000)
  from space 38912K, 14% used [0x00000007a3b80000,0x00000007a40fc0b0,0x00000007a6180000)
  to   space 36864K, 0% used [0x00000007a1780000,0x00000007a1780000,0x00000007a3b80000)
 ParOldGen       total 271872K, used 156427K [0x0000000680000000, 0x0000000690980000, 0x0000000755580000)
  object space 271872K, 57% used [0x0000000680000000,0x00000006898c2c50,0x0000000690980000)
 Metaspace       used 11606K, capacity 11716K, committed 11904K, reserved 1060864K
  class space    used 1287K, capacity 1310K, committed 1408K, reserved 1048576K
}
Event: 23.355 GC heap before
{Heap before GC invocations=33 (full 2):
 PSYoungGen      total 1286144K, used 1252848K [0x0000000755580000, 0x00000007a6380000, 0x00000007c0000000)
  eden space 1247232K, 100% used [0x0000000755580000,0x00000007a1780000,0x00000007a1780000)
  from space 38912K, 14% used [0x00000007a3b80000,0x00000007a40fc0b0,0x00000007a6180000)
  to   space 36864K, 0% used [0x00000007a1780000,0x00000007a1780000,0x00000007a3b80000)
 ParOldGen       total 271872K, used 156427K [0x0000000680000000, 0x0000000690980000, 0x0000000755580000)
  object space 271872K, 57% used [0x0000000680000000,0x00000006898c2c50,0x0000000690980000)
 Metaspace       used 11617K, capacity 11716K, committed 11904K, reserved 1060864K
  class space    used 1287K, capacity 1310K, committed 1408K, reserved 1048576K
Event: 23.383 GC heap after
Heap after GC invocations=33 (full 2):
 PSYoungGen      total 1284096K, used 5104K [0x0000000755580000, 0x00000007acf80000, 0x00000007c0000000)
  eden space 1247232K, 0% used [0x0000000755580000,0x0000000755580000,0x00000007a1780000)
  from space 36864K, 13% used [0x00000007a1780000,0x00000007a1c7c090,0x00000007a3b80000)
  to   space 34816K, 0% used [0x00000007aad80000,0x00000007aad80000,0x00000007acf80000)
 ParOldGen       total 271872K, used 156891K [0x0000000680000000, 0x0000000690980000, 0x0000000755580000)
  object space 271872K, 57% used [0x0000000680000000,0x0000000689936c90,0x0000000690980000)
 Metaspace       used 11617K, capacity 11716K, committed 11904K, reserved 1060864K
  class space    used 1287K, capacity 1310K, committed 1408K, reserved 1048576K
}
Event: 23.945 GC heap before
{Heap before GC invocations=34 (full 2):
 PSYoungGen      total 1284096K, used 1252336K [0x0000000755580000, 0x00000007acf80000, 0x00000007c0000000)
  eden space 1247232K, 100% used [0x0000000755580000,0x00000007a1780000,0x00000007a1780000)
  from space 36864K, 13% used [0x00000007a1780000,0x00000007a1c7c090,0x00000007a3b80000)
  to   space 34816K, 0% used [0x00000007aad80000,0x00000007aad80000,0x00000007acf80000)
 ParOldGen       total 271872K, used 156891K [0x0000000680000000, 0x0000000690980000, 0x0000000755580000)
  object space 271872K, 57% used [0x0000000680000000,0x0000000689936c90,0x0000000690980000)
 Metaspace       used 11626K, capacity 11716K, committed 11904K, reserved 1060864K
  class space    used 1287K, capacity 1310K, committed 1408K, reserved 1048576K
Event: 23.960 GC heap after
Heap after GC invocations=34 (full 2):
 PSYoungGen      total 1392640K, used 5104K [0x0000000755580000, 0x00000007ac980000, 0x00000007c0000000)
  eden space 1363968K, 0% used [0x0000000755580000,0x0000000755580000,0x00000007a8980000)
  from space 28672K, 17% used [0x00000007aad80000,0x00000007ab27c0b0,0x00000007ac980000)
  to   space 32768K, 0% used [0x00000007a8980000,0x00000007a8980000,0x00000007aa980000)
 ParOldGen       total 271872K, used 157083K [0x0000000680000000, 0x0000000690980000, 0x0000000755580000)
  object space 271872K, 57% used [0x0000000680000000,0x0000000689966c90,0x0000000690980000)
 Metaspace       used 11626K, capacity 11716K, committed 11904K, reserved 1060864K
  class space    used 1287K, capacity 1310K, committed 1408K, reserved 1048576K
}
Event: 24.547 GC heap before
{Heap before GC invocations=35 (full 2):
 PSYoungGen      total 1392640K, used 1369072K [0x0000000755580000, 0x00000007ac980000, 0x00000007c0000000)
  eden space 1363968K, 100% used [0x0000000755580000,0x00000007a8980000,0x00000007a8980000)
  from space 28672K, 17% used [0x00000007aad80000,0x00000007ab27c0b0,0x00000007ac980000)
  to   space 32768K, 0% used [0x00000007a8980000,0x00000007a8980000,0x00000007aa980000)
 ParOldGen       total 271872K, used 157083K [0x0000000680000000, 0x0000000690980000, 0x0000000755580000)
  object space 271872K, 57% used [0x0000000680000000,0x0000000689966c90,0x0000000690980000)
 Metaspace       used 11629K, capacity 11716K, committed 11904K, reserved 1060864K
  class space    used 1287K, capacity 1310K, committed 1408K, reserved 1048576K

Deoptimization events (10 events):
Event: 16.251 Thread 0x00007fb0a8001800 Uncommon trap: reason=unstable_if action=reinterpret pc=0x00007fb0f0594f14 method=java.util.LinkedList.node(I)Ljava/util/LinkedList$Node; @ 49
Event: 16.252 Thread 0x00007fb034006800 Uncommon trap: reason=class_check action=maybe_recompile pc=0x00007fb0f05a37fc method=rescuecore2.standard.entities.StandardWorldModel.getDistance(Lrescuecore2/standard/entities/StandardEntity;Lrescuecore2/standard/entities/StandardEntity;)I @ 8
Event: 16.293 Thread 0x00007fafe4001000 Uncommon trap: reason=class_check action=maybe_recompile pc=0x00007fb0f05a37fc method=rescuecore2.standard.entities.StandardWorldModel.getDistance(Lrescuecore2/standard/entities/StandardEntity;Lrescuecore2/standard/entities/StandardEntity;)I @ 8
Event: 16.656 Thread 0x00007fb084009800 Uncommon trap: reason=class_check action=maybe_recompile pc=0x00007fb0f05a7c54 method=rescuecore2.worldmodel.AbstractEntity.equals(Ljava/lang/Object;)Z @ 1
Event: 16.677 Thread 0x00007fb0a8001800 Uncommon trap: reason=unstable_if action=reinterpret pc=0x00007fb0f02e1614 method=RSLBench.Algorithms.TeamFormation.TeamSet.dominates(LRSLBench/Algorithms/TeamFormation/TeamSet;)Z @ 32
Event: 16.892 Thread 0x00007fb0e8006000 Uncommon trap: reason=unstable_if action=reinterpret pc=0x00007fb0f0585b10 method=RSLBench.Algorithms.TeamFormation.TeamSet.dominates(LRSLBench/Algorithms/TeamFormation/TeamSet;)Z @ 32
Event: 19.073 Thread 0x00007fb09c1b6800 Uncommon trap: reason=unstable_if action=reinterpret pc=0x00007fb0f059a158 method=RSLBench.Algorithms.TeamFormation.TeamSet.updateK()V @ 64
Event: 19.073 Thread 0x00007fb09c1b6800 Uncommon trap: reason=unstable_if action=reinterpret pc=0x00007fb0f057cb60 method=RSLBench.Algorithms.TeamFormation.TeamSet.updateK()V @ 64
Event: 19.073 Thread 0x00007fb09c1b6800 Uncommon trap: reason=unstable_if action=reinterpret pc=0x00007fb0f05633e4 method=RSLBench.Algorithms.TeamFormation.TeamSet.updateK()V @ 64
Event: 22.367 Thread 0x00007fb0a8001800 Uncommon trap: reason=unstable_if action=reinterpret pc=0x00007fb0f01fe5a4 method=java.util.LinkedList.node(I)Ljava/util/LinkedList$Node; @ 19

Internal exceptions (10 events):
Event: 21.578 Thread 0x00007fb100604000 Exception <a 'java/net/SocketTimeoutException': Read timed out> (0x000000076e218db8) thrown at [/build/java8-openjdk/src/jdk8u-jdk8u144-b01/hotspot/src/share/vm/prims/jni.cpp, line 735]
Event: 21.579 Thread 0x00007fb100609800 Exception <a 'java/net/SocketTimeoutException': Read timed out> (0x000000076e2195e0) thrown at [/build/java8-openjdk/src/jdk8u-jdk8u144-b01/hotspot/src/share/vm/prims/jni.cpp, line 735]
Event: 22.578 Thread 0x00007fb1005db800 Exception <a 'java/net/SocketTimeoutException': Read timed out> (0x0000000790772588) thrown at [/build/java8-openjdk/src/jdk8u-jdk8u144-b01/hotspot/src/share/vm/prims/jni.cpp, line 735]
Event: 22.579 Thread 0x00007fb1005e1000 Exception <a 'java/net/SocketTimeoutException': Read timed out> (0x0000000790772db0) thrown at [/build/java8-openjdk/src/jdk8u-jdk8u144-b01/hotspot/src/share/vm/prims/jni.cpp, line 735]
Event: 22.579 Thread 0x00007fb100604000 Exception <a 'java/net/SocketTimeoutException': Read timed out> (0x00000007907735d8) thrown at [/build/java8-openjdk/src/jdk8u-jdk8u144-b01/hotspot/src/share/vm/prims/jni.cpp, line 735]
Event: 22.580 Thread 0x00007fb100609800 Exception <a 'java/net/SocketTimeoutException': Read timed out> (0x0000000790773e00) thrown at [/build/java8-openjdk/src/jdk8u-jdk8u144-b01/hotspot/src/share/vm/prims/jni.cpp, line 735]
Event: 23.580 Thread 0x00007fb1005db800 Exception <a 'java/net/SocketTimeoutException': Read timed out> (0x000000077be63270) thrown at [/build/java8-openjdk/src/jdk8u-jdk8u144-b01/hotspot/src/share/vm/prims/jni.cpp, line 735]
Event: 23.580 Thread 0x00007fb1005e1000 Exception <a 'java/net/SocketTimeoutException': Read timed out> (0x000000077be63a98) thrown at [/build/java8-openjdk/src/jdk8u-jdk8u144-b01/hotspot/src/share/vm/prims/jni.cpp, line 735]
Event: 23.580 Thread 0x00007fb100604000 Exception <a 'java/net/SocketTimeoutException': Read timed out> (0x000000077be642c0) thrown at [/build/java8-openjdk/src/jdk8u-jdk8u144-b01/hotspot/src/share/vm/prims/jni.cpp, line 735]
Event: 23.582 Thread 0x00007fb100609800 Exception <a 'java/net/SocketTimeoutException': Read timed out> (0x000000077be64ae8) thrown at [/build/java8-openjdk/src/jdk8u-jdk8u144-b01/hotspot/src/share/vm/prims/jni.cpp, line 735]

Events (10 events):
Event: 24.429 Thread 0x00007fb10020f000 flushing nmethod 0x00007fb0f0424c90
Event: 24.429 Thread 0x00007fb10020f000 flushing nmethod 0x00007fb0f0427210
Event: 24.538 Thread 0x00007fb10020d000 flushing nmethod 0x00007fb0f042ce50
Event: 24.538 Thread 0x00007fb10020d000 flushing nmethod 0x00007fb0f042f490
Event: 24.538 Thread 0x00007fb10020d000 flushing nmethod 0x00007fb0f0431010
Event: 24.538 Thread 0x00007fb10020d000 flushing nmethod 0x00007fb0f0434f10
Event: 24.538 Thread 0x00007fb10020d000 flushing nmethod 0x00007fb0f0435550
Event: 24.538 Thread 0x00007fb10020d000 flushing nmethod 0x00007fb0f044ce90
Event: 24.538 Thread 0x00007fb10020d000 flushing nmethod 0x00007fb0f0465bd0
Event: 24.546 Executing VM operation: ParallelGCFailedAllocation


Dynamic libraries:
680000000-690980000 rw-p 00000000 00:00 0 
690980000-755580000 ---p 00000000 00:00 0 
755580000-7ac980000 rw-p 00000000 00:00 0 
7b2680000-7c0000000 ---p 00000000 00:00 0 
7c0000000-7c0160000 rw-p 00000000 00:00 0 
7c0160000-800000000 ---p 00000000 00:00 0 
74d0e68000-74d0e69000 r-xp 00000000 08:12 1053471                        /usr/lib/jvm/java-8-openjdk/jre/bin/java
74d1068000-74d1069000 r--p 00000000 08:12 1053471                        /usr/lib/jvm/java-8-openjdk/jre/bin/java
74d1069000-74d106a000 rw-p 00001000 08:12 1053471                        /usr/lib/jvm/java-8-openjdk/jre/bin/java
74d1f0d000-74d1f4f000 rw-p 00000000 00:00 0                              [heap]
7fafd0000000-7fafd0028000 rw-p 00000000 00:00 0 
7fafd0028000-7fafd4000000 ---p 00000000 00:00 0 
7fafd8000000-7fafd8024000 rw-p 00000000 00:00 0 
7fafd8024000-7fafdc000000 ---p 00000000 00:00 0 
7fafdc000000-7fafdc021000 rw-p 00000000 00:00 0 
7fafdc021000-7fafe0000000 ---p 00000000 00:00 0 
7fafe0000000-7fafe0023000 rw-p 00000000 00:00 0 
7fafe0023000-7fafe4000000 ---p 00000000 00:00 0 
7fafe4000000-7fafe4021000 rw-p 00000000 00:00 0 
7fafe4021000-7fafe8000000 ---p 00000000 00:00 0 
7fafe8000000-7fafe802a000 rw-p 00000000 00:00 0 
7fafe802a000-7fafec000000 ---p 00000000 00:00 0 
7fafec000000-7fafec021000 rw-p 00000000 00:00 0 
7fafec021000-7faff0000000 ---p 00000000 00:00 0 
7faff0000000-7faff0027000 rw-p 00000000 00:00 0 
7faff0027000-7faff4000000 ---p 00000000 00:00 0 
7faff4000000-7faff4021000 rw-p 00000000 00:00 0 
7faff4021000-7faff8000000 ---p 00000000 00:00 0 
7faff8000000-7faff8021000 rw-p 00000000 00:00 0 
7faff8021000-7faffc000000 ---p 00000000 00:00 0 
7faffc000000-7faffc021000 rw-p 00000000 00:00 0 
7faffc021000-7fb000000000 ---p 00000000 00:00 0 
7fb000000000-7fb000021000 rw-p 00000000 00:00 0 
7fb000021000-7fb004000000 ---p 00000000 00:00 0 
7fb004000000-7fb004021000 rw-p 00000000 00:00 0 
7fb004021000-7fb008000000 ---p 00000000 00:00 0 
7fb008000000-7fb008021000 rw-p 00000000 00:00 0 
7fb008021000-7fb00c000000 ---p 00000000 00:00 0 
7fb00c000000-7fb00c021000 rw-p 00000000 00:00 0 
7fb00c021000-7fb010000000 ---p 00000000 00:00 0 
7fb010000000-7fb010024000 rw-p 00000000 00:00 0 
7fb010024000-7fb014000000 ---p 00000000 00:00 0 
7fb014000000-7fb014021000 rw-p 00000000 00:00 0 
7fb014021000-7fb018000000 ---p 00000000 00:00 0 
7fb018000000-7fb018026000 rw-p 00000000 00:00 0 
7fb018026000-7fb01c000000 ---p 00000000 00:00 0 
7fb01c000000-7fb01c021000 rw-p 00000000 00:00 0 
7fb01c021000-7fb020000000 ---p 00000000 00:00 0 
7fb020000000-7fb020023000 rw-p 00000000 00:00 0 
7fb020023000-7fb024000000 ---p 00000000 00:00 0 
7fb024000000-7fb024021000 rw-p 00000000 00:00 0 
7fb024021000-7fb028000000 ---p 00000000 00:00 0 
7fb028000000-7fb028028000 rw-p 00000000 00:00 0 
7fb028028000-7fb02c000000 ---p 00000000 00:00 0 
7fb02c000000-7fb02c021000 rw-p 00000000 00:00 0 
7fb02c021000-7fb030000000 ---p 00000000 00:00 0 
7fb030000000-7fb030025000 rw-p 00000000 00:00 0 
7fb030025000-7fb034000000 ---p 00000000 00:00 0 
7fb034000000-7fb034021000 rw-p 00000000 00:00 0 
7fb034021000-7fb038000000 ---p 00000000 00:00 0 
7fb038000000-7fb038024000 rw-p 00000000 00:00 0 
7fb038024000-7fb03c000000 ---p 00000000 00:00 0 
7fb03c000000-7fb03c021000 rw-p 00000000 00:00 0 
7fb03c021000-7fb040000000 ---p 00000000 00:00 0 
7fb040000000-7fb040023000 rw-p 00000000 00:00 0 
7fb040023000-7fb044000000 ---p 00000000 00:00 0 
7fb044000000-7fb044021000 rw-p 00000000 00:00 0 
7fb044021000-7fb048000000 ---p 00000000 00:00 0 
7fb048000000-7fb048023000 rw-p 00000000 00:00 0 
7fb048023000-7fb04c000000 ---p 00000000 00:00 0 
7fb04c000000-7fb04c021000 rw-p 00000000 00:00 0 
7fb04c021000-7fb050000000 ---p 00000000 00:00 0 
7fb050000000-7fb050023000 rw-p 00000000 00:00 0 
7fb050023000-7fb054000000 ---p 00000000 00:00 0 
7fb054000000-7fb054021000 rw-p 00000000 00:00 0 
7fb054021000-7fb058000000 ---p 00000000 00:00 0 
7fb058000000-7fb058024000 rw-p 00000000 00:00 0 
7fb058024000-7fb05c000000 ---p 00000000 00:00 0 
7fb05c000000-7fb05c021000 rw-p 00000000 00:00 0 
7fb05c021000-7fb060000000 ---p 00000000 00:00 0 
7fb060000000-7fb060024000 rw-p 00000000 00:00 0 
7fb060024000-7fb064000000 ---p 00000000 00:00 0 
7fb064000000-7fb064021000 rw-p 00000000 00:00 0 
7fb064021000-7fb068000000 ---p 00000000 00:00 0 
7fb068000000-7fb068024000 rw-p 00000000 00:00 0 
7fb068024000-7fb06c000000 ---p 00000000 00:00 0 
7fb06c000000-7fb06c021000 rw-p 00000000 00:00 0 
7fb06c021000-7fb070000000 ---p 00000000 00:00 0 
7fb070000000-7fb070021000 rw-p 00000000 00:00 0 
7fb070021000-7fb074000000 ---p 00000000 00:00 0 
7fb074000000-7fb074021000 rw-p 00000000 00:00 0 
7fb074021000-7fb078000000 ---p 00000000 00:00 0 
7fb078000000-7fb078031000 rw-p 00000000 00:00 0 
7fb078031000-7fb07c000000 ---p 00000000 00:00 0 
7fb07c000000-7fb07c021000 rw-p 00000000 00:00 0 
7fb07c021000-7fb080000000 ---p 00000000 00:00 0 
7fb080000000-7fb080021000 rw-p 00000000 00:00 0 
7fb080021000-7fb084000000 ---p 00000000 00:00 0 
7fb084000000-7fb08403a000 rw-p 00000000 00:00 0 
7fb08403a000-7fb088000000 ---p 00000000 00:00 0 
7fb088000000-7fb088522000 rw-p 00000000 00:00 0 
7fb088522000-7fb08c000000 ---p 00000000 00:00 0 
7fb08c000000-7fb08c021000 rw-p 00000000 00:00 0 
7fb08c021000-7fb090000000 ---p 00000000 00:00 0 
7fb090000000-7fb090c73000 rw-p 00000000 00:00 0 
7fb090c73000-7fb094000000 ---p 00000000 00:00 0 
7fb094000000-7fb0951fe000 rw-p 00000000 00:00 0 
7fb0951fe000-7fb098000000 ---p 00000000 00:00 0 
7fb098000000-7fb098021000 rw-p 00000000 00:00 0 
7fb098021000-7fb09c000000 ---p 00000000 00:00 0 
7fb09c000000-7fb09cd2c000 rw-p 00000000 00:00 0 
7fb09cd2c000-7fb0a0000000 ---p 00000000 00:00 0 
7fb0a0000000-7fb0a0021000 rw-p 00000000 00:00 0 
7fb0a0021000-7fb0a4000000 ---p 00000000 00:00 0 
7fb0a4000000-7fb0a4021000 rw-p 00000000 00:00 0 
7fb0a4021000-7fb0a8000000 ---p 00000000 00:00 0 
7fb0a8000000-7fb0a8021000 rw-p 00000000 00:00 0 
7fb0a8021000-7fb0ac000000 ---p 00000000 00:00 0 
7fb0ae000000-7fb0b8000000 rw-p 00000000 00:00 0 
7fb0b8000000-7fb0b8025000 rw-p 00000000 00:00 0 
7fb0b8025000-7fb0bc000000 ---p 00000000 00:00 0 
7fb0c0000000-7fb0c003e000 rw-p 00000000 00:00 0 
7fb0c003e000-7fb0c4000000 ---p 00000000 00:00 0 
7fb0c4000000-7fb0c4021000 rw-p 00000000 00:00 0 
7fb0c4021000-7fb0c8000000 ---p 00000000 00:00 0 
7fb0c8000000-7fb0c8021000 rw-p 00000000 00:00 0 
7fb0c8021000-7fb0cc000000 ---p 00000000 00:00 0 
7fb0d0000000-7fb0d0021000 rw-p 00000000 00:00 0 
7fb0d0021000-7fb0d4000000 ---p 00000000 00:00 0 
7fb0d65e8000-7fb0d6628000 rw-p 00000000 00:00 0 
7fb0d6628000-7fb0d67e8000 ---p 00000000 00:00 0 
7fb0d67e8000-7fb0d67eb000 ---p 00000000 00:00 0 
7fb0d67eb000-7fb0d68e9000 rw-p 00000000 00:00 0 
7fb0d68e9000-7fb0d68ec000 ---p 00000000 00:00 0 
7fb0d68ec000-7fb0d69ea000 rw-p 00000000 00:00 0 
7fb0d69ea000-7fb0d69ed000 ---p 00000000 00:00 0 
7fb0d69ed000-7fb0d6aeb000 rw-p 00000000 00:00 0 
7fb0d6aeb000-7fb0d6aee000 ---p 00000000 00:00 0 
7fb0d6aee000-7fb0d6bec000 rw-p 00000000 00:00 0 
7fb0d6bec000-7fb0d6bef000 ---p 00000000 00:00 0 
7fb0d6bef000-7fb0d6ced000 rw-p 00000000 00:00 0 
7fb0d6ced000-7fb0d6cf0000 ---p 00000000 00:00 0 
7fb0d6cf0000-7fb0d6dee000 rw-p 00000000 00:00 0 
7fb0d6dee000-7fb0d6df1000 ---p 00000000 00:00 0 
7fb0d6df1000-7fb0d6eef000 rw-p 00000000 00:00 0 
7fb0d6eef000-7fb0d6ef2000 ---p 00000000 00:00 0 
7fb0d6ef2000-7fb0d6ff0000 rw-p 00000000 00:00 0 
7fb0d6ff0000-7fb0d6ff3000 ---p 00000000 00:00 0 
7fb0d6ff3000-7fb0d70f1000 rw-p 00000000 00:00 0 
7fb0d70f1000-7fb0d70f4000 ---p 00000000 00:00 0 
7fb0d70f4000-7fb0d71f2000 rw-p 00000000 00:00 0 
7fb0d71f2000-7fb0d71f5000 ---p 00000000 00:00 0 
7fb0d71f5000-7fb0d72f3000 rw-p 00000000 00:00 0 
7fb0d72f3000-7fb0d72f6000 ---p 00000000 00:00 0 
7fb0d72f6000-7fb0d73f4000 rw-p 00000000 00:00 0 
7fb0d73f4000-7fb0d73f7000 ---p 00000000 00:00 0 
7fb0d73f7000-7fb0d74f5000 rw-p 00000000 00:00 0 
7fb0d74f5000-7fb0d74f8000 ---p 00000000 00:00 0 
7fb0d74f8000-7fb0d75f6000 rw-p 00000000 00:00 0 
7fb0d75f6000-7fb0d75f9000 ---p 00000000 00:00 0 
7fb0d75f9000-7fb0d76f7000 rw-p 00000000 00:00 0 
7fb0d76f7000-7fb0d76fa000 ---p 00000000 00:00 0 
7fb0d76fa000-7fb0d77f8000 rw-p 00000000 00:00 0 
7fb0d77f8000-7fb0d77fb000 ---p 00000000 00:00 0 
7fb0d77fb000-7fb0d78f9000 rw-p 00000000 00:00 0 
7fb0d78f9000-7fb0d78fc000 ---p 00000000 00:00 0 
7fb0d78fc000-7fb0d79fa000 rw-p 00000000 00:00 0 
7fb0d79fa000-7fb0d79fd000 ---p 00000000 00:00 0 
7fb0d79fd000-7fb0d7afb000 rw-p 00000000 00:00 0 
7fb0d7afb000-7fb0d7afe000 ---p 00000000 00:00 0 
7fb0d7afe000-7fb0d7bfc000 rw-p 00000000 00:00 0 
7fb0d7bfc000-7fb0d7bff000 ---p 00000000 00:00 0 
7fb0d7bff000-7fb0d7cfd000 rw-p 00000000 00:00 0 
7fb0d7cfd000-7fb0d7d00000 ---p 00000000 00:00 0 
7fb0d7d00000-7fb0d7dfe000 rw-p 00000000 00:00 0 
7fb0d7dfe000-7fb0d7e01000 ---p 00000000 00:00 0 
7fb0d7e01000-7fb0d7eff000 rw-p 00000000 00:00 0 
7fb0d7eff000-7fb0d7f02000 ---p 00000000 00:00 0 
7fb0d7f02000-7fb0d8000000 rw-p 00000000 00:00 0 
7fb0d8000000-7fb0d8093000 rw-p 00000000 00:00 0 
7fb0d8093000-7fb0dc000000 ---p 00000000 00:00 0 
7fb0dc0c1000-7fb0dc0c4000 ---p 00000000 00:00 0 
7fb0dc0c4000-7fb0dc1c2000 rw-p 00000000 00:00 0 
7fb0dc1c2000-7fb0dc1c5000 ---p 00000000 00:00 0 
7fb0dc1c5000-7fb0dc2c3000 rw-p 00000000 00:00 0 
7fb0dc2c3000-7fb0dc2c6000 ---p 00000000 00:00 0 
7fb0dc2c6000-7fb0dc3c4000 rw-p 00000000 00:00 0 
7fb0dc3c4000-7fb0dc3c7000 ---p 00000000 00:00 0 
7fb0dc3c7000-7fb0dc4c5000 rw-p 00000000 00:00 0 
7fb0dc4c5000-7fb0dc4c8000 ---p 00000000 00:00 0 
7fb0dc4c8000-7fb0dc5c6000 rw-p 00000000 00:00 0 
7fb0dc5c6000-7fb0dc5c9000 ---p 00000000 00:00 0 
7fb0dc5c9000-7fb0dc6c7000 rw-p 00000000 00:00 0 
7fb0dc6c7000-7fb0dc6ca000 ---p 00000000 00:00 0 
7fb0dc6ca000-7fb0dc7c8000 rw-p 00000000 00:00 0 
7fb0dc7c8000-7fb0dc7cb000 ---p 00000000 00:00 0 
7fb0dc7cb000-7fb0dc8c9000 rw-p 00000000 00:00 0 
7fb0dc8c9000-7fb0dc8cc000 ---p 00000000 00:00 0 
7fb0dc8cc000-7fb0dc9ca000 rw-p 00000000 00:00 0 
7fb0dc9ca000-7fb0dc9cd000 ---p 00000000 00:00 0 
7fb0dc9cd000-7fb0dcacb000 rw-p 00000000 00:00 0 
7fb0dcacb000-7fb0dcace000 ---p 00000000 00:00 0 
7fb0dcace000-7fb0dcbcc000 rw-p 00000000 00:00 0 
7fb0dcbcc000-7fb0dcbcf000 ---p 00000000 00:00 0 
7fb0dcbcf000-7fb0dcccd000 rw-p 00000000 00:00 0 
7fb0dcccd000-7fb0dccd0000 ---p 00000000 00:00 0 
7fb0dccd0000-7fb0dcdce000 rw-p 00000000 00:00 0 
7fb0dcdce000-7fb0dcdd1000 ---p 00000000 00:00 0 
7fb0dcdd1000-7fb0dcecf000 rw-p 00000000 00:00 0 
7fb0dcecf000-7fb0dced2000 ---p 00000000 00:00 0 
7fb0dced2000-7fb0dcfd0000 rw-p 00000000 00:00 0 
7fb0dcfd0000-7fb0dcfd3000 ---p 00000000 00:00 0 
7fb0dcfd3000-7fb0dd0d1000 rw-p 00000000 00:00 0 
7fb0dd0d1000-7fb0dd0d4000 ---p 00000000 00:00 0 
7fb0dd0d4000-7fb0dd1d2000 rw-p 00000000 00:00 0 
7fb0dd1d2000-7fb0dd1d5000 ---p 00000000 00:00 0 
7fb0dd1d5000-7fb0dd2d3000 rw-p 00000000 00:00 0 
7fb0dd2d3000-7fb0dd2d6000 ---p 00000000 00:00 0 
7fb0dd2d6000-7fb0dd3d4000 rw-p 00000000 00:00 0 
7fb0dd3d4000-7fb0dd3d7000 ---p 00000000 00:00 0 
7fb0dd3d7000-7fb0dd4d5000 rw-p 00000000 00:00 0 
7fb0dd4d5000-7fb0dd4d8000 ---p 00000000 00:00 0 
7fb0dd4d8000-7fb0dd5d6000 rw-p 00000000 00:00 0 
7fb0dd5d6000-7fb0dd5d9000 ---p 00000000 00:00 0 
7fb0dd5d9000-7fb0dd6d7000 rw-p 00000000 00:00 0 
7fb0dd6d7000-7fb0dd6da000 ---p 00000000 00:00 0 
7fb0dd6da000-7fb0dd7d8000 rw-p 00000000 00:00 0 
7fb0dd7d8000-7fb0dd7db000 ---p 00000000 00:00 0 
7fb0dd7db000-7fb0dd8d9000 rw-p 00000000 00:00 0 
7fb0dd8d9000-7fb0dd8dc000 ---p 00000000 00:00 0 
7fb0dd8dc000-7fb0dd9da000 rw-p 00000000 00:00 0 
7fb0dd9da000-7fb0dd9dd000 ---p 00000000 00:00 0 
7fb0dd9dd000-7fb0ddadb000 rw-p 00000000 00:00 0 
7fb0ddadb000-7fb0ddade000 ---p 00000000 00:00 0 
7fb0ddade000-7fb0ddbdc000 rw-p 00000000 00:00 0 
7fb0ddbdc000-7fb0ddbdf000 ---p 00000000 00:00 0 
7fb0ddbdf000-7fb0ddcdd000 rw-p 00000000 00:00 0 
7fb0ddcdd000-7fb0ddce0000 ---p 00000000 00:00 0 
7fb0ddce0000-7fb0dddde000 rw-p 00000000 00:00 0 
7fb0dddde000-7fb0ddde1000 ---p 00000000 00:00 0 
7fb0ddde1000-7fb0ddedf000 rw-p 00000000 00:00 0 
7fb0ddedf000-7fb0ddee2000 ---p 00000000 00:00 0 
7fb0ddee2000-7fb0ddfe0000 rw-p 00000000 00:00 0 
7fb0ddfe0000-7fb0ddfe3000 ---p 00000000 00:00 0 
7fb0ddfe3000-7fb0de0e1000 rw-p 00000000 00:00 0 
7fb0de0e1000-7fb0de0e4000 ---p 00000000 00:00 0 
7fb0de0e4000-7fb0de1e2000 rw-p 00000000 00:00 0 
7fb0de1e2000-7fb0de1e5000 ---p 00000000 00:00 0 
7fb0de1e5000-7fb0de2e3000 rw-p 00000000 00:00 0 
7fb0de2e3000-7fb0de2e6000 ---p 00000000 00:00 0 
7fb0de2e6000-7fb0de3e4000 rw-p 00000000 00:00 0 
7fb0de3e4000-7fb0de3e7000 ---p 00000000 00:00 0 
7fb0de3e7000-7fb0de4e5000 rw-p 00000000 00:00 0 
7fb0de4e5000-7fb0de4e8000 ---p 00000000 00:00 0 
7fb0de4e8000-7fb0de5e6000 rw-p 00000000 00:00 0 
7fb0de5e6000-7fb0de5e9000 ---p 00000000 00:00 0 
7fb0de5e9000-7fb0de6e7000 rw-p 00000000 00:00 0 
7fb0de6e7000-7fb0de6ea000 ---p 00000000 00:00 0 
7fb0de6ea000-7fb0de7e8000 rw-p 00000000 00:00 0 
7fb0de7e8000-7fb0de7eb000 ---p 00000000 00:00 0 
7fb0de7eb000-7fb0de8e9000 rw-p 00000000 00:00 0 
7fb0de8e9000-7fb0de8ec000 ---p 00000000 00:00 0 
7fb0de8ec000-7fb0de9ea000 rw-p 00000000 00:00 0 
7fb0de9ea000-7fb0de9ed000 ---p 00000000 00:00 0 
7fb0de9ed000-7fb0deaeb000 rw-p 00000000 00:00 0 
7fb0deaeb000-7fb0deaee000 ---p 00000000 00:00 0 
7fb0deaee000-7fb0debec000 rw-p 00000000 00:00 0 
7fb0debec000-7fb0debef000 ---p 00000000 00:00 0 
7fb0debef000-7fb0deced000 rw-p 00000000 00:00 0 
7fb0deced000-7fb0decf0000 ---p 00000000 00:00 0 
7fb0decf0000-7fb0dedee000 rw-p 00000000 00:00 0 
7fb0dedee000-7fb0dedf1000 ---p 00000000 00:00 0 
7fb0dedf1000-7fb0deeef000 rw-p 00000000 00:00 0 
7fb0deeef000-7fb0deef2000 ---p 00000000 00:00 0 
7fb0deef2000-7fb0deff0000 rw-p 00000000 00:00 0 
7fb0deff0000-7fb0deff3000 ---p 00000000 00:00 0 
7fb0deff3000-7fb0df0f1000 rw-p 00000000 00:00 0 
7fb0df0f1000-7fb0df0f4000 ---p 00000000 00:00 0 
7fb0df0f4000-7fb0df1f2000 rw-p 00000000 00:00 0 
7fb0df1f2000-7fb0df1f5000 ---p 00000000 00:00 0 
7fb0df1f5000-7fb0df2f3000 rw-p 00000000 00:00 0 
7fb0df2f3000-7fb0df2f6000 ---p 00000000 00:00 0 
7fb0df2f6000-7fb0df3f4000 rw-p 00000000 00:00 0 
7fb0df3f4000-7fb0df3f7000 ---p 00000000 00:00 0 
7fb0df3f7000-7fb0df4f5000 rw-p 00000000 00:00 0 
7fb0df4f5000-7fb0df4f8000 ---p 00000000 00:00 0 
7fb0df4f8000-7fb0df5f6000 rw-p 00000000 00:00 0 
7fb0df5f6000-7fb0df5f9000 ---p 00000000 00:00 0 
7fb0df5f9000-7fb0df6f7000 rw-p 00000000 00:00 0 
7fb0df6f7000-7fb0df6fa000 ---p 00000000 00:00 0 
7fb0df6fa000-7fb0df7f8000 rw-p 00000000 00:00 0 
7fb0df7f8000-7fb0df7fb000 ---p 00000000 00:00 0 
7fb0df7fb000-7fb0df8f9000 rw-p 00000000 00:00 0 
7fb0df8f9000-7fb0df8fc000 ---p 00000000 00:00 0 
7fb0df8fc000-7fb0df9fa000 rw-p 00000000 00:00 0 
7fb0df9fa000-7fb0df9fd000 ---p 00000000 00:00 0 
7fb0df9fd000-7fb0dfafb000 rw-p 00000000 00:00 0 
7fb0dfafb000-7fb0dfafe000 ---p 00000000 00:00 0 
7fb0dfafe000-7fb0dfbfc000 rw-p 00000000 00:00 0 
7fb0dfbfc000-7fb0dfbff000 ---p 00000000 00:00 0 
7fb0dfbff000-7fb0dfcfd000 rw-p 00000000 00:00 0 
7fb0dfcfd000-7fb0dfd00000 ---p 00000000 00:00 0 
7fb0dfd00000-7fb0dfdfe000 rw-p 00000000 00:00 0 
7fb0dfdfe000-7fb0dfe01000 ---p 00000000 00:00 0 
7fb0dfe01000-7fb0dfeff000 rw-p 00000000 00:00 0 
7fb0dfeff000-7fb0dff02000 ---p 00000000 00:00 0 
7fb0dff02000-7fb0e0000000 rw-p 00000000 00:00 0 
7fb0e0000000-7fb0e0023000 rw-p 00000000 00:00 0 
7fb0e0023000-7fb0e4000000 ---p 00000000 00:00 0 
7fb0e40d8000-7fb0e40db000 ---p 00000000 00:00 0 
7fb0e40db000-7fb0e41d9000 rw-p 00000000 00:00 0 
7fb0e41d9000-7fb0e41dc000 ---p 00000000 00:00 0 
7fb0e41dc000-7fb0e42da000 rw-p 00000000 00:00 0 
7fb0e42da000-7fb0e42dd000 ---p 00000000 00:00 0 
7fb0e42dd000-7fb0e43db000 rw-p 00000000 00:00 0 
7fb0e43db000-7fb0e43de000 ---p 00000000 00:00 0 
7fb0e43de000-7fb0e44dc000 rw-p 00000000 00:00 0 
7fb0e44dc000-7fb0e44df000 ---p 00000000 00:00 0 
7fb0e44df000-7fb0e45dd000 rw-p 00000000 00:00 0 
7fb0e45dd000-7fb0e45e0000 ---p 00000000 00:00 0 
7fb0e45e0000-7fb0e46de000 rw-p 00000000 00:00 0 
7fb0e46de000-7fb0e46e1000 ---p 00000000 00:00 0 
7fb0e46e1000-7fb0e47df000 rw-p 00000000 00:00 0 
7fb0e47df000-7fb0e47e2000 ---p 00000000 00:00 0 
7fb0e47e2000-7fb0e48e0000 rw-p 00000000 00:00 0 
7fb0e48e0000-7fb0e48e3000 ---p 00000000 00:00 0 
7fb0e48e3000-7fb0e49e1000 rw-p 00000000 00:00 0 
7fb0e49e1000-7fb0e49e4000 ---p 00000000 00:00 0 
7fb0e49e4000-7fb0e4ae2000 rw-p 00000000 00:00 0 
7fb0e4ae2000-7fb0e4ae5000 ---p 00000000 00:00 0 
7fb0e4ae5000-7fb0e4be3000 rw-p 00000000 00:00 0 
7fb0e4be3000-7fb0e4be6000 ---p 00000000 00:00 0 
7fb0e4be6000-7fb0e4ce4000 rw-p 00000000 00:00 0 
7fb0e4d0e000-7fb0e4d11000 ---p 00000000 00:00 0 
7fb0e4d11000-7fb0e4e0f000 rw-p 00000000 00:00 0 
7fb0e4e0f000-7fb0e4e12000 ---p 00000000 00:00 0 
7fb0e4e12000-7fb0e4f10000 rw-p 00000000 00:00 0 
7fb0e4f10000-7fb0e4f13000 ---p 00000000 00:00 0 
7fb0e4f13000-7fb0e5011000 rw-p 00000000 00:00 0 
7fb0e5011000-7fb0e5014000 ---p 00000000 00:00 0 
7fb0e5014000-7fb0e5112000 rw-p 00000000 00:00 0 
7fb0e5112000-7fb0e5115000 ---p 00000000 00:00 0 
7fb0e5115000-7fb0e5213000 rw-p 00000000 00:00 0 
7fb0e5213000-7fb0e5216000 ---p 00000000 00:00 0 
7fb0e5216000-7fb0e5314000 rw-p 00000000 00:00 0 
7fb0e5314000-7fb0e5317000 ---p 00000000 00:00 0 
7fb0e5317000-7fb0e5415000 rw-p 00000000 00:00 0 
7fb0e5415000-7fb0e5418000 ---p 00000000 00:00 0 
7fb0e5418000-7fb0e5516000 rw-p 00000000 00:00 0 
7fb0e5516000-7fb0e5519000 ---p 00000000 00:00 0 
7fb0e5519000-7fb0e5617000 rw-p 00000000 00:00 0 
7fb0e5617000-7fb0e561a000 ---p 00000000 00:00 0 
7fb0e561a000-7fb0e5718000 rw-p 00000000 00:00 0 
7fb0e5718000-7fb0e571b000 ---p 00000000 00:00 0 
7fb0e571b000-7fb0e5819000 rw-p 00000000 00:00 0 
7fb0e5819000-7fb0e581c000 ---p 00000000 00:00 0 
7fb0e581c000-7fb0e591a000 rw-p 00000000 00:00 0 
7fb0e591a000-7fb0e591d000 ---p 00000000 00:00 0 
7fb0e591d000-7fb0e5a1b000 rw-p 00000000 00:00 0 
7fb0e5a1b000-7fb0e5a1e000 ---p 00000000 00:00 0 
7fb0e5a1e000-7fb0e5b1c000 rw-p 00000000 00:00 0 
7fb0e5b1c000-7fb0e5b1f000 ---p 00000000 00:00 0 
7fb0e5b1f000-7fb0e5c1d000 rw-p 00000000 00:00 0 
7fb0e5c1d000-7fb0e5c20000 ---p 00000000 00:00 0 
7fb0e5c20000-7fb0e5d1e000 rw-p 00000000 00:00 0 
7fb0e5d1e000-7fb0e5d21000 ---p 00000000 00:00 0 
7fb0e5d21000-7fb0e601f000 rw-p 00000000 00:00 0 
7fb0e601f000-7fb0e6030000 r-xp 00000000 08:12 1054204                    /usr/lib/jvm/java-8-openjdk/jre/lib/amd64/libnio.so
7fb0e6030000-7fb0e6230000 ---p 00011000 08:12 1054204                    /usr/lib/jvm/java-8-openjdk/jre/lib/amd64/libnio.so
7fb0e6230000-7fb0e6231000 r--p 00011000 08:12 1054204                    /usr/lib/jvm/java-8-openjdk/jre/lib/amd64/libnio.so
7fb0e6231000-7fb0e6232000 rw-p 00012000 08:12 1054204                    /usr/lib/jvm/java-8-openjdk/jre/lib/amd64/libnio.so
7fb0e6232000-7fb0e6249000 r-xp 00000000 08:12 1054201                    /usr/lib/jvm/java-8-openjdk/jre/lib/amd64/libnet.so
7fb0e6249000-7fb0e6448000 ---p 00017000 08:12 1054201                    /usr/lib/jvm/java-8-openjdk/jre/lib/amd64/libnet.so
7fb0e6448000-7fb0e6449000 r--p 00016000 08:12 1054201                    /usr/lib/jvm/java-8-openjdk/jre/lib/amd64/libnet.so
7fb0e6449000-7fb0e644a000 rw-p 00017000 08:12 1054201                    /usr/lib/jvm/java-8-openjdk/jre/lib/amd64/libnet.so
7fb0e644a000-7fb0e6452000 r-xp 00000000 08:12 1054205                    /usr/lib/jvm/java-8-openjdk/jre/lib/amd64/libmanagement.so
7fb0e6452000-7fb0e6652000 ---p 00008000 08:12 1054205                    /usr/lib/jvm/java-8-openjdk/jre/lib/amd64/libmanagement.so
7fb0e6652000-7fb0e6653000 r--p 00008000 08:12 1054205                    /usr/lib/jvm/java-8-openjdk/jre/lib/amd64/libmanagement.so
7fb0e6653000-7fb0e6654000 rw-p 00009000 08:12 1054205                    /usr/lib/jvm/java-8-openjdk/jre/lib/amd64/libmanagement.so
7fb0e6654000-7fb0e6655000 ---p 00000000 00:00 0 
7fb0e6655000-7fb0e6755000 rw-p 00000000 00:00 0 
7fb0e6755000-7fb0e6758000 ---p 00000000 00:00 0 
7fb0e6758000-7fb0e6856000 rw-p 00000000 00:00 0 
7fb0e6856000-7fb0e6859000 ---p 00000000 00:00 0 
7fb0e6859000-7fb0e6957000 rw-p 00000000 00:00 0 
7fb0e6957000-7fb0e695a000 ---p 00000000 00:00 0 
7fb0e695a000-7fb0e6a58000 rw-p 00000000 00:00 0 
7fb0e6a58000-7fb0e6a5b000 ---p 00000000 00:00 0 
7fb0e6a5b000-7fb0e6b59000 rw-p 00000000 00:00 0 
7fb0e6b59000-7fb0e6b5c000 ---p 00000000 00:00 0 
7fb0e6b5c000-7fb0e6c5a000 rw-p 00000000 00:00 0 
7fb0e6c5a000-7fb0e6c5d000 ---p 00000000 00:00 0 
7fb0e6c5d000-7fb0e6d5b000 rw-p 00000000 00:00 0 
7fb0e6d5b000-7fb0e6ff0000 r--p 00000000 08:12 272564                     /usr/lib/locale/locale-archive
7fb0e6ff0000-7fb0e6ff3000 ---p 00000000 00:00 0 
7fb0e6ff3000-7fb0e70f1000 rw-p 00000000 00:00 0 
7fb0e70f1000-7fb0e70f4000 ---p 00000000 00:00 0 
7fb0e70f4000-7fb0e71f2000 rw-p 00000000 00:00 0 
7fb0e71f2000-7fb0e71f3000 ---p 00000000 00:00 0 
7fb0e71f3000-7fb0e8000000 rw-p 00000000 00:00 0 
7fb0e8000000-7fb0e8021000 rw-p 00000000 00:00 0 
7fb0e8021000-7fb0ec000000 ---p 00000000 00:00 0 
7fb0ec077000-7fb0ec084000 r--s 0008b000 08:12 2887115                    /home/abde/Desktop/TeamFormation/RSLB2/dist/lib/log4j-core-2.0-beta7.jar
7fb0ec084000-7fb0ec0ac000 r--s 00241000 08:12 2887105                    /home/abde/Desktop/TeamFormation/RSLB2/dist/lib/trove-3.0.3.jar
7fb0ec0ac000-7fb0eceba000 rw-p 00000000 00:00 0 
7fb0eceba000-7fb0ed088000 r--s 03c15000 08:12 1053491                    /usr/lib/jvm/java-8-openjdk/jre/lib/rt.jar
7fb0ed088000-7fb0ee2fe000 rw-p 00000000 00:00 0 
7fb0ee2fe000-7fb0ee2ff000 ---p 00000000 00:00 0 
7fb0ee2ff000-7fb0ee3ff000 rw-p 00000000 00:00 0 
7fb0ee3ff000-7fb0ee400000 ---p 00000000 00:00 0 
7fb0ee400000-7fb0ee500000 rw-p 00000000 00:00 0 
7fb0ee500000-7fb0ee501000 ---p 00000000 00:00 0 
7fb0ee501000-7fb0ee601000 rw-p 00000000 00:00 0 
7fb0ee601000-7fb0ee602000 ---p 00000000 00:00 0 
7fb0ee602000-7fb0ee702000 rw-p 00000000 00:00 0 
7fb0ee702000-7fb0ee703000 ---p 00000000 00:00 0 
7fb0ee703000-7fb0ee803000 rw-p 00000000 00:00 0 
7fb0ee803000-7fb0ee804000 ---p 00000000 00:00 0 
7fb0ee804000-7fb0ee904000 rw-p 00000000 00:00 0 
7fb0ee904000-7fb0ee905000 ---p 00000000 00:00 0 
7fb0ee905000-7fb0eea05000 rw-p 00000000 00:00 0 
7fb0eea05000-7fb0eea06000 ---p 00000000 00:00 0 
7fb0eea06000-7fb0eeb8b000 rw-p 00000000 00:00 0 
7fb0eeb8b000-7fb0ef1b1000 ---p 00000000 00:00 0 
7fb0ef1b1000-7fb0ef236000 rw-p 00000000 00:00 0 
7fb0ef236000-7fb0ef85b000 ---p 00000000 00:00 0 
7fb0ef85b000-7fb0efb16000 rw-p 00000000 00:00 0 
7fb0efb16000-7fb0efbb1000 ---p 00000000 00:00 0 
7fb0efbb1000-7fb0efbcf000 rw-p 00000000 00:00 0 
7fb0efbcf000-7fb0eff72000 ---p 00000000 00:00 0 
7fb0eff72000-7fb0f0692000 rwxp 00000000 00:00 0 
7fb0f0692000-7fb0fef72000 ---p 00000000 00:00 0 
7fb0fef72000-7fb0fef7a000 r-xp 00000000 08:12 1054208                    /usr/lib/jvm/java-8-openjdk/jre/lib/amd64/libzip.so
7fb0fef7a000-7fb0ff179000 ---p 00008000 08:12 1054208                    /usr/lib/jvm/java-8-openjdk/jre/lib/amd64/libzip.so
7fb0ff179000-7fb0ff17a000 r--p 00007000 08:12 1054208                    /usr/lib/jvm/java-8-openjdk/jre/lib/amd64/libzip.so
7fb0ff17a000-7fb0ff17b000 rw-p 00008000 08:12 1054208                    /usr/lib/jvm/java-8-openjdk/jre/lib/amd64/libzip.so
7fb0ff17b000-7fb0ff186000 r-xp 00000000 08:12 269633                     /usr/lib/libnss_files-2.25.so
7fb0ff186000-7fb0ff385000 ---p 0000b000 08:12 269633                     /usr/lib/libnss_files-2.25.so
7fb0ff385000-7fb0ff386000 r--p 0000a000 08:12 269633                     /usr/lib/libnss_files-2.25.so
7fb0ff386000-7fb0ff387000 rw-p 0000b000 08:12 269633                     /usr/lib/libnss_files-2.25.so
7fb0ff387000-7fb0ff38d000 rw-p 00000000 00:00 0 
7fb0ff38d000-7fb0ff398000 r-xp 00000000 08:12 267656                     /usr/lib/libnss_nis-2.25.so
7fb0ff398000-7fb0ff597000 ---p 0000b000 08:12 267656                     /usr/lib/libnss_nis-2.25.so
7fb0ff597000-7fb0ff598000 r--p 0000a000 08:12 267656                     /usr/lib/libnss_nis-2.25.so
7fb0ff598000-7fb0ff599000 rw-p 0000b000 08:12 267656                     /usr/lib/libnss_nis-2.25.so
7fb0ff599000-7fb0ff5ae000 r-xp 00000000 08:12 267654                     /usr/lib/libnsl-2.25.so
7fb0ff5ae000-7fb0ff7ad000 ---p 00015000 08:12 267654                     /usr/lib/libnsl-2.25.so
7fb0ff7ad000-7fb0ff7ae000 r--p 00014000 08:12 267654                     /usr/lib/libnsl-2.25.so
7fb0ff7ae000-7fb0ff7af000 rw-p 00015000 08:12 267654                     /usr/lib/libnsl-2.25.so
7fb0ff7af000-7fb0ff7b1000 rw-p 00000000 00:00 0 
7fb0ff7b1000-7fb0ff7b8000 r-xp 00000000 08:12 267666                     /usr/lib/libnss_compat-2.25.so
7fb0ff7b8000-7fb0ff9b7000 ---p 00007000 08:12 267666                     /usr/lib/libnss_compat-2.25.so
7fb0ff9b7000-7fb0ff9b8000 r--p 00006000 08:12 267666                     /usr/lib/libnss_compat-2.25.so
7fb0ff9b8000-7fb0ff9b9000 rw-p 00007000 08:12 267666                     /usr/lib/libnss_compat-2.25.so
7fb0ff9b9000-7fb0ff9e7000 r-xp 00000000 08:12 1054179                    /usr/lib/jvm/java-8-openjdk/jre/lib/amd64/libjava.so
7fb0ff9e7000-7fb0ffbe6000 ---p 0002e000 08:12 1054179                    /usr/lib/jvm/java-8-openjdk/jre/lib/amd64/libjava.so
7fb0ffbe6000-7fb0ffbe7000 r--p 0002d000 08:12 1054179                    /usr/lib/jvm/java-8-openjdk/jre/lib/amd64/libjava.so
7fb0ffbe7000-7fb0ffbe9000 rw-p 0002e000 08:12 1054179                    /usr/lib/jvm/java-8-openjdk/jre/lib/amd64/libjava.so
7fb0ffbe9000-7fb0ffbf6000 r-xp 00000000 08:12 1054168                    /usr/lib/jvm/java-8-openjdk/jre/lib/amd64/libverify.so
7fb0ffbf6000-7fb0ffdf5000 ---p 0000d000 08:12 1054168                    /usr/lib/jvm/java-8-openjdk/jre/lib/amd64/libverify.so
7fb0ffdf5000-7fb0ffdf7000 r--p 0000c000 08:12 1054168                    /usr/lib/jvm/java-8-openjdk/jre/lib/amd64/libverify.so
7fb0ffdf7000-7fb0ffdf8000 rw-p 0000e000 08:12 1054168                    /usr/lib/jvm/java-8-openjdk/jre/lib/amd64/libverify.so
7fb0ffdf8000-7fb0ffdff000 r-xp 00000000 08:12 267482                     /usr/lib/librt-2.25.so
7fb0ffdff000-7fb0ffffe000 ---p 00007000 08:12 267482                     /usr/lib/librt-2.25.so
7fb0ffffe000-7fb0fffff000 r--p 00006000 08:12 267482                     /usr/lib/librt-2.25.so
7fb0fffff000-7fb100000000 rw-p 00007000 08:12 267482                     /usr/lib/librt-2.25.so
7fb100000000-7fb10062e000 rw-p 00000000 00:00 0 
7fb10062e000-7fb104000000 ---p 00000000 00:00 0 
7fb104002000-7fb104050000 rw-p 00000000 00:00 0 
7fb104050000-7fb104161000 r-xp 00000000 08:12 269637                     /usr/lib/libm-2.25.so
7fb104161000-7fb104360000 ---p 00111000 08:12 269637                     /usr/lib/libm-2.25.so
7fb104360000-7fb104361000 r--p 00110000 08:12 269637                     /usr/lib/libm-2.25.so
7fb104361000-7fb104362000 rw-p 00111000 08:12 269637                     /usr/lib/libm-2.25.so
7fb104362000-7fb105005000 r-xp 00000000 08:12 1054213                    /usr/lib/jvm/java-8-openjdk/jre/lib/amd64/server/libjvm.so
7fb105005000-7fb105205000 ---p 00ca3000 08:12 1054213                    /usr/lib/jvm/java-8-openjdk/jre/lib/amd64/server/libjvm.so
7fb105205000-7fb105299000 r--p 00ca3000 08:12 1054213                    /usr/lib/jvm/java-8-openjdk/jre/lib/amd64/server/libjvm.so
7fb105299000-7fb1052c1000 rw-p 00d37000 08:12 1054213                    /usr/lib/jvm/java-8-openjdk/jre/lib/amd64/server/libjvm.so
7fb1052c1000-7fb1052f2000 rw-p 00000000 00:00 0 
7fb1052f2000-7fb10548f000 r-xp 00000000 08:12 267674                     /usr/lib/libc-2.25.so
7fb10548f000-7fb10568e000 ---p 0019d000 08:12 267674                     /usr/lib/libc-2.25.so
7fb10568e000-7fb105692000 r--p 0019c000 08:12 267674                     /usr/lib/libc-2.25.so
7fb105692000-7fb105694000 rw-p 001a0000 08:12 267674                     /usr/lib/libc-2.25.so
7fb105694000-7fb105698000 rw-p 00000000 00:00 0 
7fb105698000-7fb10569b000 r-xp 00000000 08:12 269630                     /usr/lib/libdl-2.25.so
7fb10569b000-7fb10589a000 ---p 00003000 08:12 269630                     /usr/lib/libdl-2.25.so
7fb10589a000-7fb10589b000 r--p 00002000 08:12 269630                     /usr/lib/libdl-2.25.so
7fb10589b000-7fb10589c000 rw-p 00003000 08:12 269630                     /usr/lib/libdl-2.25.so
7fb10589c000-7fb1058aa000 r-xp 00000000 08:12 1054216                    /usr/lib/jvm/java-8-openjdk/jre/lib/amd64/jli/libjli.so
7fb1058aa000-7fb105aa9000 ---p 0000e000 08:12 1054216                    /usr/lib/jvm/java-8-openjdk/jre/lib/amd64/jli/libjli.so
7fb105aa9000-7fb105aaa000 r--p 0000d000 08:12 1054216                    /usr/lib/jvm/java-8-openjdk/jre/lib/amd64/jli/libjli.so
7fb105aaa000-7fb105aab000 rw-p 0000e000 08:12 1054216                    /usr/lib/jvm/java-8-openjdk/jre/lib/amd64/jli/libjli.so
7fb105aab000-7fb105ac1000 r-xp 00000000 08:12 263860                     /usr/lib/libz.so.1.2.11
7fb105ac1000-7fb105cc0000 ---p 00016000 08:12 263860                     /usr/lib/libz.so.1.2.11
7fb105cc0000-7fb105cc1000 r--p 00015000 08:12 263860                     /usr/lib/libz.so.1.2.11
7fb105cc1000-7fb105cc2000 rw-p 00016000 08:12 263860                     /usr/lib/libz.so.1.2.11
7fb105cc2000-7fb105cdb000 r-xp 00000000 08:12 267497                     /usr/lib/libpthread-2.25.so
7fb105cdb000-7fb105eda000 ---p 00019000 08:12 267497                     /usr/lib/libpthread-2.25.so
7fb105eda000-7fb105edb000 r--p 00018000 08:12 267497                     /usr/lib/libpthread-2.25.so
7fb105edb000-7fb105edc000 rw-p 00019000 08:12 267497                     /usr/lib/libpthread-2.25.so
7fb105edc000-7fb105ee0000 rw-p 00000000 00:00 0 
7fb105ee0000-7fb105f03000 r-xp 00000000 08:12 267642                     /usr/lib/ld-2.25.so
7fb105f05000-7fb105f07000 r--s 00007000 08:12 2887122                    /home/abde/Desktop/TeamFormation/RSLB2/dist/lib/log4j-1.2-api-2.0-beta7.jar
7fb105f07000-7fb105f0b000 r--s 00011000 08:12 2887114                    /home/abde/Desktop/TeamFormation/RSLB2/dist/lib/bms-1.0.1-SNAPSHOT-all.jar
7fb105f0b000-7fb105f10000 r--s 0005b000 08:12 2887113                    /home/abde/Desktop/TeamFormation/RSLB2/dist/lib/mapdb-0.9.9.jar
7fb105f10000-7fb105f12000 r--s 0000e000 08:12 2890958                    /home/abde/Desktop/TeamFormation/RSLB2/dist/lib/MaxSum.jar
7fb105f12000-7fb105fd1000 rw-p 00000000 00:00 0 
7fb105fd1000-7fb105fd4000 ---p 00000000 00:00 0 
7fb105fd4000-7fb1060d4000 rw-p 00000000 00:00 0 
7fb1060d5000-7fb1060dc000 r--s 0007e000 08:12 2888170                    /home/abde/Desktop/TeamFormation/RSLB2/dist/lib/standard.jar
7fb1060dc000-7fb1060e3000 r--s 0004c000 08:12 2887111                    /home/abde/Desktop/TeamFormation/RSLB2/dist/lib/rescuecore2.jar
7fb1060e3000-7fb1060e6000 r--s 0001a000 08:12 2887110                    /home/abde/Desktop/TeamFormation/RSLB2/dist/lib/kernel.jar
7fb1060e6000-7fb1060e9000 r--s 00018000 08:12 2887109                    /home/abde/Desktop/TeamFormation/RSLB2/dist/lib/log4j-api-2.0-beta7.jar
7fb1060e9000-7fb1060eb000 r--s 0000a000 08:12 2887108                    /home/abde/Desktop/TeamFormation/RSLB2/dist/lib/uncommons-maths-1.2.jar
7fb1060eb000-7fb1060f2000 r--s 0004c000 08:12 2887107                    /home/abde/Desktop/TeamFormation/RSLB2/dist/lib/trove-0.1.8.jar
7fb1060f2000-7fb1060f3000 r--s 00003000 08:12 2887106                    /home/abde/Desktop/TeamFormation/RSLB2/dist/lib/jsi-1.0b2p1.jar
7fb1060f3000-7fb1060f7000 r--s 0007e000 08:12 2890965                    /home/abde/Desktop/TeamFormation/RSLB2/dist/RSLB2.jar
7fb1060f7000-7fb1060ff000 rw-s 00000000 00:26 51                         /tmp/hsperfdata_abde/3769
7fb1060ff000-7fb106100000 rw-p 00000000 00:00 0 
7fb106100000-7fb106101000 ---p 00000000 00:00 0 
7fb106101000-7fb106103000 rw-p 00000000 00:00 0 
7fb106103000-7fb106104000 r--p 00023000 08:12 267642                     /usr/lib/ld-2.25.so
7fb106104000-7fb106105000 rw-p 00024000 08:12 267642                     /usr/lib/ld-2.25.so
7fb106105000-7fb106106000 rw-p 00000000 00:00 0 
7ffe4a982000-7ffe4a9a3000 rw-p 00000000 00:00 0                          [stack]
7ffe4a9e7000-7ffe4a9e9000 r--p 00000000 00:00 0                          [vvar]
7ffe4a9e9000-7ffe4a9eb000 r-xp 00000000 00:00 0                          [vdso]
ffffffffff600000-ffffffffff601000 r-xp 00000000 00:00 0                  [vsyscall]

VM Arguments:
jvm_args: -Xmx5G -Dlog4j.configurationFile=file:///home/abde/Desktop/TeamFormation/RSLB2/supplement/log4j2.xml -Djava.awt.headless=true -Dlog4j.log.dir=/home/abde/Desktop/TeamFormation/RSLB2/boot/logs/a662e2e9-6aab-4cb1-b422-edc4b07e7e5d 
java_command: /home/abde/Desktop/TeamFormation/RSLB2/dist/RSLB2.jar -c /home/abde/Desktop/TeamFormation/RSLB2/boot/config/roborescue/kernel.cfg -c /home/abde/Desktop/TeamFormation/RSLB2/boot/config/example.cfg --results.path=results/ --run=a662e2e9-6aab-4cb1-b422-edc4b07e7e5d --kernel.port=8267 --random.seed=1 --gis.map.dir=/home/abde/Desktop/TeamFormation/roborescue/maps/gml/kobe --gis.map.scenario=../../../../RSLB2/scenarios/kobe/example.xml
java_class_path (initial): /home/abde/Desktop/TeamFormation/RSLB2/dist/RSLB2.jar
Launcher Type: SUN_STANDARD

Environment Variables:
PATH=/usr/local/sbin:/usr/local/bin:/usr/bin:/usr/lib/jvm/default/bin:/usr/bin/site_perl:/usr/bin/vendor_perl:/usr/bin/core_perl
SHELL=/bin/bash
DISPLAY=:0.0

Signal Handlers:
SIGSEGV: [libjvm.so+0xaa46c0], sa_mask[0]=11111111011111111101111111111110, sa_flags=SA_RESTART|SA_SIGINFO
SIGBUS: [libjvm.so+0xaa46c0], sa_mask[0]=11111111011111111101111111111110, sa_flags=SA_RESTART|SA_SIGINFO
SIGFPE: [libjvm.so+0x8dc3d0], sa_mask[0]=11111111011111111101111111111110, sa_flags=SA_RESTART|SA_SIGINFO
SIGPIPE: [libjvm.so+0x8dc3d0], sa_mask[0]=11111111011111111101111111111110, sa_flags=SA_RESTART|SA_SIGINFO
SIGXFSZ: [libjvm.so+0x8dc3d0], sa_mask[0]=11111111011111111101111111111110, sa_flags=SA_RESTART|SA_SIGINFO
SIGILL: [libjvm.so+0x8dc3d0], sa_mask[0]=11111111011111111101111111111110, sa_flags=SA_RESTART|SA_SIGINFO
SIGUSR1: SIG_DFL, sa_mask[0]=00000000000000000000000000000000, sa_flags=none
SIGUSR2: [libjvm.so+0x8dc280], sa_mask[0]=00000000000000000000000000000000, sa_flags=SA_RESTART|SA_SIGINFO
SIGHUP: [libjvm.so+0x8dc730], sa_mask[0]=11111111011111111101111111111110, sa_flags=SA_RESTART|SA_SIGINFO
SIGINT: SIG_IGN, sa_mask[0]=00000000000000000000000000000000, sa_flags=none
SIGTERM: [libjvm.so+0x8dc730], sa_mask[0]=11111111011111111101111111111110, sa_flags=SA_RESTART|SA_SIGINFO
SIGQUIT: [libjvm.so+0x8dc730], sa_mask[0]=11111111011111111101111111111110, sa_flags=SA_RESTART|SA_SIGINFO


---------------  S Y S T E M  ---------------

OS:DISTRIB_ID=ManjaroLinux
DISTRIB_RELEASE=17.0.2
DISTRIB_CODENAME=Gellivara
DISTRIB_DESCRIPTION="Manjaro Linux"

uname:Linux 4.9.43-1-MANJARO #1 SMP PREEMPT Sun Aug 13 20:28:47 UTC 2017 x86_64
libc:glibc 2.25 NPTL 2.25 
rlimit: STACK 8192k, CORE infinity, NPROC 31364, NOFILE 4096, AS infinity
load average:2.03 1.16 1.07

/proc/meminfo:
MemTotal:        8040356 kB
MemFree:          141056 kB
MemAvailable:      43720 kB
Buffers:            3976 kB
Cached:           552404 kB
SwapCached:            0 kB
Active:          7166568 kB
Inactive:         498496 kB
Active(anon):    7139688 kB
Inactive(anon):   468160 kB
Active(file):      26880 kB
Inactive(file):    30336 kB
Unevictable:          64 kB
Mlocked:              64 kB
SwapTotal:             0 kB
SwapFree:              0 kB
Dirty:               180 kB
Writeback:             0 kB
AnonPages:       7108928 kB
Mapped:           387332 kB
Shmem:            499068 kB
Slab:              77556 kB
SReclaimable:      38408 kB
SUnreclaim:        39148 kB
KernelStack:       14832 kB
PageTables:        43764 kB
NFS_Unstable:          0 kB
Bounce:                0 kB
WritebackTmp:          0 kB
CommitLimit:     4020176 kB
Committed_AS:   10992788 kB
VmallocTotal:   34359738367 kB
VmallocUsed:           0 kB
VmallocChunk:          0 kB
HardwareCorrupted:     0 kB
AnonHugePages:   3190784 kB
ShmemHugePages:        0 kB
ShmemPmdMapped:        0 kB
HugePages_Total:       0
HugePages_Free:        0
HugePages_Rsvd:        0
HugePages_Surp:        0
Hugepagesize:       2048 kB
DirectMap4k:      108688 kB
DirectMap2M:     4995072 kB
DirectMap1G:     3145728 kB


CPU:total 8 (initial active 8) (4 cores per cpu, 2 threads per core) family 6 model 94 stepping 3, cmov, cx8, fxsr, mmx, sse, sse2, sse3, ssse3, sse4.1, sse4.2, popcnt, avx, avx2, aes, clmul, erms, rtm, 3dnowpref, lzcnt, ht, tsc, tscinvbit, bmi1, bmi2, adx

/proc/cpuinfo:
processor	: 0
vendor_id	: GenuineIntel
cpu family	: 6
model		: 94
model name	: Intel(R) Core(TM) i7-6700HQ CPU @ 2.60GHz
stepping	: 3
microcode	: 0xba
cpu MHz		: 1145.117
cache size	: 6144 KB
physical id	: 0
siblings	: 8
core id		: 0
cpu cores	: 4
apicid		: 0
initial apicid	: 0
fpu		: yes
fpu_exception	: yes
cpuid level	: 22
wp		: yes
flags		: fpu vme de pse tsc msr pae mce cx8 apic sep mtrr pge mca cmov pat pse36 clflush dts acpi mmx fxsr sse sse2 ss ht tm pbe syscall nx pdpe1gb rdtscp lm constant_tsc art arch_perfmon pebs bts rep_good nopl xtopology nonstop_tsc aperfmperf eagerfpu pni pclmulqdq dtes64 monitor ds_cpl vmx est tm2 ssse3 sdbg fma cx16 xtpr pdcm pcid sse4_1 sse4_2 x2apic movbe popcnt tsc_deadline_timer aes xsave avx f16c rdrand lahf_lm abm 3dnowprefetch epb intel_pt tpr_shadow vnmi flexpriority ept vpid fsgsbase tsc_adjust bmi1 hle avx2 smep bmi2 erms invpcid rtm mpx rdseed adx smap clflushopt xsaveopt xsavec xgetbv1 xsaves dtherm ida arat pln pts hwp hwp_notify hwp_act_window hwp_epp
bugs		:
bogomips	: 5186.00
clflush size	: 64
cache_alignment	: 64
address sizes	: 39 bits physical, 48 bits virtual
power management:

processor	: 1
vendor_id	: GenuineIntel
cpu family	: 6
model		: 94
model name	: Intel(R) Core(TM) i7-6700HQ CPU @ 2.60GHz
stepping	: 3
microcode	: 0xba
cpu MHz		: 1173.999
cache size	: 6144 KB
physical id	: 0
siblings	: 8
core id		: 1
cpu cores	: 4
apicid		: 2
initial apicid	: 2
fpu		: yes
fpu_exception	: yes
cpuid level	: 22
wp		: yes
flags		: fpu vme de pse tsc msr pae mce cx8 apic sep mtrr pge mca cmov pat pse36 clflush dts acpi mmx fxsr sse sse2 ss ht tm pbe syscall nx pdpe1gb rdtscp lm constant_tsc art arch_perfmon pebs bts rep_good nopl xtopology nonstop_tsc aperfmperf eagerfpu pni pclmulqdq dtes64 monitor ds_cpl vmx est tm2 ssse3 sdbg fma cx16 xtpr pdcm pcid sse4_1 sse4_2 x2apic movbe popcnt tsc_deadline_timer aes xsave avx f16c rdrand lahf_lm abm 3dnowprefetch epb intel_pt tpr_shadow vnmi flexpriority ept vpid fsgsbase tsc_adjust bmi1 hle avx2 smep bmi2 erms invpcid rtm mpx rdseed adx smap clflushopt xsaveopt xsavec xgetbv1 xsaves dtherm ida arat pln pts hwp hwp_notify hwp_act_window hwp_epp
bugs		:
bogomips	: 5187.17
clflush size	: 64
cache_alignment	: 64
address sizes	: 39 bits physical, 48 bits virtual
power management:

processor	: 2
vendor_id	: GenuineIntel
cpu family	: 6
model		: 94
model name	: Intel(R) Core(TM) i7-6700HQ CPU @ 2.60GHz
stepping	: 3
microcode	: 0xba
cpu MHz		: 1154.797
cache size	: 6144 KB
physical id	: 0
siblings	: 8
core id		: 2
cpu cores	: 4
apicid		: 4
initial apicid	: 4
fpu		: yes
fpu_exception	: yes
cpuid level	: 22
wp		: yes
flags		: fpu vme de pse tsc msr pae mce cx8 apic sep mtrr pge mca cmov pat pse36 clflush dts acpi mmx fxsr sse sse2 ss ht tm pbe syscall nx pdpe1gb rdtscp lm constant_tsc art arch_perfmon pebs bts rep_good nopl xtopology nonstop_tsc aperfmperf eagerfpu pni pclmulqdq dtes64 monitor ds_cpl vmx est tm2 ssse3 sdbg fma cx16 xtpr pdcm pcid sse4_1 sse4_2 x2apic movbe popcnt tsc_deadline_timer aes xsave avx f16c rdrand lahf_lm abm 3dnowprefetch epb intel_pt tpr_shadow vnmi flexpriority ept vpid fsgsbase tsc_adjust bmi1 hle avx2 smep bmi2 erms invpcid rtm mpx rdseed adx smap clflushopt xsaveopt xsavec xgetbv1 xsaves dtherm ida arat pln pts hwp hwp_notify hwp_act_window hwp_epp
bugs		:
bogomips	: 5187.25
clflush size	: 64
cache_alignment	: 64
address sizes	: 39 bits physical, 48 bits virtual
power management:

processor	: 3
vendor_id	: GenuineIntel
cpu family	: 6
model		: 94
model name	: Intel(R) Core(TM) i7-6700HQ CPU @ 2.60GHz
stepping	: 3
microcode	: 0xba
cpu MHz		: 1135.595
cache size	: 6144 KB
physical id	: 0
siblings	: 8
core id		: 3
cpu cores	: 4
apicid		: 6
initial apicid	: 6
fpu		: yes
fpu_exception	: yes
cpuid level	: 22
wp		: yes
flags		: fpu vme de pse tsc msr pae mce cx8 apic sep mtrr pge mca cmov pat pse36 clflush dts acpi mmx fxsr sse sse2 ss ht tm pbe syscall nx pdpe1gb rdtscp lm constant_tsc art arch_perfmon pebs bts rep_good nopl xtopology nonstop_tsc aperfmperf eagerfpu pni pclmulqdq dtes64 monitor ds_cpl vmx est tm2 ssse3 sdbg fma cx16 xtpr pdcm pcid sse4_1 sse4_2 x2apic movbe popcnt tsc_deadline_timer aes xsave avx f16c rdrand lahf_lm abm 3dnowprefetch epb intel_pt tpr_shadow vnmi flexpriority ept vpid fsgsbase tsc_adjust bmi1 hle avx2 smep bmi2 erms invpcid rtm mpx rdseed adx smap clflushopt xsaveopt xsavec xgetbv1 xsaves dtherm ida arat pln pts hwp hwp_notify hwp_act_window hwp_epp
bugs		:
bogomips	: 5187.27
clflush size	: 64
cache_alignment	: 64
address sizes	: 39 bits physical, 48 bits virtual
power management:

processor	: 4
vendor_id	: GenuineIntel
cpu family	: 6
model		: 94
model name	: Intel(R) Core(TM) i7-6700HQ CPU @ 2.60GHz
stepping	: 3
microcode	: 0xba
cpu MHz		: 1119.250
cache size	: 6144 KB
physical id	: 0
siblings	: 8
core id		: 0
cpu cores	: 4
apicid		: 1
initial apicid	: 1
fpu		: yes
fpu_exception	: yes
cpuid level	: 22
wp		: yes
flags		: fpu vme de pse tsc msr pae mce cx8 apic sep mtrr pge mca cmov pat pse36 clflush dts acpi mmx fxsr sse sse2 ss ht tm pbe syscall nx pdpe1gb rdtscp lm constant_tsc art arch_perfmon pebs bts rep_good nopl xtopology nonstop_tsc aperfmperf eagerfpu pni pclmulqdq dtes64 monitor ds_cpl vmx est tm2 ssse3 sdbg fma cx16 xtpr pdcm pcid sse4_1 sse4_2 x2apic movbe popcnt tsc_deadline_timer aes xsave avx f16c rdrand lahf_lm abm 3dnowprefetch epb intel_pt tpr_shadow vnmi flexpriority ept vpid fsgsbase tsc_adjust bmi1 hle avx2 smep bmi2 erms invpcid rtm mpx rdseed adx smap clflushopt xsaveopt xsavec xgetbv1 xsaves dtherm ida arat pln pts hwp hwp_notify hwp_act_window hwp_epp
bugs		:
bogomips	: 5187.82
clflush size	: 64
cache_alignment	: 64
address sizes	: 39 bits physical, 48 bits virtual
power management:

processor	: 5
vendor_id	: GenuineIntel
cpu family	: 6
model		: 94
model name	: Intel(R) Core(TM) i7-6700HQ CPU @ 2.60GHz
stepping	: 3
microcode	: 0xba
cpu MHz		: 1368.395
cache size	: 6144 KB
physical id	: 0
siblings	: 8
core id		: 1
cpu cores	: 4
apicid		: 3
initial apicid	: 3
fpu		: yes
fpu_exception	: yes
cpuid level	: 22
wp		: yes
flags		: fpu vme de pse tsc msr pae mce cx8 apic sep mtrr pge mca cmov pat pse36 clflush dts acpi mmx fxsr sse sse2 ss ht tm pbe syscall nx pdpe1gb rdtscp lm constant_tsc art arch_perfmon pebs bts rep_good nopl xtopology nonstop_tsc aperfmperf eagerfpu pni pclmulqdq dtes64 monitor ds_cpl vmx est tm2 ssse3 sdbg fma cx16 xtpr pdcm pcid sse4_1 sse4_2 x2apic movbe popcnt tsc_deadline_timer aes xsave avx f16c rdrand lahf_lm abm 3dnowprefetch epb intel_pt tpr_shadow vnmi flexpriority ept vpid fsgsbase tsc_adjust bmi1 hle avx2 smep bmi2 erms invpcid rtm mpx rdseed adx smap clflushopt xsaveopt xsavec xgetbv1 xsaves dtherm ida arat pln pts hwp hwp_notify hwp_act_window hwp_epp
bugs		:
bogomips	: 5187.33
clflush size	: 64
cache_alignment	: 64
address sizes	: 39 bits physical, 48 bits virtual
power management:

processor	: 6
vendor_id	: GenuineIntel
cpu family	: 6
model		: 94
model name	: Intel(R) Core(TM) i7-6700HQ CPU @ 2.60GHz
stepping	: 3
microcode	: 0xba
cpu MHz		: 1063.549
cache size	: 6144 KB
physical id	: 0
siblings	: 8
core id		: 2
cpu cores	: 4
apicid		: 5
initial apicid	: 5
fpu		: yes
fpu_exception	: yes
cpuid level	: 22
wp		: yes
flags		: fpu vme de pse tsc msr pae mce cx8 apic sep mtrr pge mca cmov pat pse36 clflush dts acpi mmx fxsr sse sse2 ss ht tm pbe syscall nx pdpe1gb rdtscp lm constant_tsc art arch_perfmon pebs bts rep_good nopl xtopology nonstop_tsc aperfmperf eagerfpu pni pclmulqdq dtes64 monitor ds_cpl vmx est tm2 ssse3 sdbg fma cx16 xtpr pdcm pcid sse4_1 sse4_2 x2apic movbe popcnt tsc_deadline_timer aes xsave avx f16c rdrand lahf_lm abm 3dnowprefetch epb intel_pt tpr_shadow vnmi flexpriority ept vpid fsgsbase tsc_adjust bmi1 hle avx2 smep bmi2 erms invpcid rtm mpx rdseed adx smap clflushopt xsaveopt xsavec xgetbv1 xsaves dtherm ida arat pln pts hwp hwp_notify hwp_act_window hwp_epp
bugs		:
bogomips	: 5187.35
clflush size	: 64
cache_alignment	: 64
address sizes	: 39 bits physical, 48 bits virtual
power management:

processor	: 7
vendor_id	: GenuineIntel
cpu family	: 6
model		: 94
model name	: Intel(R) Core(TM) i7-6700HQ CPU @ 2.60GHz
stepping	: 3
microcode	: 0xba
cpu MHz		: 1174.792
cache size	: 6144 KB
physical id	: 0
siblings	: 8
core id		: 3
cpu cores	: 4
apicid		: 7
initial apicid	: 7
fpu		: yes
fpu_exception	: yes
cpuid level	: 22
wp		: yes
flags		: fpu vme de pse tsc msr pae mce cx8 apic sep mtrr pge mca cmov pat pse36 clflush dts acpi mmx fxsr sse sse2 ss ht tm pbe syscall nx pdpe1gb rdtscp lm constant_tsc art arch_perfmon pebs bts rep_good nopl xtopology nonstop_tsc aperfmperf eagerfpu pni pclmulqdq dtes64 monitor ds_cpl vmx est tm2 ssse3 sdbg fma cx16 xtpr pdcm pcid sse4_1 sse4_2 x2apic movbe popcnt tsc_deadline_timer aes xsave avx f16c rdrand lahf_lm abm 3dnowprefetch epb intel_pt tpr_shadow vnmi flexpriority ept vpid fsgsbase tsc_adjust bmi1 hle avx2 smep bmi2 erms invpcid rtm mpx rdseed adx smap clflushopt xsaveopt xsavec xgetbv1 xsaves dtherm ida arat pln pts hwp hwp_notify hwp_act_window hwp_epp
bugs		:
bogomips	: 5187.36
clflush size	: 64
cache_alignment	: 64
address sizes	: 39 bits physical, 48 bits virtual
power management:



Memory: 4k page, physical 8040356k(141056k free), swap 0k(0k free)

vm_info: OpenJDK 64-Bit Server VM (25.144-b01) for linux-amd64 JRE (1.8.0_144-b01), built on Jul 28 2017 20:07:18 by "builduser" with gcc 7.1.1 20170630

time: Tue Aug 22 12:05:15 2017
elapsed time: 28 seconds (0d 0h 0m 28s)

