#
# There is insufficient memory for the Java Runtime Environment to continue.
# Native memory allocation (mmap) failed to map 326631424 bytes for committing reserved memory.
# Possible reasons:
#   The system is out of physical RAM or swap space
#   In 32 bit mode, the process size limit was hit
# Possible solutions:
#   Reduce memory load on the system
#   Increase physical memory or swap space
#   Check if swap backing store is full
#   Use 64 bit Java on a 64 bit OS
#   Decrease Java heap size (-Xmx/-Xms)
#   Decrease number of Java threads
#   Decrease Java thread stack sizes (-Xss)
#   Set larger code cache with -XX:ReservedCodeCacheSize=
# This output file may be truncated or incomplete.
#
#  Out of Memory Error (os_linux.cpp:2640), pid=2650, tid=0x00007f7d999c8700
#
# JRE version: OpenJDK Runtime Environment (8.0_131-b11) (build 1.8.0_131-b11)
# Java VM: OpenJDK 64-Bit Server VM (25.131-b11 mixed mode linux-amd64 compressed oops)
# Core dump written. Default location: /home/abde/Downloads/TeamFormation/RSLB2/boot/core or core.2650
#

---------------  T H R E A D  ---------------

Current thread (0x00007f7db0080800):  VMThread [stack: 0x00007f7d998c8000,0x00007f7d999c9000] [id=2663]

Stack: [0x00007f7d998c8000,0x00007f7d999c9000],  sp=0x00007f7d999c7570,  free space=1021k
Native frames: (J=compiled Java code, j=interpreted, Vv=VM code, C=native code)
V  [libjvm.so+0xa692bf]
V  [libjvm.so+0x4c3be7]
V  [libjvm.so+0x8af050]
V  [libjvm.so+0x8a9d7f]
V  [libjvm.so+0x926e06]
V  [libjvm.so+0x928098]
V  [libjvm.so+0x924826]
V  [libjvm.so+0x924bcc]
V  [libjvm.so+0x8d4ce8]
V  [libjvm.so+0xa6ada3]
V  [libjvm.so+0xa6fcc6]
V  [libjvm.so+0xa6d602]
V  [libjvm.so+0xa6ea2b]
V  [libjvm.so+0xa6edd8]
V  [libjvm.so+0x8ac912]

VM_Operation (0x00007f7db82a41c0): ParallelGCFailedAllocation, mode: safepoint, requested by thread 0x00007f7db000b000


---------------  P R O C E S S  ---------------

Java Threads: ( => current thread )
  0x00007f7db01e7800 JavaThread "pool-4-thread-1" [_thread_blocked, id=3303, stack(0x00007f7d91c01000,0x00007f7d91d02000)]
  0x00007f7db01e7000 JavaThread "pool-3-thread-1" [_thread_blocked, id=3294, stack(0x00007f7d91b00000,0x00007f7d91c01000)]
  0x00007f7db068e000 JavaThread "pool-2-thread-1" [_thread_blocked, id=3281, stack(0x00007f7d91f04000,0x00007f7d92005000)]
  0x00007f7d30110000 JavaThread "Thread-152" [_thread_blocked, id=3275, stack(0x00007f7c946c7000,0x00007f7c947c8000)]
  0x00007f7d3010e800 JavaThread "Thread-151" [_thread_in_native, id=3273, stack(0x00007f7c947c8000,0x00007f7c948c9000)]
  0x00007f7d3010c800 JavaThread "Thread-150" [_thread_blocked, id=3272, stack(0x00007f7c948c9000,0x00007f7c949ca000)]
  0x00007f7d3010b000 JavaThread "Thread-149" [_thread_blocked, id=3269, stack(0x00007f7c949ca000,0x00007f7c94acb000)]
  0x00007f7d30109000 JavaThread "Thread-148" [_thread_in_native, id=3268, stack(0x00007f7c94acb000,0x00007f7c94bcc000)]
  0x00007f7d30107800 JavaThread "Thread-147" [_thread_blocked, id=3266, stack(0x00007f7c94bcc000,0x00007f7c94ccd000)]
  0x00007f7d30105800 JavaThread "Thread-146" [_thread_blocked, id=3262, stack(0x00007f7c94ccd000,0x00007f7c94dce000)]
  0x00007f7d30103800 JavaThread "Thread-145" [_thread_in_native, id=3261, stack(0x00007f7c94dce000,0x00007f7c94ecf000)]
  0x00007f7d30102000 JavaThread "Thread-144" [_thread_blocked, id=3259, stack(0x00007f7c94ecf000,0x00007f7c94fd0000)]
  0x00007f7d30100000 JavaThread "Thread-143" [_thread_blocked, id=3256, stack(0x00007f7c94fd0000,0x00007f7c950d1000)]
  0x00007f7d300fe800 JavaThread "Thread-142" [_thread_in_native, id=3254, stack(0x00007f7c950d1000,0x00007f7c951d2000)]
  0x00007f7d300fc800 JavaThread "Thread-141" [_thread_blocked, id=3253, stack(0x00007f7c951d2000,0x00007f7c952d3000)]
  0x00007f7d300fb000 JavaThread "Thread-140" [_thread_blocked, id=3249, stack(0x00007f7c952d3000,0x00007f7c953d4000)]
  0x00007f7d300f9000 JavaThread "Thread-139" [_thread_in_native, id=3247, stack(0x00007f7c953d4000,0x00007f7c954d5000)]
  0x00007f7d300f7800 JavaThread "Thread-138" [_thread_blocked, id=3246, stack(0x00007f7c954d5000,0x00007f7c955d6000)]
  0x00007f7d300f5800 JavaThread "Thread-137" [_thread_blocked, id=3235, stack(0x00007f7c955d6000,0x00007f7c956d7000)]
  0x00007f7d300f4000 JavaThread "Thread-136" [_thread_in_native, id=3233, stack(0x00007f7c956d7000,0x00007f7c957d8000)]
  0x00007f7d300f2800 JavaThread "Thread-135" [_thread_blocked, id=3231, stack(0x00007f7c957d8000,0x00007f7c958d9000)]
  0x00007f7d300f0800 JavaThread "Thread-134" [_thread_blocked, id=3228, stack(0x00007f7c958d9000,0x00007f7c959da000)]
  0x00007f7d300ee800 JavaThread "Thread-133" [_thread_in_native, id=3226, stack(0x00007f7c959da000,0x00007f7c95adb000)]
  0x00007f7d300ec800 JavaThread "Thread-132" [_thread_blocked, id=3224, stack(0x00007f7c95adb000,0x00007f7c95bdc000)]
  0x00007f7d300ea800 JavaThread "Thread-131" [_thread_blocked, id=3220, stack(0x00007f7c95bdc000,0x00007f7c95cdd000)]
  0x00007f7d300e8800 JavaThread "Thread-130" [_thread_in_native, id=3219, stack(0x00007f7c95cdd000,0x00007f7c95dde000)]
  0x00007f7d300e7000 JavaThread "Thread-129" [_thread_blocked, id=3217, stack(0x00007f7c95dde000,0x00007f7c95edf000)]
  0x00007f7d300e5800 JavaThread "Thread-128" [_thread_blocked, id=3214, stack(0x00007f7c95edf000,0x00007f7c95fe0000)]
  0x00007f7d300e3800 JavaThread "Thread-127" [_thread_in_native, id=3211, stack(0x00007f7c95fe0000,0x00007f7c960e1000)]
  0x00007f7d300e1800 JavaThread "Thread-126" [_thread_blocked, id=3210, stack(0x00007f7c960e1000,0x00007f7c961e2000)]
  0x00007f7d300df800 JavaThread "Thread-125" [_thread_blocked, id=3202, stack(0x00007f7c961e2000,0x00007f7c962e3000)]
  0x00007f7d300de000 JavaThread "Thread-124" [_thread_in_native, id=3201, stack(0x00007f7c962e3000,0x00007f7c963e4000)]
  0x00007f7d300dc000 JavaThread "Thread-123" [_thread_blocked, id=3199, stack(0x00007f7c963e4000,0x00007f7c964e5000)]
  0x00007f7d300da000 JavaThread "Thread-122" [_thread_blocked, id=3195, stack(0x00007f7c964e5000,0x00007f7c965e6000)]
  0x00007f7d300d8800 JavaThread "Thread-121" [_thread_in_native, id=3194, stack(0x00007f7c965e6000,0x00007f7c966e7000)]
  0x00007f7d300d6800 JavaThread "Thread-120" [_thread_blocked, id=3192, stack(0x00007f7c966e7000,0x00007f7c967e8000)]
  0x00007f7d300d4800 JavaThread "Thread-119" [_thread_blocked, id=3185, stack(0x00007f7c967e8000,0x00007f7c968e9000)]
  0x00007f7d300d2800 JavaThread "Thread-118" [_thread_in_native, id=3182, stack(0x00007f7c968e9000,0x00007f7c969ea000)]
  0x00007f7d300d1000 JavaThread "Thread-117" [_thread_blocked, id=3181, stack(0x00007f7c969ea000,0x00007f7c96aeb000)]
  0x00007f7d300cf000 JavaThread "Thread-116" [_thread_blocked, id=3178, stack(0x00007f7c96aeb000,0x00007f7c96bec000)]
  0x00007f7d300cd800 JavaThread "Thread-115" [_thread_in_native, id=3176, stack(0x00007f7c96bec000,0x00007f7c96ced000)]
  0x00007f7d300cc000 JavaThread "Thread-114" [_thread_blocked, id=3174, stack(0x00007f7c96ced000,0x00007f7c96dee000)]
  0x00007f7d300ca000 JavaThread "Thread-113" [_thread_blocked, id=3170, stack(0x00007f7c96dee000,0x00007f7c96eef000)]
  0x00007f7d300c8000 JavaThread "Thread-112" [_thread_in_native, id=3169, stack(0x00007f7c96eef000,0x00007f7c96ff0000)]
  0x00007f7d300c6800 JavaThread "Thread-111" [_thread_blocked, id=3167, stack(0x00007f7c96ff0000,0x00007f7c970f1000)]
  0x00007f7d300c4800 JavaThread "Thread-110" [_thread_blocked, id=3164, stack(0x00007f7c970f1000,0x00007f7c971f2000)]
  0x00007f7d300c2800 JavaThread "Thread-109" [_thread_in_native, id=3162, stack(0x00007f7c971f2000,0x00007f7c972f3000)]
  0x00007f7d300c1000 JavaThread "Thread-108" [_thread_blocked, id=3160, stack(0x00007f7c972f3000,0x00007f7c973f4000)]
  0x00007f7d300bf000 JavaThread "Thread-107" [_thread_blocked, id=3153, stack(0x00007f7c973f4000,0x00007f7c974f5000)]
  0x00007f7d300bd800 JavaThread "Thread-106" [_thread_in_native, id=3150, stack(0x00007f7c974f5000,0x00007f7c975f6000)]
  0x00007f7d300bb800 JavaThread "Thread-105" [_thread_blocked, id=3148, stack(0x00007f7c975f6000,0x00007f7c976f7000)]
  0x00007f7d300b9800 JavaThread "Thread-104" [_thread_blocked, id=3146, stack(0x00007f7c976f7000,0x00007f7c977f8000)]
  0x00007f7d300b7800 JavaThread "Thread-103" [_thread_in_native, id=3144, stack(0x00007f7c977f8000,0x00007f7c978f9000)]
  0x00007f7d300b6000 JavaThread "Thread-102" [_thread_blocked, id=3142, stack(0x00007f7c978f9000,0x00007f7c979fa000)]
  0x00007f7d300b4000 JavaThread "Thread-101" [_thread_blocked, id=3134, stack(0x00007f7c979fa000,0x00007f7c97afb000)]
  0x00007f7d300b2800 JavaThread "Thread-100" [_thread_in_native, id=3133, stack(0x00007f7c97afb000,0x00007f7c97bfc000)]
  0x00007f7d300b0800 JavaThread "Thread-99" [_thread_blocked, id=3131, stack(0x00007f7c97bfc000,0x00007f7c97cfd000)]
  0x00007f7d300ae800 JavaThread "Thread-98" [_thread_blocked, id=3128, stack(0x00007f7c97cfd000,0x00007f7c97dfe000)]
  0x00007f7d300ad000 JavaThread "Thread-97" [_thread_in_native, id=3125, stack(0x00007f7c97dfe000,0x00007f7c97eff000)]
  0x00007f7d300ab000 JavaThread "Thread-96" [_thread_blocked, id=3124, stack(0x00007f7c97eff000,0x00007f7c98000000)]
  0x00007f7d300a9000 JavaThread "Thread-95" [_thread_blocked, id=3121, stack(0x00007f7cb40c1000,0x00007f7cb41c2000)]
  0x00007f7d300a7800 JavaThread "Thread-94" [_thread_in_native, id=3119, stack(0x00007f7cb41c2000,0x00007f7cb42c3000)]
  0x00007f7d300a6000 JavaThread "Thread-93" [_thread_blocked, id=3117, stack(0x00007f7cb42c3000,0x00007f7cb43c4000)]
  0x00007f7d300a4000 JavaThread "Thread-92" [_thread_blocked, id=3109, stack(0x00007f7cb43c4000,0x00007f7cb44c5000)]
  0x00007f7d300a2000 JavaThread "Thread-91" [_thread_in_native, id=3107, stack(0x00007f7cb44c5000,0x00007f7cb45c6000)]
  0x00007f7d300a0800 JavaThread "Thread-90" [_thread_blocked, id=3105, stack(0x00007f7cb45c6000,0x00007f7cb46c7000)]
  0x00007f7d3009e800 JavaThread "Thread-89" [_thread_blocked, id=3103, stack(0x00007f7cb46c7000,0x00007f7cb47c8000)]
  0x00007f7d3009c800 JavaThread "Thread-88" [_thread_in_native, id=3101, stack(0x00007f7cb47c8000,0x00007f7cb48c9000)]
  0x00007f7d3009b000 JavaThread "Thread-87" [_thread_blocked, id=3099, stack(0x00007f7cb48c9000,0x00007f7cb49ca000)]
  0x00007f7d30099000 JavaThread "Thread-86" [_thread_blocked, id=3097, stack(0x00007f7cb49ca000,0x00007f7cb4acb000)]
  0x00007f7d30097800 JavaThread "Thread-85" [_thread_in_native, id=3095, stack(0x00007f7cb4acb000,0x00007f7cb4bcc000)]
  0x00007f7d30095800 JavaThread "Thread-84" [_thread_blocked, id=3093, stack(0x00007f7cb4bcc000,0x00007f7cb4ccd000)]
  0x00007f7d30093800 JavaThread "Thread-83" [_thread_blocked, id=3089, stack(0x00007f7cb4ccd000,0x00007f7cb4dce000)]
  0x00007f7d30092000 JavaThread "Thread-82" [_thread_in_native, id=3088, stack(0x00007f7cb4dce000,0x00007f7cb4ecf000)]
  0x00007f7d30090000 JavaThread "Thread-81" [_thread_blocked, id=3084, stack(0x00007f7cb4ecf000,0x00007f7cb4fd0000)]
  0x00007f7d3008e000 JavaThread "Thread-80" [_thread_blocked, id=3078, stack(0x00007f7cb4fd0000,0x00007f7cb50d1000)]
  0x00007f7d3008c000 JavaThread "Thread-79" [_thread_in_native, id=3076, stack(0x00007f7cb50d1000,0x00007f7cb51d2000)]
  0x00007f7d3008a800 JavaThread "Thread-78" [_thread_blocked, id=3075, stack(0x00007f7cb51d2000,0x00007f7cb52d3000)]
  0x00007f7d30088800 JavaThread "Thread-77" [_thread_blocked, id=3072, stack(0x00007f7cb52d3000,0x00007f7cb53d4000)]
  0x00007f7d30086800 JavaThread "Thread-76" [_thread_in_native, id=3070, stack(0x00007f7cb53d4000,0x00007f7cb54d5000)]
  0x00007f7d30085000 JavaThread "Thread-75" [_thread_blocked, id=3068, stack(0x00007f7cb54d5000,0x00007f7cb55d6000)]
  0x00007f7d30083000 JavaThread "Thread-74" [_thread_blocked, id=3065, stack(0x00007f7cb55d6000,0x00007f7cb56d7000)]
  0x00007f7d30081000 JavaThread "Thread-73" [_thread_in_native, id=3062, stack(0x00007f7cb56d7000,0x00007f7cb57d8000)]
  0x00007f7d3007f000 JavaThread "Thread-72" [_thread_blocked, id=3061, stack(0x00007f7cb57d8000,0x00007f7cb58d9000)]
  0x00007f7d3007d000 JavaThread "Thread-71" [_thread_blocked, id=3054, stack(0x00007f7cb58d9000,0x00007f7cb59da000)]
  0x00007f7d3007b000 JavaThread "Thread-70" [_thread_in_native, id=3052, stack(0x00007f7cb59da000,0x00007f7cb5adb000)]
  0x00007f7d30079800 JavaThread "Thread-69" [_thread_blocked, id=3050, stack(0x00007f7cb5adb000,0x00007f7cb5bdc000)]
  0x00007f7d30077800 JavaThread "Thread-68" [_thread_blocked, id=3047, stack(0x00007f7cb5bdc000,0x00007f7cb5cdd000)]
  0x00007f7d30076000 JavaThread "Thread-67" [_thread_in_native, id=3045, stack(0x00007f7cb5cdd000,0x00007f7cb5dde000)]
  0x00007f7d30074000 JavaThread "Thread-66" [_thread_blocked, id=3043, stack(0x00007f7cb5dde000,0x00007f7cb5edf000)]
  0x00007f7d30072000 JavaThread "Thread-65" [_thread_blocked, id=3035, stack(0x00007f7cb5edf000,0x00007f7cb5fe0000)]
  0x00007f7d30070000 JavaThread "Thread-64" [_thread_in_native, id=3034, stack(0x00007f7cb5fe0000,0x00007f7cb60e1000)]
  0x00007f7d3006e800 JavaThread "Thread-63" [_thread_blocked, id=3032, stack(0x00007f7cb60e1000,0x00007f7cb61e2000)]
  0x00007f7d3006c800 JavaThread "Thread-62" [_thread_blocked, id=3029, stack(0x00007f7cb61e2000,0x00007f7cb62e3000)]
  0x00007f7d3006b000 JavaThread "Thread-61" [_thread_in_native, id=3026, stack(0x00007f7cb62e3000,0x00007f7cb63e4000)]
  0x00007f7d30069000 JavaThread "Thread-60" [_thread_blocked, id=3025, stack(0x00007f7cb63e4000,0x00007f7cb64e5000)]
  0x00007f7d30067000 JavaThread "Thread-59" [_thread_blocked, id=3018, stack(0x00007f7cb64e5000,0x00007f7cb65e6000)]
  0x00007f7d30065000 JavaThread "Thread-58" [_thread_in_native, id=3016, stack(0x00007f7cb65e6000,0x00007f7cb66e7000)]
  0x00007f7d30063800 JavaThread "Thread-57" [_thread_blocked, id=3014, stack(0x00007f7cb66e7000,0x00007f7cb67e8000)]
  0x00007f7d30062000 JavaThread "Thread-56" [_thread_blocked, id=3011, stack(0x00007f7cb67e8000,0x00007f7cb68e9000)]
  0x00007f7d30060000 JavaThread "Thread-55" [_thread_in_native, id=3009, stack(0x00007f7cb68e9000,0x00007f7cb69ea000)]
  0x00007f7d3005e800 JavaThread "Thread-54" [_thread_blocked, id=3007, stack(0x00007f7cb69ea000,0x00007f7cb6aeb000)]
  0x00007f7d3005c800 JavaThread "Thread-53" [_thread_blocked, id=3004, stack(0x00007f7cb6aeb000,0x00007f7cb6bec000)]
  0x00007f7d3005b000 JavaThread "Thread-52" [_thread_in_native, id=3001, stack(0x00007f7cb6bec000,0x00007f7cb6ced000)]
  0x00007f7d3005a000 JavaThread "Thread-51" [_thread_blocked, id=2999, stack(0x00007f7d92306000,0x00007f7d92407000)]
  0x00007f7d30058000 JavaThread "Thread-50" [_thread_blocked, id=2993, stack(0x00007f7cb6ced000,0x00007f7cb6dee000)]
  0x00007f7d30056000 JavaThread "Thread-49" [_thread_in_native, id=2991, stack(0x00007f7cb6dee000,0x00007f7cb6eef000)]
  0x00007f7d30054000 JavaThread "Thread-48" [_thread_blocked, id=2989, stack(0x00007f7cb6eef000,0x00007f7cb6ff0000)]
  0x00007f7d30052800 JavaThread "Thread-47" [_thread_blocked, id=2986, stack(0x00007f7cb6ff0000,0x00007f7cb70f1000)]
  0x00007f7d30050800 JavaThread "Thread-46" [_thread_in_native, id=2983, stack(0x00007f7cb70f1000,0x00007f7cb71f2000)]
  0x00007f7d3004e800 JavaThread "Thread-45" [_thread_blocked, id=2982, stack(0x00007f7cb71f2000,0x00007f7cb72f3000)]
  0x00007f7d3004d000 JavaThread "Thread-44" [_thread_blocked, id=2978, stack(0x00007f7cb72f3000,0x00007f7cb73f4000)]
  0x00007f7d3004b000 JavaThread "Thread-43" [_thread_in_native, id=2976, stack(0x00007f7cb73f4000,0x00007f7cb74f5000)]
  0x00007f7d30049800 JavaThread "Thread-42" [_thread_blocked, id=2975, stack(0x00007f7cb74f5000,0x00007f7cb75f6000)]
  0x00007f7d30047800 JavaThread "Thread-41" [_thread_blocked, id=2968, stack(0x00007f7cb75f6000,0x00007f7cb76f7000)]
  0x00007f7d30046000 JavaThread "Thread-40" [_thread_in_native, id=2966, stack(0x00007f7cb76f7000,0x00007f7cb77f8000)]
  0x00007f7d30044800 JavaThread "Thread-39" [_thread_blocked, id=2964, stack(0x00007f7cb77f8000,0x00007f7cb78f9000)]
  0x00007f7d30042800 JavaThread "Thread-38" [_thread_blocked, id=2960, stack(0x00007f7cb78f9000,0x00007f7cb79fa000)]
  0x00007f7d30040800 JavaThread "Thread-37" [_thread_in_native, id=2958, stack(0x00007f7cb79fa000,0x00007f7cb7afb000)]
  0x00007f7d3003e800 JavaThread "Thread-36" [_thread_blocked, id=2957, stack(0x00007f7cb7afb000,0x00007f7cb7bfc000)]
  0x00007f7d3003c800 JavaThread "Thread-35" [_thread_blocked, id=2953, stack(0x00007f7cb7bfc000,0x00007f7cb7cfd000)]
  0x00007f7d3003a800 JavaThread "Thread-34" [_thread_in_native, id=2951, stack(0x00007f7cb7cfd000,0x00007f7cb7dfe000)]
  0x00007f7d30039000 JavaThread "Thread-33" [_thread_blocked, id=2950, stack(0x00007f7cb7dfe000,0x00007f7cb7eff000)]
  0x00007f7d30037000 JavaThread "Thread-32" [_thread_blocked, id=2943, stack(0x00007f7cb7eff000,0x00007f7cb8000000)]
  0x00007f7d30035000 JavaThread "Thread-31" [_thread_in_native, id=2942, stack(0x00007f7d900e6000,0x00007f7d901e7000)]
  0x00007f7d30033800 JavaThread "Thread-30" [_thread_blocked, id=2939, stack(0x00007f7d901e7000,0x00007f7d902e8000)]
  0x00007f7d30031800 JavaThread "Thread-29" [_thread_blocked, id=2936, stack(0x00007f7d902e8000,0x00007f7d903e9000)]
  0x00007f7d3002f800 JavaThread "Thread-28" [_thread_in_native, id=2933, stack(0x00007f7d903e9000,0x00007f7d904ea000)]
  0x00007f7d3002e000 JavaThread "Thread-27" [_thread_blocked, id=2932, stack(0x00007f7d904ea000,0x00007f7d905eb000)]
  0x00007f7d3002c800 JavaThread "Thread-26" [_thread_blocked, id=2929, stack(0x00007f7d905eb000,0x00007f7d906ec000)]
  0x00007f7d3002a800 JavaThread "Thread-25" [_thread_in_native, id=2926, stack(0x00007f7d906ec000,0x00007f7d907ed000)]
  0x00007f7d30029000 JavaThread "Thread-24" [_thread_blocked, id=2924, stack(0x00007f7d907ed000,0x00007f7d908ee000)]
  0x00007f7d30027000 JavaThread "Thread-23" [_thread_blocked, id=2915, stack(0x00007f7d908ee000,0x00007f7d909ef000)]
  0x00007f7d30025800 JavaThread "Thread-22" [_thread_in_native, id=2914, stack(0x00007f7d909ef000,0x00007f7d90af0000)]
  0x00007f7d30024000 JavaThread "Thread-21" [_thread_blocked, id=2913, stack(0x00007f7d90af0000,0x00007f7d90bf1000)]
  0x00007f7d30022000 JavaThread "Thread-20" [_thread_blocked, id=2870, stack(0x00007f7d90bf1000,0x00007f7d90cf2000)]
  0x00007f7d30020800 JavaThread "Thread-19" [_thread_in_native, id=2869, stack(0x00007f7d90cf2000,0x00007f7d90df3000)]
  0x00007f7d3001e800 JavaThread "Thread-18" [_thread_blocked, id=2868, stack(0x00007f7d90df3000,0x00007f7d90ef4000)]
  0x00007f7d3001d000 JavaThread "Thread-17" [_thread_blocked, id=2834, stack(0x00007f7d90ef4000,0x00007f7d90ff5000)]
  0x00007f7d3001b000 JavaThread "Thread-16" [_thread_in_native, id=2832, stack(0x00007f7d90ff5000,0x00007f7d910f6000)]
  0x00007f7d30019800 JavaThread "Thread-15" [_thread_blocked, id=2830, stack(0x00007f7d910f6000,0x00007f7d911f7000)]
  0x00007f7d30018000 JavaThread "Thread-14" [_thread_blocked, id=2820, stack(0x00007f7d911f7000,0x00007f7d912f8000)]
  0x00007f7d30016000 JavaThread "Thread-13" [_thread_in_native, id=2819, stack(0x00007f7d912f8000,0x00007f7d913f9000)]
  0x00007f7d30014800 JavaThread "Thread-12" [_thread_blocked, id=2818, stack(0x00007f7d913f9000,0x00007f7d914fa000)]
  0x00007f7d30012800 JavaThread "Thread-11" [_thread_blocked, id=2815, stack(0x00007f7d914fa000,0x00007f7d915fb000)]
  0x00007f7d30011000 JavaThread "Thread-10" [_thread_in_native, id=2814, stack(0x00007f7d915fb000,0x00007f7d916fc000)]
  0x00007f7d3000f800 JavaThread "Thread-9" [_thread_blocked, id=2812, stack(0x00007f7d916fc000,0x00007f7d917fd000)]
  0x00007f7d3000d800 JavaThread "Thread-8" [_thread_blocked, id=2808, stack(0x00007f7d917fd000,0x00007f7d918fe000)]
  0x00007f7d3000b800 JavaThread "Thread-7" [_thread_in_native, id=2807, stack(0x00007f7d918fe000,0x00007f7d919ff000)]
  0x00007f7d3000a000 JavaThread "Thread-6" [_thread_blocked, id=2806, stack(0x00007f7d919ff000,0x00007f7d91b00000)]
  0x00007f7d30008800 JavaThread "Thread-5" [_thread_blocked, id=2803, stack(0x00007f7d91d02000,0x00007f7d91e03000)]
  0x00007f7d30008000 JavaThread "Thread-4" [_thread_in_native, id=2802, stack(0x00007f7d986ca000,0x00007f7d987cb000)]
  0x00007f7d30003800 JavaThread "Thread-3" [_thread_blocked, id=2800, stack(0x00007f7d985c9000,0x00007f7d986ca000)]
  0x00007f7db06c1000 JavaThread "Thread-1" [_thread_blocked, id=2685, stack(0x00007f7d91e03000,0x00007f7d91f04000)]
  0x00007f7db06bb000 JavaThread "Thread-0" [_thread_in_native, id=2683, stack(0x00007f7d92005000,0x00007f7d92106000)]
  0x00007f7db0632800 JavaThread "Java2D Disposer" daemon [_thread_blocked, id=2679, stack(0x00007f7d980b5000,0x00007f7d981b6000)]
  0x00007f7db00d3800 JavaThread "Service Thread" daemon [_thread_blocked, id=2671, stack(0x00007f7d98e2b000,0x00007f7d98f2c000)]
  0x00007f7db00c8800 JavaThread "C1 CompilerThread3" daemon [_thread_blocked, id=2670, stack(0x00007f7d98f2c000,0x00007f7d9902d000)]
  0x00007f7db00c6800 JavaThread "C2 CompilerThread2" daemon [_thread_blocked, id=2669, stack(0x00007f7d9902d000,0x00007f7d9912e000)]
  0x00007f7db00c4800 JavaThread "C2 CompilerThread1" daemon [_thread_blocked, id=2668, stack(0x00007f7d9912e000,0x00007f7d9922f000)]
  0x00007f7db00c2000 JavaThread "C2 CompilerThread0" daemon [_thread_blocked, id=2667, stack(0x00007f7d9922f000,0x00007f7d99330000)]
  0x00007f7db00c0800 JavaThread "Signal Dispatcher" daemon [_thread_blocked, id=2666, stack(0x00007f7d99330000,0x00007f7d99431000)]
  0x00007f7db008c800 JavaThread "Finalizer" daemon [_thread_blocked, id=2665, stack(0x00007f7d996c6000,0x00007f7d997c7000)]
  0x00007f7db0088000 JavaThread "Reference Handler" daemon [_thread_blocked, id=2664, stack(0x00007f7d997c7000,0x00007f7d998c8000)]
  0x00007f7db000b000 JavaThread "main" [_thread_blocked, id=2653, stack(0x00007f7db81a5000,0x00007f7db82a6000)]

Other Threads:
=>0x00007f7db0080800 VMThread [stack: 0x00007f7d998c8000,0x00007f7d999c9000] [id=2663]
  0x00007f7db00d6000 WatcherThread [stack: 0x00007f7d98d2a000,0x00007f7d98e2b000] [id=2672]

VM state:at safepoint (normal execution)

VM Mutex/Monitor currently owned by a thread:  ([mutex/lock_event])
[0x00007f7db0007300] Threads_lock - owner thread: 0x00007f7db0080800
[0x00007f7db0007800] Heap_lock - owner thread: 0x00007f7db000b000

Heap:
 PSYoungGen      total 848896K, used 51702K [0x000000076ab00000, 0x00000007a2a00000, 0x00000007c0000000)
  eden space 797184K, 0% used [0x000000076ab00000,0x000000076ab00000,0x000000079b580000)
  from space 51712K, 99% used [0x000000079b580000,0x000000079e7fd9f0,0x000000079e800000)
  to   space 35840K, 0% used [0x000000079e800000,0x000000079e800000,0x00000007a0b00000)
 ParOldGen       total 143360K, used 81158K [0x00000006c0000000, 0x00000006c8c00000, 0x000000076ab00000)
  object space 143360K, 56% used [0x00000006c0000000,0x00000006c4f419f8,0x00000006c8c00000)
 Metaspace       used 17452K, capacity 17692K, committed 17920K, reserved 1064960K
  class space    used 2138K, capacity 2226K, committed 2304K, reserved 1048576K

Card table byte_map: [0x00007f7db4613000,0x00007f7db4e14000] byte_map_base: 0x00007f7db1013000

Marking Bits: (ParMarkBitMap*) 0x00007f7db74ab0c0
 Begin Bits: [0x00007f7d70000000, 0x00007f7d74000000)
 End Bits:   [0x00007f7d74000000, 0x00007f7d78000000)

Polling page: 0x00007f7db82d4000

CodeCache: size=245760Kb used=5534Kb max_used=6106Kb free=240225Kb
 bounds [0x00007f7da1000000, 0x00007f7da1600000, 0x00007f7db0000000]
 total_blobs=2164 nmethods=1697 adapters=381
 compilation: enabled

Compilation events (10 events):
Event: 15.241 Thread 0x00007f7db00c8800 2070       3       rescuecore2.messages.components.EntityIDComponent::toString (30 bytes)
Event: 15.241 Thread 0x00007f7db00c8800 nmethod 2070 0x00007f7da145e4d0 code [0x00007f7da145e6e0, 0x00007f7da145f228]
Event: 15.241 Thread 0x00007f7db00c8800 2067       3       java.lang.Integer::toString (8 bytes)
Event: 15.241 Thread 0x00007f7db00c8800 nmethod 2067 0x00007f7da1318750 code [0x00007f7da13188c0, 0x00007f7da1318a48]
Event: 15.241 Thread 0x00007f7db00c8800 2068       3       rescuecore2.messages.components.IntListComponent::toString (33 bytes)
Event: 15.241 Thread 0x00007f7db00c2000 nmethod 2066 0x00007f7da13182d0 code [0x00007f7da1318440, 0x00007f7da13185b8]
Event: 15.242 Thread 0x00007f7db00c8800 nmethod 2068 0x00007f7da145d610 code [0x00007f7da145d800, 0x00007f7da145e188]
Event: 15.242 Thread 0x00007f7db00c8800 2071       3       kernel.AbstractCommunicationModel::addHearing (21 bytes)
Event: 15.242 Thread 0x00007f7db00c8800 nmethod 2071 0x00007f7da145cf90 code [0x00007f7da145d120, 0x00007f7da145d4f8]
Event: 15.242 Thread 0x00007f7db00c6800 nmethod 2065 0x00007f7da13279d0 code [0x00007f7da1327b20, 0x00007f7da1327b98]

GC Heap History (10 events):
Event: 8.665 GC heap after
Heap after GC invocations=7 (full 0):
 PSYoungGen      total 282624K, used 2846K [0x000000076ab00000, 0x000000078d300000, 0x00000007c0000000)
  eden space 253952K, 0% used [0x000000076ab00000,0x000000076ab00000,0x000000077a300000)
  from space 28672K, 9% used [0x000000077a300000,0x000000077a5c7898,0x000000077bf00000)
  to   space 28672K, 0% used [0x000000078b700000,0x000000078b700000,0x000000078d300000)
 ParOldGen       total 84992K, used 47037K [0x00000006c0000000, 0x00000006c5300000, 0x000000076ab00000)
  object space 84992K, 55% used [0x00000006c0000000,0x00000006c2def7e0,0x00000006c5300000)
 Metaspace       used 17171K, capacity 17386K, committed 17664K, reserved 1064960K
  class space    used 2109K, capacity 2191K, committed 2304K, reserved 1048576K
}
Event: 11.121 GC heap before
{Heap before GC invocations=8 (full 0):
 PSYoungGen      total 282624K, used 255150K [0x000000076ab00000, 0x000000078d300000, 0x00000007c0000000)
  eden space 253952K, 99% used [0x000000076ab00000,0x000000077a1642c0,0x000000077a300000)
  from space 28672K, 9% used [0x000000077a300000,0x000000077a5c7898,0x000000077bf00000)
  to   space 28672K, 0% used [0x000000078b700000,0x000000078b700000,0x000000078d300000)
 ParOldGen       total 84992K, used 47037K [0x00000006c0000000, 0x00000006c5300000, 0x000000076ab00000)
  object space 84992K, 55% used [0x00000006c0000000,0x00000006c2def7e0,0x00000006c5300000)
 Metaspace       used 17194K, capacity 17386K, committed 17664K, reserved 1064960K
  class space    used 2109K, capacity 2191K, committed 2304K, reserved 1048576K
Event: 11.128 GC heap after
Heap after GC invocations=8 (full 0):
 PSYoungGen      total 535552K, used 2322K [0x000000076ab00000, 0x000000078d200000, 0x00000007c0000000)
  eden space 507904K, 0% used [0x000000076ab00000,0x000000076ab00000,0x0000000789b00000)
  from space 27648K, 8% used [0x000000078b700000,0x000000078b944830,0x000000078d200000)
  to   space 28160K, 0% used [0x0000000789b00000,0x0000000789b00000,0x000000078b680000)
 ParOldGen       total 84992K, used 48604K [0x00000006c0000000, 0x00000006c5300000, 0x000000076ab00000)
  object space 84992K, 57% used [0x00000006c0000000,0x00000006c2f770f0,0x00000006c5300000)
 Metaspace       used 17194K, capacity 17386K, committed 17664K, reserved 1064960K
  class space    used 2109K, capacity 2191K, committed 2304K, reserved 1048576K
}
Event: 12.508 GC heap before
{Heap before GC invocations=9 (full 0):
 PSYoungGen      total 535552K, used 510226K [0x000000076ab00000, 0x000000078d200000, 0x00000007c0000000)
  eden space 507904K, 100% used [0x000000076ab00000,0x0000000789b00000,0x0000000789b00000)
  from space 27648K, 8% used [0x000000078b700000,0x000000078b944830,0x000000078d200000)
  to   space 28160K, 0% used [0x0000000789b00000,0x0000000789b00000,0x000000078b680000)
 ParOldGen       total 84992K, used 48604K [0x00000006c0000000, 0x00000006c5300000, 0x000000076ab00000)
  object space 84992K, 57% used [0x00000006c0000000,0x00000006c2f770f0,0x00000006c5300000)
 Metaspace       used 17279K, capacity 17482K, committed 17664K, reserved 1064960K
  class space    used 2116K, capacity 2223K, committed 2304K, reserved 1048576K
Event: 12.551 GC heap after
Heap after GC invocations=9 (full 0):
 PSYoungGen      total 536064K, used 28144K [0x000000076ab00000, 0x00000007a0b00000, 0x00000007c0000000)
  eden space 507904K, 0% used [0x000000076ab00000,0x000000076ab00000,0x0000000789b00000)
  from space 28160K, 99% used [0x0000000789b00000,0x000000078b67c1c0,0x000000078b680000)
  to   space 35840K, 0% used [0x000000079e800000,0x000000079e800000,0x00000007a0b00000)
 ParOldGen       total 84992K, used 53808K [0x00000006c0000000, 0x00000006c5300000, 0x000000076ab00000)
  object space 84992K, 63% used [0x00000006c0000000,0x00000006c348c270,0x00000006c5300000)
 Metaspace       used 17279K, capacity 17482K, committed 17664K, reserved 1064960K
  class space    used 2116K, capacity 2223K, committed 2304K, reserved 1048576K
}
Event: 13.755 GC heap before
{Heap before GC invocations=10 (full 0):
 PSYoungGen      total 536064K, used 536048K [0x000000076ab00000, 0x00000007a0b00000, 0x00000007c0000000)
  eden space 507904K, 100% used [0x000000076ab00000,0x0000000789b00000,0x0000000789b00000)
  from space 28160K, 99% used [0x0000000789b00000,0x000000078b67c1c0,0x000000078b680000)
  to   space 35840K, 0% used [0x000000079e800000,0x000000079e800000,0x00000007a0b00000)
 ParOldGen       total 84992K, used 53808K [0x00000006c0000000, 0x00000006c5300000, 0x000000076ab00000)
  object space 84992K, 63% used [0x00000006c0000000,0x00000006c348c270,0x00000006c5300000)
 Metaspace       used 17413K, capacity 17622K, committed 17920K, reserved 1064960K
  class space    used 2131K, capacity 2225K, committed 2304K, reserved 1048576K
Event: 13.864 GC heap after
Heap after GC invocations=10 (full 0):
 PSYoungGen      total 833024K, used 35808K [0x000000076ab00000, 0x00000007a2a00000, 0x00000007c0000000)
  eden space 797184K, 0% used [0x000000076ab00000,0x000000076ab00000,0x000000079b580000)
  from space 35840K, 99% used [0x000000079e800000,0x00000007a0af81d0,0x00000007a0b00000)
  to   space 51712K, 0% used [0x000000079b580000,0x000000079b580000,0x000000079e800000)
 ParOldGen       total 84992K, used 80553K [0x00000006c0000000, 0x00000006c5300000, 0x000000076ab00000)
  object space 84992K, 94% used [0x00000006c0000000,0x00000006c4eaa660,0x00000006c5300000)
 Metaspace       used 17413K, capacity 17622K, committed 17920K, reserved 1064960K
  class space    used 2131K, capacity 2225K, committed 2304K, reserved 1048576K
}
Event: 13.864 GC heap before
{Heap before GC invocations=11 (full 1):
 PSYoungGen      total 833024K, used 35808K [0x000000076ab00000, 0x00000007a2a00000, 0x00000007c0000000)
  eden space 797184K, 0% used [0x000000076ab00000,0x000000076ab00000,0x000000079b580000)
  from space 35840K, 99% used [0x000000079e800000,0x00000007a0af81d0,0x00000007a0b00000)
  to   space 51712K, 0% used [0x000000079b580000,0x000000079b580000,0x000000079e800000)
 ParOldGen       total 84992K, used 80553K [0x00000006c0000000, 0x00000006c5300000, 0x000000076ab00000)
  object space 84992K, 94% used [0x00000006c0000000,0x00000006c4eaa660,0x00000006c5300000)
 Metaspace       used 17413K, capacity 17622K, committed 17920K, reserved 1064960K
  class space    used 2131K, capacity 2225K, committed 2304K, reserved 1048576K
Event: 14.138 GC heap after
Heap after GC invocations=11 (full 1):
 PSYoungGen      total 833024K, used 0K [0x000000076ab00000, 0x00000007a2a00000, 0x00000007c0000000)
  eden space 797184K, 0% used [0x000000076ab00000,0x000000076ab00000,0x000000079b580000)
  from space 35840K, 0% used [0x000000079e800000,0x000000079e800000,0x00000007a0b00000)
  to   space 51712K, 0% used [0x000000079b580000,0x000000079b580000,0x000000079e800000)
 ParOldGen       total 143360K, used 75542K [0x00000006c0000000, 0x00000006c8c00000, 0x000000076ab00000)
  object space 143360K, 52% used [0x00000006c0000000,0x00000006c49c59a8,0x00000006c8c00000)
 Metaspace       used 17413K, capacity 17622K, committed 17920K, reserved 1064960K
  class space    used 2131K, capacity 2225K, committed 2304K, reserved 1048576K
}
Event: 15.277 GC heap before
{Heap before GC invocations=12 (full 1):
 PSYoungGen      total 833024K, used 797184K [0x000000076ab00000, 0x00000007a2a00000, 0x00000007c0000000)
  eden space 797184K, 100% used [0x000000076ab00000,0x000000079b580000,0x000000079b580000)
  from space 35840K, 0% used [0x000000079e800000,0x000000079e800000,0x00000007a0b00000)
  to   space 51712K, 0% used [0x000000079b580000,0x000000079b580000,0x000000079e800000)
 ParOldGen       total 143360K, used 75542K [0x00000006c0000000, 0x00000006c8c00000, 0x000000076ab00000)
  object space 143360K, 52% used [0x00000006c0000000,0x00000006c49c59a8,0x00000006c8c00000)
 Metaspace       used 17452K, capacity 17692K, committed 17920K, reserved 1064960K
  class space    used 2138K, capacity 2226K, committed 2304K, reserved 1048576K

Deoptimization events (10 events):
Event: 12.988 Thread 0x00007f7db000b000 Uncommon trap: reason=class_check action=maybe_recompile pc=0x00007f7da1591bfc method=java.util.HashSet.<init>(Ljava/util/Collection;)V @ 10
Event: 12.989 Thread 0x00007f7db000b000 Uncommon trap: reason=class_check action=maybe_recompile pc=0x00007f7da15b5b20 method=rescuecore2.worldmodel.AbstractEntity.firePropertyChanged(Lrescuecore2/worldmodel/Property;Ljava/lang/Object;Ljava/lang/Object;)V @ 61
Event: 12.989 Thread 0x00007f7db000b000 Uncommon trap: reason=class_check action=maybe_recompile pc=0x00007f7da159a798 method=rescuecore2.worldmodel.AbstractEntity.firePropertyChanged(Lrescuecore2/worldmodel/Property;Ljava/lang/Object;Ljava/lang/Object;)V @ 61
Event: 12.989 Thread 0x00007f7db000b000 Uncommon trap: reason=class_check action=maybe_recompile pc=0x00007f7da15b5b20 method=rescuecore2.worldmodel.AbstractEntity.firePropertyChanged(Lrescuecore2/worldmodel/Property;Ljava/lang/Object;Ljava/lang/Object;)V @ 61
Event: 12.989 Thread 0x00007f7db000b000 Uncommon trap: reason=class_check action=maybe_recompile pc=0x00007f7da159a798 method=rescuecore2.worldmodel.AbstractEntity.firePropertyChanged(Lrescuecore2/worldmodel/Property;Ljava/lang/Object;Ljava/lang/Object;)V @ 61
Event: 12.989 Thread 0x00007f7db000b000 Uncommon trap: reason=class_check action=maybe_recompile pc=0x00007f7da15b5b20 method=rescuecore2.worldmodel.AbstractEntity.firePropertyChanged(Lrescuecore2/worldmodel/Property;Ljava/lang/Object;Ljava/lang/Object;)V @ 61
Event: 13.012 Thread 0x00007f7db000b000 Uncommon trap: reason=bimorphic action=maybe_recompile pc=0x00007f7da1434590 method=java.util.ArrayList.<init>(Ljava/util/Collection;)V @ 6
Event: 13.035 Thread 0x00007f7db000b000 Uncommon trap: reason=unstable_if action=reinterpret pc=0x00007f7da1464b64 method=rescuecore2.standard.kernel.StandardPerception.addRoadProperties(Lrescuecore2/standard/entities/Road;Lrescuecore2/worldmodel/ChangeSet;)V @ 19
Event: 14.436 Thread 0x00007f7db000b000 Uncommon trap: reason=bimorphic action=maybe_recompile pc=0x00007f7da1434590 method=java.util.ArrayList.<init>(Ljava/util/Collection;)V @ 6
Event: 15.236 Thread 0x00007f7db000b000 Uncommon trap: reason=bimorphic action=maybe_recompile pc=0x00007f7da1434590 method=java.util.ArrayList.<init>(Ljava/util/Collection;)V @ 6

Internal exceptions (10 events):
Event: 14.677 Thread 0x00007f7d300ad000 Exception <a 'java/net/SocketTimeoutException': Read timed out> (0x00000007844587e0) thrown at [/build/java8-openjdk/src/jdk8u-jdk8u131-b11/hotspot/src/share/vm/prims/jni.cpp, line 735]
Event: 14.697 Thread 0x00007f7d30103800 Exception <a 'java/net/SocketTimeoutException': Read timed out> (0x000000078552ae80) thrown at [/build/java8-openjdk/src/jdk8u-jdk8u131-b11/hotspot/src/share/vm/prims/jni.cpp, line 735]
Event: 14.706 Thread 0x00007f7d3009c800 Exception <a 'java/net/SocketTimeoutException': Read timed out> (0x00000007862750a8) thrown at [/build/java8-openjdk/src/jdk8u-jdk8u131-b11/hotspot/src/share/vm/prims/jni.cpp, line 735]
Event: 14.746 Thread 0x00007f7d3002a800 Exception <a 'java/net/SocketTimeoutException': Read timed out> (0x000000078aa08798) thrown at [/build/java8-openjdk/src/jdk8u-jdk8u131-b11/hotspot/src/share/vm/prims/jni.cpp, line 735]
Event: 14.748 Thread 0x00007f7d30025800 Exception <a 'java/net/SocketTimeoutException': Read timed out> (0x000000078b856268) thrown at [/build/java8-openjdk/src/jdk8u-jdk8u131-b11/hotspot/src/share/vm/prims/jni.cpp, line 735]
Event: 15.139 Thread 0x00007f7d3010e800 Exception <a 'java/net/SocketTimeoutException': Read timed out> (0x000000076b7aa590) thrown at [/build/java8-openjdk/src/jdk8u-jdk8u131-b11/hotspot/src/share/vm/prims/jni.cpp, line 735]
Event: 15.139 Thread 0x00007f7d300fe800 Exception <a 'java/net/SocketTimeoutException': Read timed out> (0x000000076b8526f0) thrown at [/build/java8-openjdk/src/jdk8u-jdk8u131-b11/hotspot/src/share/vm/prims/jni.cpp, line 735]
Event: 15.139 Thread 0x00007f7db06bb000 Exception <a 'java/net/SocketTimeoutException': Accept timed out> (0x000000076b7c9468) thrown at [/build/java8-openjdk/src/jdk8u-jdk8u131-b11/hotspot/src/share/vm/prims/jni.cpp, line 735]
Event: 15.139 Thread 0x00007f7d30109000 Exception <a 'java/net/SocketTimeoutException': Read timed out> (0x000000076b7fc2a8) thrown at [/build/java8-openjdk/src/jdk8u-jdk8u131-b11/hotspot/src/share/vm/prims/jni.cpp, line 735]
Event: 15.275 Thread 0x00007f7d30097800 Exception <a 'java/net/SocketTimeoutException': Read timed out> (0x0000000774455da0) thrown at [/build/java8-openjdk/src/jdk8u-jdk8u131-b11/hotspot/src/share/vm/prims/jni.cpp, line 735]

Events (10 events):
Event: 15.040 loading class rescuecore2/standard/messages/AKClearArea done
Event: 15.040 loading class rescuecore2/standard/messages/AKExtinguish
Event: 15.040 loading class rescuecore2/standard/messages/AKExtinguish done
Event: 15.236 Thread 0x00007f7db000b000 Uncommon trap: trap_request=0xffffffc6 fr.pc=0x00007f7da1434590
Event: 15.236 Thread 0x00007f7db000b000 DEOPT PACKING pc=0x00007f7da1434590 sp=0x00007f7db82a4640
Event: 15.236 Thread 0x00007f7db000b000 DEOPT UNPACKING pc=0x00007f7da1004f69 sp=0x00007f7db82a4630 mode 2
Event: 15.240 Thread 0x00007f7db00c6800 flushing nmethod 0x00007f7da159f1d0
Event: 15.240 loading class rescuecore2/standard/messages/AKSpeak
Event: 15.240 loading class rescuecore2/standard/messages/AKSpeak done
Event: 15.277 Executing VM operation: ParallelGCFailedAllocation


Dynamic libraries:
00400000-00401000 r-xp 00000000 08:12 1053473                            /usr/lib/jvm/java-8-openjdk/jre/bin/java
00600000-00601000 r--p 00000000 08:12 1053473                            /usr/lib/jvm/java-8-openjdk/jre/bin/java
00601000-00602000 rw-p 00001000 08:12 1053473                            /usr/lib/jvm/java-8-openjdk/jre/bin/java
01ca5000-01cc6000 rw-p 00000000 00:00 0                                  [heap]
6c0000000-6c8c00000 rw-p 00000000 00:00 0 
6c8c00000-76ab00000 ---p 00000000 00:00 0 
76ab00000-7a2a00000 rw-p 00000000 00:00 0 
7b6180000-7c0000000 ---p 00000000 00:00 0 
7c0000000-7c0240000 rw-p 00000000 00:00 0 
7c0240000-800000000 ---p 00000000 00:00 0 
7f7c90000000-7f7c90022000 rw-p 00000000 00:00 0 
7f7c90022000-7f7c94000000 ---p 00000000 00:00 0 
7f7c946c7000-7f7c946ca000 ---p 00000000 00:00 0 
7f7c946ca000-7f7c947c8000 rw-p 00000000 00:00 0 
7f7c947c8000-7f7c947cb000 ---p 00000000 00:00 0 
7f7c947cb000-7f7c948c9000 rw-p 00000000 00:00 0 
7f7c948c9000-7f7c948cc000 ---p 00000000 00:00 0 
7f7c948cc000-7f7c949ca000 rw-p 00000000 00:00 0 
7f7c949ca000-7f7c949cd000 ---p 00000000 00:00 0 
7f7c949cd000-7f7c94acb000 rw-p 00000000 00:00 0 
7f7c94acb000-7f7c94ace000 ---p 00000000 00:00 0 
7f7c94ace000-7f7c94bcc000 rw-p 00000000 00:00 0 
7f7c94bcc000-7f7c94bcf000 ---p 00000000 00:00 0 
7f7c94bcf000-7f7c94ccd000 rw-p 00000000 00:00 0 
7f7c94ccd000-7f7c94cd0000 ---p 00000000 00:00 0 
7f7c94cd0000-7f7c94dce000 rw-p 00000000 00:00 0 
7f7c94dce000-7f7c94dd1000 ---p 00000000 00:00 0 
7f7c94dd1000-7f7c94ecf000 rw-p 00000000 00:00 0 
7f7c94ecf000-7f7c94ed2000 ---p 00000000 00:00 0 
7f7c94ed2000-7f7c94fd0000 rw-p 00000000 00:00 0 
7f7c94fd0000-7f7c94fd3000 ---p 00000000 00:00 0 
7f7c94fd3000-7f7c950d1000 rw-p 00000000 00:00 0 
7f7c950d1000-7f7c950d4000 ---p 00000000 00:00 0 
7f7c950d4000-7f7c951d2000 rw-p 00000000 00:00 0 
7f7c951d2000-7f7c951d5000 ---p 00000000 00:00 0 
7f7c951d5000-7f7c952d3000 rw-p 00000000 00:00 0 
7f7c952d3000-7f7c952d6000 ---p 00000000 00:00 0 
7f7c952d6000-7f7c953d4000 rw-p 00000000 00:00 0 
7f7c953d4000-7f7c953d7000 ---p 00000000 00:00 0 
7f7c953d7000-7f7c954d5000 rw-p 00000000 00:00 0 
7f7c954d5000-7f7c954d8000 ---p 00000000 00:00 0 
7f7c954d8000-7f7c955d6000 rw-p 00000000 00:00 0 
7f7c955d6000-7f7c955d9000 ---p 00000000 00:00 0 
7f7c955d9000-7f7c956d7000 rw-p 00000000 00:00 0 
7f7c956d7000-7f7c956da000 ---p 00000000 00:00 0 
7f7c956da000-7f7c957d8000 rw-p 00000000 00:00 0 
7f7c957d8000-7f7c957db000 ---p 00000000 00:00 0 
7f7c957db000-7f7c958d9000 rw-p 00000000 00:00 0 
7f7c958d9000-7f7c958dc000 ---p 00000000 00:00 0 
7f7c958dc000-7f7c959da000 rw-p 00000000 00:00 0 
7f7c959da000-7f7c959dd000 ---p 00000000 00:00 0 
7f7c959dd000-7f7c95adb000 rw-p 00000000 00:00 0 
7f7c95adb000-7f7c95ade000 ---p 00000000 00:00 0 
7f7c95ade000-7f7c95bdc000 rw-p 00000000 00:00 0 
7f7c95bdc000-7f7c95bdf000 ---p 00000000 00:00 0 
7f7c95bdf000-7f7c95cdd000 rw-p 00000000 00:00 0 
7f7c95cdd000-7f7c95ce0000 ---p 00000000 00:00 0 
7f7c95ce0000-7f7c95dde000 rw-p 00000000 00:00 0 
7f7c95dde000-7f7c95de1000 ---p 00000000 00:00 0 
7f7c95de1000-7f7c95edf000 rw-p 00000000 00:00 0 
7f7c95edf000-7f7c95ee2000 ---p 00000000 00:00 0 
7f7c95ee2000-7f7c95fe0000 rw-p 00000000 00:00 0 
7f7c95fe0000-7f7c95fe3000 ---p 00000000 00:00 0 
7f7c95fe3000-7f7c960e1000 rw-p 00000000 00:00 0 
7f7c960e1000-7f7c960e4000 ---p 00000000 00:00 0 
7f7c960e4000-7f7c961e2000 rw-p 00000000 00:00 0 
7f7c961e2000-7f7c961e5000 ---p 00000000 00:00 0 
7f7c961e5000-7f7c962e3000 rw-p 00000000 00:00 0 
7f7c962e3000-7f7c962e6000 ---p 00000000 00:00 0 
7f7c962e6000-7f7c963e4000 rw-p 00000000 00:00 0 
7f7c963e4000-7f7c963e7000 ---p 00000000 00:00 0 
7f7c963e7000-7f7c964e5000 rw-p 00000000 00:00 0 
7f7c964e5000-7f7c964e8000 ---p 00000000 00:00 0 
7f7c964e8000-7f7c965e6000 rw-p 00000000 00:00 0 
7f7c965e6000-7f7c965e9000 ---p 00000000 00:00 0 
7f7c965e9000-7f7c966e7000 rw-p 00000000 00:00 0 
7f7c966e7000-7f7c966ea000 ---p 00000000 00:00 0 
7f7c966ea000-7f7c967e8000 rw-p 00000000 00:00 0 
7f7c967e8000-7f7c967eb000 ---p 00000000 00:00 0 
7f7c967eb000-7f7c968e9000 rw-p 00000000 00:00 0 
7f7c968e9000-7f7c968ec000 ---p 00000000 00:00 0 
7f7c968ec000-7f7c969ea000 rw-p 00000000 00:00 0 
7f7c969ea000-7f7c969ed000 ---p 00000000 00:00 0 
7f7c969ed000-7f7c96aeb000 rw-p 00000000 00:00 0 
7f7c96aeb000-7f7c96aee000 ---p 00000000 00:00 0 
7f7c96aee000-7f7c96bec000 rw-p 00000000 00:00 0 
7f7c96bec000-7f7c96bef000 ---p 00000000 00:00 0 
7f7c96bef000-7f7c96ced000 rw-p 00000000 00:00 0 
7f7c96ced000-7f7c96cf0000 ---p 00000000 00:00 0 
7f7c96cf0000-7f7c96dee000 rw-p 00000000 00:00 0 
7f7c96dee000-7f7c96df1000 ---p 00000000 00:00 0 
7f7c96df1000-7f7c96eef000 rw-p 00000000 00:00 0 
7f7c96eef000-7f7c96ef2000 ---p 00000000 00:00 0 
7f7c96ef2000-7f7c96ff0000 rw-p 00000000 00:00 0 
7f7c96ff0000-7f7c96ff3000 ---p 00000000 00:00 0 
7f7c96ff3000-7f7c970f1000 rw-p 00000000 00:00 0 
7f7c970f1000-7f7c970f4000 ---p 00000000 00:00 0 
7f7c970f4000-7f7c971f2000 rw-p 00000000 00:00 0 
7f7c971f2000-7f7c971f5000 ---p 00000000 00:00 0 
7f7c971f5000-7f7c972f3000 rw-p 00000000 00:00 0 
7f7c972f3000-7f7c972f6000 ---p 00000000 00:00 0 
7f7c972f6000-7f7c973f4000 rw-p 00000000 00:00 0 
7f7c973f4000-7f7c973f7000 ---p 00000000 00:00 0 
7f7c973f7000-7f7c974f5000 rw-p 00000000 00:00 0 
7f7c974f5000-7f7c974f8000 ---p 00000000 00:00 0 
7f7c974f8000-7f7c975f6000 rw-p 00000000 00:00 0 
7f7c975f6000-7f7c975f9000 ---p 00000000 00:00 0 
7f7c975f9000-7f7c976f7000 rw-p 00000000 00:00 0 
7f7c976f7000-7f7c976fa000 ---p 00000000 00:00 0 
7f7c976fa000-7f7c977f8000 rw-p 00000000 00:00 0 
7f7c977f8000-7f7c977fb000 ---p 00000000 00:00 0 
7f7c977fb000-7f7c978f9000 rw-p 00000000 00:00 0 
7f7c978f9000-7f7c978fc000 ---p 00000000 00:00 0 
7f7c978fc000-7f7c979fa000 rw-p 00000000 00:00 0 
7f7c979fa000-7f7c979fd000 ---p 00000000 00:00 0 
7f7c979fd000-7f7c97afb000 rw-p 00000000 00:00 0 
7f7c97afb000-7f7c97afe000 ---p 00000000 00:00 0 
7f7c97afe000-7f7c97bfc000 rw-p 00000000 00:00 0 
7f7c97bfc000-7f7c97bff000 ---p 00000000 00:00 0 
7f7c97bff000-7f7c97cfd000 rw-p 00000000 00:00 0 
7f7c97cfd000-7f7c97d00000 ---p 00000000 00:00 0 
7f7c97d00000-7f7c97dfe000 rw-p 00000000 00:00 0 
7f7c97dfe000-7f7c97e01000 ---p 00000000 00:00 0 
7f7c97e01000-7f7c97eff000 rw-p 00000000 00:00 0 
7f7c97eff000-7f7c97f02000 ---p 00000000 00:00 0 
7f7c97f02000-7f7c98000000 rw-p 00000000 00:00 0 
7f7c98000000-7f7c98021000 rw-p 00000000 00:00 0 
7f7c98021000-7f7c9c000000 ---p 00000000 00:00 0 
7f7c9c000000-7f7c9c027000 rw-p 00000000 00:00 0 
7f7c9c027000-7f7ca0000000 ---p 00000000 00:00 0 
7f7ca0000000-7f7ca0027000 rw-p 00000000 00:00 0 
7f7ca0027000-7f7ca4000000 ---p 00000000 00:00 0 
7f7ca4000000-7f7ca4022000 rw-p 00000000 00:00 0 
7f7ca4022000-7f7ca8000000 ---p 00000000 00:00 0 
7f7ca8000000-7f7ca8027000 rw-p 00000000 00:00 0 
7f7ca8027000-7f7cac000000 ---p 00000000 00:00 0 
7f7cac000000-7f7cac021000 rw-p 00000000 00:00 0 
7f7cac021000-7f7cb0000000 ---p 00000000 00:00 0 
7f7cb0000000-7f7cb0022000 rw-p 00000000 00:00 0 
7f7cb0022000-7f7cb4000000 ---p 00000000 00:00 0 
7f7cb40c1000-7f7cb40c4000 ---p 00000000 00:00 0 
7f7cb40c4000-7f7cb41c2000 rw-p 00000000 00:00 0 
7f7cb41c2000-7f7cb41c5000 ---p 00000000 00:00 0 
7f7cb41c5000-7f7cb42c3000 rw-p 00000000 00:00 0 
7f7cb42c3000-7f7cb42c6000 ---p 00000000 00:00 0 
7f7cb42c6000-7f7cb43c4000 rw-p 00000000 00:00 0 
7f7cb43c4000-7f7cb43c7000 ---p 00000000 00:00 0 
7f7cb43c7000-7f7cb44c5000 rw-p 00000000 00:00 0 
7f7cb44c5000-7f7cb44c8000 ---p 00000000 00:00 0 
7f7cb44c8000-7f7cb45c6000 rw-p 00000000 00:00 0 
7f7cb45c6000-7f7cb45c9000 ---p 00000000 00:00 0 
7f7cb45c9000-7f7cb46c7000 rw-p 00000000 00:00 0 
7f7cb46c7000-7f7cb46ca000 ---p 00000000 00:00 0 
7f7cb46ca000-7f7cb47c8000 rw-p 00000000 00:00 0 
7f7cb47c8000-7f7cb47cb000 ---p 00000000 00:00 0 
7f7cb47cb000-7f7cb48c9000 rw-p 00000000 00:00 0 
7f7cb48c9000-7f7cb48cc000 ---p 00000000 00:00 0 
7f7cb48cc000-7f7cb49ca000 rw-p 00000000 00:00 0 
7f7cb49ca000-7f7cb49cd000 ---p 00000000 00:00 0 
7f7cb49cd000-7f7cb4acb000 rw-p 00000000 00:00 0 
7f7cb4acb000-7f7cb4ace000 ---p 00000000 00:00 0 
7f7cb4ace000-7f7cb4bcc000 rw-p 00000000 00:00 0 
7f7cb4bcc000-7f7cb4bcf000 ---p 00000000 00:00 0 
7f7cb4bcf000-7f7cb4ccd000 rw-p 00000000 00:00 0 
7f7cb4ccd000-7f7cb4cd0000 ---p 00000000 00:00 0 
7f7cb4cd0000-7f7cb4dce000 rw-p 00000000 00:00 0 
7f7cb4dce000-7f7cb4dd1000 ---p 00000000 00:00 0 
7f7cb4dd1000-7f7cb4ecf000 rw-p 00000000 00:00 0 
7f7cb4ecf000-7f7cb4ed2000 ---p 00000000 00:00 0 
7f7cb4ed2000-7f7cb4fd0000 rw-p 00000000 00:00 0 
7f7cb4fd0000-7f7cb4fd3000 ---p 00000000 00:00 0 
7f7cb4fd3000-7f7cb50d1000 rw-p 00000000 00:00 0 
7f7cb50d1000-7f7cb50d4000 ---p 00000000 00:00 0 
7f7cb50d4000-7f7cb51d2000 rw-p 00000000 00:00 0 
7f7cb51d2000-7f7cb51d5000 ---p 00000000 00:00 0 
7f7cb51d5000-7f7cb52d3000 rw-p 00000000 00:00 0 
7f7cb52d3000-7f7cb52d6000 ---p 00000000 00:00 0 
7f7cb52d6000-7f7cb53d4000 rw-p 00000000 00:00 0 
7f7cb53d4000-7f7cb53d7000 ---p 00000000 00:00 0 
7f7cb53d7000-7f7cb54d5000 rw-p 00000000 00:00 0 
7f7cb54d5000-7f7cb54d8000 ---p 00000000 00:00 0 
7f7cb54d8000-7f7cb55d6000 rw-p 00000000 00:00 0 
7f7cb55d6000-7f7cb55d9000 ---p 00000000 00:00 0 
7f7cb55d9000-7f7cb56d7000 rw-p 00000000 00:00 0 
7f7cb56d7000-7f7cb56da000 ---p 00000000 00:00 0 
7f7cb56da000-7f7cb57d8000 rw-p 00000000 00:00 0 
7f7cb57d8000-7f7cb57db000 ---p 00000000 00:00 0 
7f7cb57db000-7f7cb58d9000 rw-p 00000000 00:00 0 
7f7cb58d9000-7f7cb58dc000 ---p 00000000 00:00 0 
7f7cb58dc000-7f7cb59da000 rw-p 00000000 00:00 0 
7f7cb59da000-7f7cb59dd000 ---p 00000000 00:00 0 
7f7cb59dd000-7f7cb5adb000 rw-p 00000000 00:00 0 
7f7cb5adb000-7f7cb5ade000 ---p 00000000 00:00 0 
7f7cb5ade000-7f7cb5bdc000 rw-p 00000000 00:00 0 
7f7cb5bdc000-7f7cb5bdf000 ---p 00000000 00:00 0 
7f7cb5bdf000-7f7cb5cdd000 rw-p 00000000 00:00 0 
7f7cb5cdd000-7f7cb5ce0000 ---p 00000000 00:00 0 
7f7cb5ce0000-7f7cb5dde000 rw-p 00000000 00:00 0 
7f7cb5dde000-7f7cb5de1000 ---p 00000000 00:00 0 
7f7cb5de1000-7f7cb5edf000 rw-p 00000000 00:00 0 
7f7cb5edf000-7f7cb5ee2000 ---p 00000000 00:00 0 
7f7cb5ee2000-7f7cb5fe0000 rw-p 00000000 00:00 0 
7f7cb5fe0000-7f7cb5fe3000 ---p 00000000 00:00 0 
7f7cb5fe3000-7f7cb60e1000 rw-p 00000000 00:00 0 
7f7cb60e1000-7f7cb60e4000 ---p 00000000 00:00 0 
7f7cb60e4000-7f7cb61e2000 rw-p 00000000 00:00 0 
7f7cb61e2000-7f7cb61e5000 ---p 00000000 00:00 0 
7f7cb61e5000-7f7cb62e3000 rw-p 00000000 00:00 0 
7f7cb62e3000-7f7cb62e6000 ---p 00000000 00:00 0 
7f7cb62e6000-7f7cb63e4000 rw-p 00000000 00:00 0 
7f7cb63e4000-7f7cb63e7000 ---p 00000000 00:00 0 
7f7cb63e7000-7f7cb64e5000 rw-p 00000000 00:00 0 
7f7cb64e5000-7f7cb64e8000 ---p 00000000 00:00 0 
7f7cb64e8000-7f7cb65e6000 rw-p 00000000 00:00 0 
7f7cb65e6000-7f7cb65e9000 ---p 00000000 00:00 0 
7f7cb65e9000-7f7cb66e7000 rw-p 00000000 00:00 0 
7f7cb66e7000-7f7cb66ea000 ---p 00000000 00:00 0 
7f7cb66ea000-7f7cb67e8000 rw-p 00000000 00:00 0 
7f7cb67e8000-7f7cb67eb000 ---p 00000000 00:00 0 
7f7cb67eb000-7f7cb68e9000 rw-p 00000000 00:00 0 
7f7cb68e9000-7f7cb68ec000 ---p 00000000 00:00 0 
7f7cb68ec000-7f7cb69ea000 rw-p 00000000 00:00 0 
7f7cb69ea000-7f7cb69ed000 ---p 00000000 00:00 0 
7f7cb69ed000-7f7cb6aeb000 rw-p 00000000 00:00 0 
7f7cb6aeb000-7f7cb6aee000 ---p 00000000 00:00 0 
7f7cb6aee000-7f7cb6bec000 rw-p 00000000 00:00 0 
7f7cb6bec000-7f7cb6bef000 ---p 00000000 00:00 0 
7f7cb6bef000-7f7cb6ced000 rw-p 00000000 00:00 0 
7f7cb6ced000-7f7cb6cf0000 ---p 00000000 00:00 0 
7f7cb6cf0000-7f7cb6dee000 rw-p 00000000 00:00 0 
7f7cb6dee000-7f7cb6df1000 ---p 00000000 00:00 0 
7f7cb6df1000-7f7cb6eef000 rw-p 00000000 00:00 0 
7f7cb6eef000-7f7cb6ef2000 ---p 00000000 00:00 0 
7f7cb6ef2000-7f7cb6ff0000 rw-p 00000000 00:00 0 
7f7cb6ff0000-7f7cb6ff3000 ---p 00000000 00:00 0 
7f7cb6ff3000-7f7cb70f1000 rw-p 00000000 00:00 0 
7f7cb70f1000-7f7cb70f4000 ---p 00000000 00:00 0 
7f7cb70f4000-7f7cb71f2000 rw-p 00000000 00:00 0 
7f7cb71f2000-7f7cb71f5000 ---p 00000000 00:00 0 
7f7cb71f5000-7f7cb72f3000 rw-p 00000000 00:00 0 
7f7cb72f3000-7f7cb72f6000 ---p 00000000 00:00 0 
7f7cb72f6000-7f7cb73f4000 rw-p 00000000 00:00 0 
7f7cb73f4000-7f7cb73f7000 ---p 00000000 00:00 0 
7f7cb73f7000-7f7cb74f5000 rw-p 00000000 00:00 0 
7f7cb74f5000-7f7cb74f8000 ---p 00000000 00:00 0 
7f7cb74f8000-7f7cb75f6000 rw-p 00000000 00:00 0 
7f7cb75f6000-7f7cb75f9000 ---p 00000000 00:00 0 
7f7cb75f9000-7f7cb76f7000 rw-p 00000000 00:00 0 
7f7cb76f7000-7f7cb76fa000 ---p 00000000 00:00 0 
7f7cb76fa000-7f7cb77f8000 rw-p 00000000 00:00 0 
7f7cb77f8000-7f7cb77fb000 ---p 00000000 00:00 0 
7f7cb77fb000-7f7cb78f9000 rw-p 00000000 00:00 0 
7f7cb78f9000-7f7cb78fc000 ---p 00000000 00:00 0 
7f7cb78fc000-7f7cb79fa000 rw-p 00000000 00:00 0 
7f7cb79fa000-7f7cb79fd000 ---p 00000000 00:00 0 
7f7cb79fd000-7f7cb7afb000 rw-p 00000000 00:00 0 
7f7cb7afb000-7f7cb7afe000 ---p 00000000 00:00 0 
7f7cb7afe000-7f7cb7bfc000 rw-p 00000000 00:00 0 
7f7cb7bfc000-7f7cb7bff000 ---p 00000000 00:00 0 
7f7cb7bff000-7f7cb7cfd000 rw-p 00000000 00:00 0 
7f7cb7cfd000-7f7cb7d00000 ---p 00000000 00:00 0 
7f7cb7d00000-7f7cb7dfe000 rw-p 00000000 00:00 0 
7f7cb7dfe000-7f7cb7e01000 ---p 00000000 00:00 0 
7f7cb7e01000-7f7cb7eff000 rw-p 00000000 00:00 0 
7f7cb7eff000-7f7cb7f02000 ---p 00000000 00:00 0 
7f7cb7f02000-7f7cb8000000 rw-p 00000000 00:00 0 
7f7cb8000000-7f7cb8022000 rw-p 00000000 00:00 0 
7f7cb8022000-7f7cbc000000 ---p 00000000 00:00 0 
7f7cbc000000-7f7cbc021000 rw-p 00000000 00:00 0 
7f7cbc021000-7f7cc0000000 ---p 00000000 00:00 0 
7f7cc0000000-7f7cc0023000 rw-p 00000000 00:00 0 
7f7cc0023000-7f7cc4000000 ---p 00000000 00:00 0 
7f7cc4000000-7f7cc4027000 rw-p 00000000 00:00 0 
7f7cc4027000-7f7cc8000000 ---p 00000000 00:00 0 
7f7cc8000000-7f7cc8027000 rw-p 00000000 00:00 0 
7f7cc8027000-7f7ccc000000 ---p 00000000 00:00 0 
7f7ccc000000-7f7ccc021000 rw-p 00000000 00:00 0 
7f7ccc021000-7f7cd0000000 ---p 00000000 00:00 0 
7f7cd0000000-7f7cd0021000 rw-p 00000000 00:00 0 
7f7cd0021000-7f7cd4000000 ---p 00000000 00:00 0 
7f7cd4000000-7f7cd4027000 rw-p 00000000 00:00 0 
7f7cd4027000-7f7cd8000000 ---p 00000000 00:00 0 
7f7cd8000000-7f7cd8022000 rw-p 00000000 00:00 0 
7f7cd8022000-7f7cdc000000 ---p 00000000 00:00 0 
7f7cdc000000-7f7cdc027000 rw-p 00000000 00:00 0 
7f7cdc027000-7f7ce0000000 ---p 00000000 00:00 0 
7f7ce0000000-7f7ce0027000 rw-p 00000000 00:00 0 
7f7ce0027000-7f7ce4000000 ---p 00000000 00:00 0 
7f7ce4000000-7f7ce4021000 rw-p 00000000 00:00 0 
7f7ce4021000-7f7ce8000000 ---p 00000000 00:00 0 
7f7ce8000000-7f7ce8021000 rw-p 00000000 00:00 0 
7f7ce8021000-7f7cec000000 ---p 00000000 00:00 0 
7f7cec000000-7f7cec022000 rw-p 00000000 00:00 0 
7f7cec022000-7f7cf0000000 ---p 00000000 00:00 0 
7f7cf0000000-7f7cf0027000 rw-p 00000000 00:00 0 
7f7cf0027000-7f7cf4000000 ---p 00000000 00:00 0 
7f7cf4000000-7f7cf4027000 rw-p 00000000 00:00 0 
7f7cf4027000-7f7cf8000000 ---p 00000000 00:00 0 
7f7cf8000000-7f7cf8027000 rw-p 00000000 00:00 0 
7f7cf8027000-7f7cfc000000 ---p 00000000 00:00 0 
7f7cfc000000-7f7cfc021000 rw-p 00000000 00:00 0 
7f7cfc021000-7f7d00000000 ---p 00000000 00:00 0 
7f7d00000000-7f7d00021000 rw-p 00000000 00:00 0 
7f7d00021000-7f7d04000000 ---p 00000000 00:00 0 
7f7d04000000-7f7d04022000 rw-p 00000000 00:00 0 
7f7d04022000-7f7d08000000 ---p 00000000 00:00 0 
7f7d08000000-7f7d08022000 rw-p 00000000 00:00 0 
7f7d08022000-7f7d0c000000 ---p 00000000 00:00 0 
7f7d0c000000-7f7d0c022000 rw-p 00000000 00:00 0 
7f7d0c022000-7f7d10000000 ---p 00000000 00:00 0 
7f7d10000000-7f7d1002d000 rw-p 00000000 00:00 0 
7f7d1002d000-7f7d14000000 ---p 00000000 00:00 0 
7f7d14000000-7f7d14021000 rw-p 00000000 00:00 0 
7f7d14021000-7f7d18000000 ---p 00000000 00:00 0 
7f7d18000000-7f7d18021000 rw-p 00000000 00:00 0 
7f7d18021000-7f7d1c000000 ---p 00000000 00:00 0 
7f7d1c000000-7f7d1c028000 rw-p 00000000 00:00 0 
7f7d1c028000-7f7d20000000 ---p 00000000 00:00 0 
7f7d20000000-7f7d20022000 rw-p 00000000 00:00 0 
7f7d20022000-7f7d24000000 ---p 00000000 00:00 0 
7f7d24000000-7f7d24022000 rw-p 00000000 00:00 0 
7f7d24022000-7f7d28000000 ---p 00000000 00:00 0 
7f7d28000000-7f7d28021000 rw-p 00000000 00:00 0 
7f7d28021000-7f7d2c000000 ---p 00000000 00:00 0 
7f7d2c000000-7f7d2c02a000 rw-p 00000000 00:00 0 
7f7d2c02a000-7f7d30000000 ---p 00000000 00:00 0 
7f7d30000000-7f7d30112000 rw-p 00000000 00:00 0 
7f7d30112000-7f7d34000000 ---p 00000000 00:00 0 
7f7d34000000-7f7d34028000 rw-p 00000000 00:00 0 
7f7d34028000-7f7d38000000 ---p 00000000 00:00 0 
7f7d38000000-7f7d38027000 rw-p 00000000 00:00 0 
7f7d38027000-7f7d3c000000 ---p 00000000 00:00 0 
7f7d3c000000-7f7d3c075000 rw-p 00000000 00:00 0 
7f7d3c075000-7f7d40000000 ---p 00000000 00:00 0 
7f7d40000000-7f7d40021000 rw-p 00000000 00:00 0 
7f7d40021000-7f7d44000000 ---p 00000000 00:00 0 
7f7d44000000-7f7d44021000 rw-p 00000000 00:00 0 
7f7d44021000-7f7d48000000 ---p 00000000 00:00 0 
7f7d48000000-7f7d48021000 rw-p 00000000 00:00 0 
7f7d48021000-7f7d4c000000 ---p 00000000 00:00 0 
7f7d4c000000-7f7d4c021000 rw-p 00000000 00:00 0 
7f7d4c021000-7f7d50000000 ---p 00000000 00:00 0 
7f7d50000000-7f7d50dbc000 rw-p 00000000 00:00 0 
7f7d50dbc000-7f7d54000000 ---p 00000000 00:00 0 
7f7d54000000-7f7d54544000 rw-p 00000000 00:00 0 
7f7d54544000-7f7d58000000 ---p 00000000 00:00 0 
7f7d58000000-7f7d58cb2000 rw-p 00000000 00:00 0 
7f7d58cb2000-7f7d5c000000 ---p 00000000 00:00 0 
7f7d5c000000-7f7d5ccc3000 rw-p 00000000 00:00 0 
7f7d5ccc3000-7f7d60000000 ---p 00000000 00:00 0 
7f7d60000000-7f7d60021000 rw-p 00000000 00:00 0 
7f7d60021000-7f7d64000000 ---p 00000000 00:00 0 
7f7d64000000-7f7d64027000 rw-p 00000000 00:00 0 
7f7d64027000-7f7d68000000 ---p 00000000 00:00 0 
7f7d68000000-7f7d680f1000 rw-p 00000000 00:00 0 
7f7d680f1000-7f7d6c000000 ---p 00000000 00:00 0 
7f7d6c000000-7f7d6c021000 rw-p 00000000 00:00 0 
7f7d6c021000-7f7d70000000 ---p 00000000 00:00 0 
7f7d70000000-7f7d78000000 rw-p 00000000 00:00 0 
7f7d78000000-7f7d78021000 rw-p 00000000 00:00 0 
7f7d78021000-7f7d7c000000 ---p 00000000 00:00 0 
7f7d7c000000-7f7d7c021000 rw-p 00000000 00:00 0 
7f7d7c021000-7f7d80000000 ---p 00000000 00:00 0 
7f7d80000000-7f7d80021000 rw-p 00000000 00:00 0 
7f7d80021000-7f7d84000000 ---p 00000000 00:00 0 
7f7d84000000-7f7d84021000 rw-p 00000000 00:00 0 
7f7d84021000-7f7d88000000 ---p 00000000 00:00 0 
7f7d88000000-7f7d88021000 rw-p 00000000 00:00 0 
7f7d88021000-7f7d8c000000 ---p 00000000 00:00 0 
7f7d8c000000-7f7d8c026000 rw-p 00000000 00:00 0 
7f7d8c026000-7f7d90000000 ---p 00000000 00:00 0 
7f7d900e6000-7f7d900e9000 ---p 00000000 00:00 0 
7f7d900e9000-7f7d901e7000 rw-p 00000000 00:00 0 
7f7d901e7000-7f7d901ea000 ---p 00000000 00:00 0 
7f7d901ea000-7f7d902e8000 rw-p 00000000 00:00 0 
7f7d902e8000-7f7d902eb000 ---p 00000000 00:00 0 
7f7d902eb000-7f7d903e9000 rw-p 00000000 00:00 0 
7f7d903e9000-7f7d903ec000 ---p 00000000 00:00 0 
7f7d903ec000-7f7d904ea000 rw-p 00000000 00:00 0 
7f7d904ea000-7f7d904ed000 ---p 00000000 00:00 0 
7f7d904ed000-7f7d905eb000 rw-p 00000000 00:00 0 
7f7d905eb000-7f7d905ee000 ---p 00000000 00:00 0 
7f7d905ee000-7f7d906ec000 rw-p 00000000 00:00 0 
7f7d906ec000-7f7d906ef000 ---p 00000000 00:00 0 
7f7d906ef000-7f7d907ed000 rw-p 00000000 00:00 0 
7f7d907ed000-7f7d907f0000 ---p 00000000 00:00 0 
7f7d907f0000-7f7d908ee000 rw-p 00000000 00:00 0 
7f7d908ee000-7f7d908f1000 ---p 00000000 00:00 0 
7f7d908f1000-7f7d909ef000 rw-p 00000000 00:00 0 
7f7d909ef000-7f7d909f2000 ---p 00000000 00:00 0 
7f7d909f2000-7f7d90af0000 rw-p 00000000 00:00 0 
7f7d90af0000-7f7d90af3000 ---p 00000000 00:00 0 
7f7d90af3000-7f7d90bf1000 rw-p 00000000 00:00 0 
7f7d90bf1000-7f7d90bf4000 ---p 00000000 00:00 0 
7f7d90bf4000-7f7d90cf2000 rw-p 00000000 00:00 0 
7f7d90cf2000-7f7d90cf5000 ---p 00000000 00:00 0 
7f7d90cf5000-7f7d90df3000 rw-p 00000000 00:00 0 
7f7d90df3000-7f7d90df6000 ---p 00000000 00:00 0 
7f7d90df6000-7f7d90ef4000 rw-p 00000000 00:00 0 
7f7d90ef4000-7f7d90ef7000 ---p 00000000 00:00 0 
7f7d90ef7000-7f7d90ff5000 rw-p 00000000 00:00 0 
7f7d90ff5000-7f7d90ff8000 ---p 00000000 00:00 0 
7f7d90ff8000-7f7d910f6000 rw-p 00000000 00:00 0 
7f7d910f6000-7f7d910f9000 ---p 00000000 00:00 0 
7f7d910f9000-7f7d911f7000 rw-p 00000000 00:00 0 
7f7d911f7000-7f7d911fa000 ---p 00000000 00:00 0 
7f7d911fa000-7f7d912f8000 rw-p 00000000 00:00 0 
7f7d912f8000-7f7d912fb000 ---p 00000000 00:00 0 
7f7d912fb000-7f7d913f9000 rw-p 00000000 00:00 0 
7f7d913f9000-7f7d913fc000 ---p 00000000 00:00 0 
7f7d913fc000-7f7d914fa000 rw-p 00000000 00:00 0 
7f7d914fa000-7f7d914fd000 ---p 00000000 00:00 0 
7f7d914fd000-7f7d915fb000 rw-p 00000000 00:00 0 
7f7d915fb000-7f7d915fe000 ---p 00000000 00:00 0 
7f7d915fe000-7f7d916fc000 rw-p 00000000 00:00 0 
7f7d916fc000-7f7d916ff000 ---p 00000000 00:00 0 
7f7d916ff000-7f7d917fd000 rw-p 00000000 00:00 0 
7f7d917fd000-7f7d91800000 ---p 00000000 00:00 0 
7f7d91800000-7f7d918fe000 rw-p 00000000 00:00 0 
7f7d918fe000-7f7d91901000 ---p 00000000 00:00 0 
7f7d91901000-7f7d919ff000 rw-p 00000000 00:00 0 
7f7d919ff000-7f7d91a02000 ---p 00000000 00:00 0 
7f7d91a02000-7f7d91b00000 rw-p 00000000 00:00 0 
7f7d91b00000-7f7d91b03000 ---p 00000000 00:00 0 
7f7d91b03000-7f7d91c01000 rw-p 00000000 00:00 0 
7f7d91c01000-7f7d91c04000 ---p 00000000 00:00 0 
7f7d91c04000-7f7d91d02000 rw-p 00000000 00:00 0 
7f7d91d02000-7f7d91d05000 ---p 00000000 00:00 0 
7f7d91d05000-7f7d91e03000 rw-p 00000000 00:00 0 
7f7d91e03000-7f7d91e06000 ---p 00000000 00:00 0 
7f7d91e06000-7f7d91f04000 rw-p 00000000 00:00 0 
7f7d91f04000-7f7d91f07000 ---p 00000000 00:00 0 
7f7d91f07000-7f7d92005000 rw-p 00000000 00:00 0 
7f7d92005000-7f7d92008000 ---p 00000000 00:00 0 
7f7d92008000-7f7d92246000 rw-p 00000000 00:00 0 
7f7d92246000-7f7d92306000 ---p 00000000 00:00 0 
7f7d92306000-7f7d92309000 ---p 00000000 00:00 0 
7f7d92309000-7f7d92407000 rw-p 00000000 00:00 0 
7f7d92407000-7f7d92418000 r-xp 00000000 08:12 1054203                    /usr/lib/jvm/java-8-openjdk/jre/lib/amd64/libnio.so
7f7d92418000-7f7d92617000 ---p 00011000 08:12 1054203                    /usr/lib/jvm/java-8-openjdk/jre/lib/amd64/libnio.so
7f7d92617000-7f7d92618000 r--p 00010000 08:12 1054203                    /usr/lib/jvm/java-8-openjdk/jre/lib/amd64/libnio.so
7f7d92618000-7f7d92619000 rw-p 00011000 08:12 1054203                    /usr/lib/jvm/java-8-openjdk/jre/lib/amd64/libnio.so
7f7d92619000-7f7d9262f000 r-xp 00000000 08:12 1054195                    /usr/lib/jvm/java-8-openjdk/jre/lib/amd64/libnet.so
7f7d9262f000-7f7d9282e000 ---p 00016000 08:12 1054195                    /usr/lib/jvm/java-8-openjdk/jre/lib/amd64/libnet.so
7f7d9282e000-7f7d9282f000 r--p 00015000 08:12 1054195                    /usr/lib/jvm/java-8-openjdk/jre/lib/amd64/libnet.so
7f7d9282f000-7f7d92830000 rw-p 00016000 08:12 1054195                    /usr/lib/jvm/java-8-openjdk/jre/lib/amd64/libnet.so
7f7d92830000-7f7d928a2000 r-xp 00000000 08:12 267695                     /usr/lib/libpcre.so.1.2.8
7f7d928a2000-7f7d92aa1000 ---p 00072000 08:12 267695                     /usr/lib/libpcre.so.1.2.8
7f7d92aa1000-7f7d92aa2000 r--p 00071000 08:12 267695                     /usr/lib/libpcre.so.1.2.8
7f7d92aa2000-7f7d92aa3000 rw-p 00072000 08:12 267695                     /usr/lib/libpcre.so.1.2.8
7f7d92aa3000-7f7d92acd000 r-xp 00000000 08:12 275592                     /usr/lib/libgraphite2.so.3.0.1
7f7d92acd000-7f7d92ccc000 ---p 0002a000 08:12 275592                     /usr/lib/libgraphite2.so.3.0.1
7f7d92ccc000-7f7d92cce000 r--p 00029000 08:12 275592                     /usr/lib/libgraphite2.so.3.0.1
7f7d92cce000-7f7d92ccf000 rw-p 0002b000 08:12 275592                     /usr/lib/libgraphite2.so.3.0.1
7f7d92ccf000-7f7d92de0000 r-xp 00000000 08:12 264460                     /usr/lib/libglib-2.0.so.0.5200.3
7f7d92de0000-7f7d92fdf000 ---p 00111000 08:12 264460                     /usr/lib/libglib-2.0.so.0.5200.3
7f7d92fdf000-7f7d92fe0000 r--p 00110000 08:12 264460                     /usr/lib/libglib-2.0.so.0.5200.3
7f7d92fe0000-7f7d92fe1000 rw-p 00111000 08:12 264460                     /usr/lib/libglib-2.0.so.0.5200.3
7f7d92fe1000-7f7d92fe2000 rw-p 00000000 00:00 0 
7f7d92fe2000-7f7d93074000 r-xp 00000000 08:12 273172                     /usr/lib/libharfbuzz.so.0.10400.6
7f7d93074000-7f7d93273000 ---p 00092000 08:12 273172                     /usr/lib/libharfbuzz.so.0.10400.6
7f7d93273000-7f7d93275000 r--p 00091000 08:12 273172                     /usr/lib/libharfbuzz.so.0.10400.6
7f7d93275000-7f7d93276000 rw-p 00093000 08:12 273172                     /usr/lib/libharfbuzz.so.0.10400.6
7f7d93276000-7f7d932ab000 r-xp 00000000 08:12 271529                     /usr/lib/libpng16.so.16.30.0
7f7d932ab000-7f7d934aa000 ---p 00035000 08:12 271529                     /usr/lib/libpng16.so.16.30.0
7f7d934aa000-7f7d934ab000 r--p 00034000 08:12 271529                     /usr/lib/libpng16.so.16.30.0
7f7d934ab000-7f7d934ac000 rw-p 00035000 08:12 271529                     /usr/lib/libpng16.so.16.30.0
7f7d934ac000-7f7d934bb000 r-xp 00000000 08:12 267495                     /usr/lib/libbz2.so.1.0.6
7f7d934bb000-7f7d936ba000 ---p 0000f000 08:12 267495                     /usr/lib/libbz2.so.1.0.6
7f7d936ba000-7f7d936bb000 r--p 0000e000 08:12 267495                     /usr/lib/libbz2.so.1.0.6
7f7d936bb000-7f7d936bc000 rw-p 0000f000 08:12 267495                     /usr/lib/libbz2.so.1.0.6
7f7d936bc000-7f7d936d2000 r-xp 00000000 08:12 275284                     /usr/lib/libgcc_s.so.1
7f7d936d2000-7f7d938d1000 ---p 00016000 08:12 275284                     /usr/lib/libgcc_s.so.1
7f7d938d1000-7f7d938d2000 r--p 00015000 08:12 275284                     /usr/lib/libgcc_s.so.1
7f7d938d2000-7f7d938d3000 rw-p 00016000 08:12 275284                     /usr/lib/libgcc_s.so.1
7f7d938d3000-7f7d93992000 r-xp 00000000 08:12 272983                     /usr/lib/libfreetype.so.6.14.0
7f7d93992000-7f7d93b92000 ---p 000bf000 08:12 272983                     /usr/lib/libfreetype.so.6.14.0
7f7d93b92000-7f7d93b99000 r--p 000bf000 08:12 272983                     /usr/lib/libfreetype.so.6.14.0
7f7d93b99000-7f7d93b9a000 rw-p 000c6000 08:12 272983                     /usr/lib/libfreetype.so.6.14.0
7f7d93b9a000-7f7d93bfb000 r-xp 00000000 08:12 1054191                    /usr/lib/jvm/java-8-openjdk/jre/lib/amd64/libfontmanager.so
7f7d93bfb000-7f7d93dfb000 ---p 00061000 08:12 1054191                    /usr/lib/jvm/java-8-openjdk/jre/lib/amd64/libfontmanager.so
7f7d93dfb000-7f7d93dfe000 r--p 00061000 08:12 1054191                    /usr/lib/jvm/java-8-openjdk/jre/lib/amd64/libfontmanager.so
7f7d93dfe000-7f7d93dff000 rw-p 00064000 08:12 1054191                    /usr/lib/jvm/java-8-openjdk/jre/lib/amd64/libfontmanager.so
7f7d93dff000-7f7d94000000 rw-p 00000000 00:00 0 
7f7d94000000-7f7d9402a000 rw-p 00000000 00:00 0 
7f7d9402a000-7f7d98000000 ---p 00000000 00:00 0 
7f7d980b5000-7f7d980b8000 ---p 00000000 00:00 0 
7f7d980b8000-7f7d983b6000 rw-p 00000000 00:00 0 
7f7d983b6000-7f7d983c9000 r--s 00346000 08:12 1053503                    /usr/lib/jvm/java-8-openjdk/jre/lib/resources.jar
7f7d983c9000-7f7d985c9000 rw-p 00000000 00:00 0 
7f7d985c9000-7f7d985cc000 ---p 00000000 00:00 0 
7f7d985cc000-7f7d986ca000 rw-p 00000000 00:00 0 
7f7d986ca000-7f7d986cd000 ---p 00000000 00:00 0 
7f7d986cd000-7f7d987cb000 rw-p 00000000 00:00 0 
7f7d987e1000-7f7d987e8000 r-xp 00000000 08:12 1054199                    /usr/lib/jvm/java-8-openjdk/jre/lib/amd64/libawt_headless.so
7f7d987e8000-7f7d989e7000 ---p 00007000 08:12 1054199                    /usr/lib/jvm/java-8-openjdk/jre/lib/amd64/libawt_headless.so
7f7d989e7000-7f7d989e8000 r--p 00006000 08:12 1054199                    /usr/lib/jvm/java-8-openjdk/jre/lib/amd64/libawt_headless.so
7f7d989e8000-7f7d989e9000 rw-p 00007000 08:12 1054199                    /usr/lib/jvm/java-8-openjdk/jre/lib/amd64/libawt_headless.so
7f7d989e9000-7f7d98a89000 r-xp 00000000 08:12 1054213                    /usr/lib/jvm/java-8-openjdk/jre/lib/amd64/libawt.so
7f7d98a89000-7f7d98c88000 ---p 000a0000 08:12 1054213                    /usr/lib/jvm/java-8-openjdk/jre/lib/amd64/libawt.so
7f7d98c88000-7f7d98c89000 r--p 0009f000 08:12 1054213                    /usr/lib/jvm/java-8-openjdk/jre/lib/amd64/libawt.so
7f7d98c89000-7f7d98c94000 rw-p 000a0000 08:12 1054213                    /usr/lib/jvm/java-8-openjdk/jre/lib/amd64/libawt.so
7f7d98c94000-7f7d98cb9000 rw-p 00000000 00:00 0 
7f7d98cc8000-7f7d98cd5000 r--s 0009a000 08:12 2885343                    /home/abde/Downloads/TeamFormation/roborescue/lib/xml-0.0.6.jar
7f7d98cd5000-7f7d98cdc000 r--s 0004c000 08:12 2885341                    /home/abde/Downloads/TeamFormation/roborescue/lib/trove-0.1.8.jar
7f7d98cdc000-7f7d98ce3000 r--s 00052000 08:12 2885339                    /home/abde/Downloads/TeamFormation/roborescue/lib/rescuecore.jar
7f7d98ce3000-7f7d98cea000 r--s 00059000 08:12 2885338                    /home/abde/Downloads/TeamFormation/roborescue/lib/log4j-1.2.15.jar
7f7d98cea000-7f7d98cf0000 r--s 0002b000 08:12 2885328                    /home/abde/Downloads/TeamFormation/roborescue/lib/junit-4.5.jar
7f7d98cf0000-7f7d98cfe000 r--s 00098000 08:12 2885327                    /home/abde/Downloads/TeamFormation/roborescue/lib/jts-1.11.jar
7f7d98cfe000-7f7d98d0d000 r--s 00098000 08:12 2885324                    /home/abde/Downloads/TeamFormation/roborescue/lib/jscience-4.3.jar
7f7d98d0d000-7f7d98d1e000 r--s 0014c000 08:12 2885323                    /home/abde/Downloads/TeamFormation/roborescue/lib/jfreechart-1.0.13.jar
7f7d98d1e000-7f7d98d24000 r--s 00046000 08:12 2885322                    /home/abde/Downloads/TeamFormation/roborescue/lib/jcommon-1.0.16.jar
7f7d98d24000-7f7d98d2a000 r--s 00032000 08:12 2885321                    /home/abde/Downloads/TeamFormation/roborescue/lib/jaxen-1.1.1.jar
7f7d98d2a000-7f7d98d2b000 ---p 00000000 00:00 0 
7f7d98d2b000-7f7d98e2b000 rw-p 00000000 00:00 0 
7f7d98e2b000-7f7d98e2e000 ---p 00000000 00:00 0 
7f7d98e2e000-7f7d98f2c000 rw-p 00000000 00:00 0 
7f7d98f2c000-7f7d98f2f000 ---p 00000000 00:00 0 
7f7d98f2f000-7f7d9902d000 rw-p 00000000 00:00 0 
7f7d9902d000-7f7d99030000 ---p 00000000 00:00 0 
7f7d99030000-7f7d9912e000 rw-p 00000000 00:00 0 
7f7d9912e000-7f7d99131000 ---p 00000000 00:00 0 
7f7d99131000-7f7d9922f000 rw-p 00000000 00:00 0 
7f7d9922f000-7f7d99232000 ---p 00000000 00:00 0 
7f7d99232000-7f7d99330000 rw-p 00000000 00:00 0 
7f7d99330000-7f7d99333000 ---p 00000000 00:00 0 
7f7d99333000-7f7d99431000 rw-p 00000000 00:00 0 
7f7d99431000-7f7d996c6000 r--p 00000000 08:12 275235                     /usr/lib/locale/locale-archive
7f7d996c6000-7f7d996c9000 ---p 00000000 00:00 0 
7f7d996c9000-7f7d997c7000 rw-p 00000000 00:00 0 
7f7d997c7000-7f7d997ca000 ---p 00000000 00:00 0 
7f7d997ca000-7f7d998c8000 rw-p 00000000 00:00 0 
7f7d998c8000-7f7d998c9000 ---p 00000000 00:00 0 
7f7d998c9000-7f7d9c000000 rw-p 00000000 00:00 0 
7f7d9c000000-7f7d9c021000 rw-p 00000000 00:00 0 
7f7d9c021000-7f7da0000000 ---p 00000000 00:00 0 
7f7da0001000-7f7da0003000 r--s 0000a000 08:12 2885342                    /home/abde/Downloads/TeamFormation/roborescue/lib/uncommons-maths-1.2.jar
7f7da0003000-7f7da0005000 r--s 0000d000 08:12 2885340                    /home/abde/Downloads/TeamFormation/roborescue/lib/resq-fire.jar
7f7da0005000-7f7da000a000 r--s 00048000 08:12 2885320                    /home/abde/Downloads/TeamFormation/roborescue/lib/dom4j.jar
7f7da000a000-7f7da05b4000 rw-p 00000000 00:00 0 
7f7da05b4000-7f7da0782000 r--s 03c07000 08:12 1053486                    /usr/lib/jvm/java-8-openjdk/jre/lib/rt.jar
7f7da0782000-7f7da07f8000 rw-p 00000000 00:00 0 
7f7da07f8000-7f7da07f9000 ---p 00000000 00:00 0 
7f7da07f9000-7f7da08f9000 rw-p 00000000 00:00 0 
7f7da08f9000-7f7da08fa000 ---p 00000000 00:00 0 
7f7da08fa000-7f7da09fa000 rw-p 00000000 00:00 0 
7f7da09fa000-7f7da09fb000 ---p 00000000 00:00 0 
7f7da09fb000-7f7da0afb000 rw-p 00000000 00:00 0 
7f7da0afb000-7f7da0afc000 ---p 00000000 00:00 0 
7f7da0afc000-7f7da0bfc000 rw-p 00000000 00:00 0 
7f7da0bfc000-7f7da0bfd000 ---p 00000000 00:00 0 
7f7da0bfd000-7f7da0cfd000 rw-p 00000000 00:00 0 
7f7da0cfd000-7f7da0cfe000 ---p 00000000 00:00 0 
7f7da0cfe000-7f7da0dfe000 rw-p 00000000 00:00 0 
7f7da0dfe000-7f7da0dff000 ---p 00000000 00:00 0 
7f7da0dff000-7f7da0eff000 rw-p 00000000 00:00 0 
7f7da0eff000-7f7da0f00000 ---p 00000000 00:00 0 
7f7da0f00000-7f7da1000000 rw-p 00000000 00:00 0 
7f7da1000000-7f7da1600000 rwxp 00000000 00:00 0 
7f7da1600000-7f7db0000000 ---p 00000000 00:00 0 
7f7db0000000-7f7db0736000 rw-p 00000000 00:00 0 
7f7db0736000-7f7db4000000 ---p 00000000 00:00 0 
7f7db4001000-7f7db4002000 r--s 00003000 08:12 2885326                    /home/abde/Downloads/TeamFormation/roborescue/lib/jsi-1.0b2p1.jar
7f7db4002000-7f7db4004000 r--s 0000d000 08:12 2885319                    /home/abde/Downloads/TeamFormation/roborescue/lib/commons-logging-1.1.1.jar
7f7db4004000-7f7db4006000 r--s 00010000 08:12 2885317                    /home/abde/Downloads/TeamFormation/roborescue/jars/traffic3.jar
7f7db4006000-7f7db400d000 r--s 0007e000 08:12 2885316                    /home/abde/Downloads/TeamFormation/roborescue/jars/standard.jar
7f7db400d000-7f7db400f000 r--s 00009000 08:12 2885315                    /home/abde/Downloads/TeamFormation/roborescue/jars/sample.jar
7f7db400f000-7f7db4010000 r--s 00001000 08:12 2885314                    /home/abde/Downloads/TeamFormation/roborescue/jars/resq-fire.jar
7f7db4010000-7f7db4017000 r--s 0004c000 08:12 2885313                    /home/abde/Downloads/TeamFormation/roborescue/jars/rescuecore2.jar
7f7db4017000-7f7db401d000 r--s 00050000 08:12 2885311                    /home/abde/Downloads/TeamFormation/roborescue/jars/maps.jar
7f7db401d000-7f7db4020000 r--s 0001a000 08:12 2885310                    /home/abde/Downloads/TeamFormation/roborescue/jars/kernel.jar
7f7db4020000-7f7db4103000 rw-p 00000000 00:00 0 
7f7db4103000-7f7db4613000 ---p 00000000 00:00 0 
7f7db4613000-7f7db4659000 rw-p 00000000 00:00 0 
7f7db4659000-7f7db4b68000 ---p 00000000 00:00 0 
7f7db4b68000-7f7db4d28000 rw-p 00000000 00:00 0 
7f7db4d28000-7f7db4e13000 ---p 00000000 00:00 0 
7f7db4e13000-7f7db4e2c000 rw-p 00000000 00:00 0 
7f7db4e2c000-7f7db51d4000 ---p 00000000 00:00 0 
7f7db51d4000-7f7db51dc000 r-xp 00000000 08:12 1054196                    /usr/lib/jvm/java-8-openjdk/jre/lib/amd64/libzip.so
7f7db51dc000-7f7db53db000 ---p 00008000 08:12 1054196                    /usr/lib/jvm/java-8-openjdk/jre/lib/amd64/libzip.so
7f7db53db000-7f7db53dc000 r--p 00007000 08:12 1054196                    /usr/lib/jvm/java-8-openjdk/jre/lib/amd64/libzip.so
7f7db53dc000-7f7db53dd000 rw-p 00008000 08:12 1054196                    /usr/lib/jvm/java-8-openjdk/jre/lib/amd64/libzip.so
7f7db53dd000-7f7db53e8000 r-xp 00000000 08:12 263565                     /usr/lib/libnss_files-2.25.so
7f7db53e8000-7f7db55e7000 ---p 0000b000 08:12 263565                     /usr/lib/libnss_files-2.25.so
7f7db55e7000-7f7db55e8000 r--p 0000a000 08:12 263565                     /usr/lib/libnss_files-2.25.so
7f7db55e8000-7f7db55e9000 rw-p 0000b000 08:12 263565                     /usr/lib/libnss_files-2.25.so
7f7db55e9000-7f7db55ef000 rw-p 00000000 00:00 0 
7f7db55ef000-7f7db55fa000 r-xp 00000000 08:12 263563                     /usr/lib/libnss_nis-2.25.so
7f7db55fa000-7f7db57f9000 ---p 0000b000 08:12 263563                     /usr/lib/libnss_nis-2.25.so
7f7db57f9000-7f7db57fa000 r--p 0000a000 08:12 263563                     /usr/lib/libnss_nis-2.25.so
7f7db57fa000-7f7db57fb000 rw-p 0000b000 08:12 263563                     /usr/lib/libnss_nis-2.25.so
7f7db57fb000-7f7db5810000 r-xp 00000000 08:12 263310                     /usr/lib/libnsl-2.25.so
7f7db5810000-7f7db5a0f000 ---p 00015000 08:12 263310                     /usr/lib/libnsl-2.25.so
7f7db5a0f000-7f7db5a10000 r--p 00014000 08:12 263310                     /usr/lib/libnsl-2.25.so
7f7db5a10000-7f7db5a11000 rw-p 00015000 08:12 263310                     /usr/lib/libnsl-2.25.so
7f7db5a11000-7f7db5a13000 rw-p 00000000 00:00 0 
7f7db5a13000-7f7db5a1a000 r-xp 00000000 08:12 263570                     /usr/lib/libnss_compat-2.25.so
7f7db5a1a000-7f7db5c19000 ---p 00007000 08:12 263570                     /usr/lib/libnss_compat-2.25.so
7f7db5c19000-7f7db5c1a000 r--p 00006000 08:12 263570                     /usr/lib/libnss_compat-2.25.so
7f7db5c1a000-7f7db5c1b000 rw-p 00007000 08:12 263570                     /usr/lib/libnss_compat-2.25.so
7f7db5c1b000-7f7db5c48000 r-xp 00000000 08:12 1054197                    /usr/lib/jvm/java-8-openjdk/jre/lib/amd64/libjava.so
7f7db5c48000-7f7db5e47000 ---p 0002d000 08:12 1054197                    /usr/lib/jvm/java-8-openjdk/jre/lib/amd64/libjava.so
7f7db5e47000-7f7db5e48000 r--p 0002c000 08:12 1054197                    /usr/lib/jvm/java-8-openjdk/jre/lib/amd64/libjava.so
7f7db5e48000-7f7db5e4a000 rw-p 0002d000 08:12 1054197                    /usr/lib/jvm/java-8-openjdk/jre/lib/amd64/libjava.so
7f7db5e4a000-7f7db5e57000 r-xp 00000000 08:12 1054177                    /usr/lib/jvm/java-8-openjdk/jre/lib/amd64/libverify.so
7f7db5e57000-7f7db6056000 ---p 0000d000 08:12 1054177                    /usr/lib/jvm/java-8-openjdk/jre/lib/amd64/libverify.so
7f7db6056000-7f7db6058000 r--p 0000c000 08:12 1054177                    /usr/lib/jvm/java-8-openjdk/jre/lib/amd64/libverify.so
7f7db6058000-7f7db6059000 rw-p 0000e000 08:12 1054177                    /usr/lib/jvm/java-8-openjdk/jre/lib/amd64/libverify.so
7f7db6059000-7f7db6060000 r-xp 00000000 08:12 263175                     /usr/lib/librt-2.25.so
7f7db6060000-7f7db625f000 ---p 00007000 08:12 263175                     /usr/lib/librt-2.25.so
7f7db625f000-7f7db6260000 r--p 00006000 08:12 263175                     /usr/lib/librt-2.25.so
7f7db6260000-7f7db6261000 rw-p 00007000 08:12 263175                     /usr/lib/librt-2.25.so
7f7db6261000-7f7db6371000 r-xp 00000000 08:12 263491                     /usr/lib/libm-2.25.so
7f7db6371000-7f7db6571000 ---p 00110000 08:12 263491                     /usr/lib/libm-2.25.so
7f7db6571000-7f7db6572000 r--p 00110000 08:12 263491                     /usr/lib/libm-2.25.so
7f7db6572000-7f7db6573000 rw-p 00111000 08:12 263491                     /usr/lib/libm-2.25.so
7f7db6573000-7f7db71dc000 r-xp 00000000 08:12 1054217                    /usr/lib/jvm/java-8-openjdk/jre/lib/amd64/server/libjvm.so
7f7db71dc000-7f7db73db000 ---p 00c69000 08:12 1054217                    /usr/lib/jvm/java-8-openjdk/jre/lib/amd64/server/libjvm.so
7f7db73db000-7f7db746f000 r--p 00c68000 08:12 1054217                    /usr/lib/jvm/java-8-openjdk/jre/lib/amd64/server/libjvm.so
7f7db746f000-7f7db7497000 rw-p 00cfc000 08:12 1054217                    /usr/lib/jvm/java-8-openjdk/jre/lib/amd64/server/libjvm.so
7f7db7497000-7f7db74c8000 rw-p 00000000 00:00 0 
7f7db74c8000-7f7db7664000 r-xp 00000000 08:12 263724                     /usr/lib/libc-2.25.so
7f7db7664000-7f7db7863000 ---p 0019c000 08:12 263724                     /usr/lib/libc-2.25.so
7f7db7863000-7f7db7867000 r--p 0019b000 08:12 263724                     /usr/lib/libc-2.25.so
7f7db7867000-7f7db7869000 rw-p 0019f000 08:12 263724                     /usr/lib/libc-2.25.so
7f7db7869000-7f7db786d000 rw-p 00000000 00:00 0 
7f7db786d000-7f7db7870000 r-xp 00000000 08:12 263502                     /usr/lib/libdl-2.25.so
7f7db7870000-7f7db7a6f000 ---p 00003000 08:12 263502                     /usr/lib/libdl-2.25.so
7f7db7a6f000-7f7db7a70000 r--p 00002000 08:12 263502                     /usr/lib/libdl-2.25.so
7f7db7a70000-7f7db7a71000 rw-p 00003000 08:12 263502                     /usr/lib/libdl-2.25.so
7f7db7a71000-7f7db7a7e000 r-xp 00000000 08:12 1054222                    /usr/lib/jvm/java-8-openjdk/jre/lib/amd64/jli/libjli.so
7f7db7a7e000-7f7db7c7d000 ---p 0000d000 08:12 1054222                    /usr/lib/jvm/java-8-openjdk/jre/lib/amd64/jli/libjli.so
7f7db7c7d000-7f7db7c7e000 r--p 0000c000 08:12 1054222                    /usr/lib/jvm/java-8-openjdk/jre/lib/amd64/jli/libjli.so
7f7db7c7e000-7f7db7c7f000 rw-p 0000d000 08:12 1054222                    /usr/lib/jvm/java-8-openjdk/jre/lib/amd64/jli/libjli.so
7f7db7c7f000-7f7db7c95000 r-xp 00000000 08:12 267786                     /usr/lib/libz.so.1.2.11
7f7db7c95000-7f7db7e94000 ---p 00016000 08:12 267786                     /usr/lib/libz.so.1.2.11
7f7db7e94000-7f7db7e95000 r--p 00015000 08:12 267786                     /usr/lib/libz.so.1.2.11
7f7db7e95000-7f7db7e96000 rw-p 00016000 08:12 267786                     /usr/lib/libz.so.1.2.11
7f7db7e96000-7f7db7eaf000 r-xp 00000000 08:12 263769                     /usr/lib/libpthread-2.25.so
7f7db7eaf000-7f7db80ae000 ---p 00019000 08:12 263769                     /usr/lib/libpthread-2.25.so
7f7db80ae000-7f7db80af000 r--p 00018000 08:12 263769                     /usr/lib/libpthread-2.25.so
7f7db80af000-7f7db80b0000 rw-p 00019000 08:12 263769                     /usr/lib/libpthread-2.25.so
7f7db80b0000-7f7db80b4000 rw-p 00000000 00:00 0 
7f7db80b4000-7f7db80d7000 r-xp 00000000 08:12 263725                     /usr/lib/ld-2.25.so
7f7db80d7000-7f7db80d9000 r--s 00004000 08:12 2885312                    /home/abde/Downloads/TeamFormation/roborescue/jars/misc.jar
7f7db80d9000-7f7db80da000 r--s 00001000 08:12 2885309                    /home/abde/Downloads/TeamFormation/roborescue/jars/ignition.jar
7f7db80da000-7f7db80dc000 r--s 00003000 08:12 2885308                    /home/abde/Downloads/TeamFormation/roborescue/jars/human.jar
7f7db80dc000-7f7db80de000 r--s 00015000 08:12 2885306                    /home/abde/Downloads/TeamFormation/roborescue/jars/gis2.jar
7f7db80de000-7f7db80e0000 r--s 00006000 08:12 2885305                    /home/abde/Downloads/TeamFormation/roborescue/jars/collapse.jar
7f7db80e0000-7f7db81a5000 rw-p 00000000 00:00 0 
7f7db81a5000-7f7db81a8000 ---p 00000000 00:00 0 
7f7db81a8000-7f7db82a8000 rw-p 00000000 00:00 0 
7f7db82a8000-7f7db82a9000 r--s 00000000 08:12 2885307                    /home/abde/Downloads/TeamFormation/roborescue/jars/handy.jar
7f7db82a9000-7f7db82aa000 r--s 00002000 08:12 2885304                    /home/abde/Downloads/TeamFormation/roborescue/jars/clear.jar
7f7db82aa000-7f7db82cb000 rw-p 00000000 00:00 0 
7f7db82cb000-7f7db82d3000 rw-s 00000000 00:26 31                         /tmp/hsperfdata_abde/2650
7f7db82d3000-7f7db82d4000 rw-p 00000000 00:00 0 
7f7db82d4000-7f7db82d5000 ---p 00000000 00:00 0 
7f7db82d5000-7f7db82d7000 rw-p 00000000 00:00 0 
7f7db82d7000-7f7db82d8000 r--p 00023000 08:12 263725                     /usr/lib/ld-2.25.so
7f7db82d8000-7f7db82d9000 rw-p 00024000 08:12 263725                     /usr/lib/ld-2.25.so
7f7db82d9000-7f7db82da000 rw-p 00000000 00:00 0 
7ffc90102000-7ffc90124000 rw-p 00000000 00:00 0                          [stack]
7ffc901a0000-7ffc901a2000 r--p 00000000 00:00 0                          [vvar]
7ffc901a2000-7ffc901a4000 r-xp 00000000 00:00 0                          [vdso]
ffffffffff600000-ffffffffff601000 r-xp 00000000 00:00 0                  [vsyscall]

VM Arguments:
jvm_args: -Djava.awt.headless=true -Xmx4G -Dlog4j.log.dir=/home/abde/Downloads/TeamFormation/RSLB2/boot/logs/ce5650b5-a36d-4f24-97bf-8b5f67b21a5b 
java_command: kernel.StartKernel -c /home/abde/Downloads/TeamFormation/RSLB2/boot/config/roborescue/kernel.cfg --kernel.agents.think-time=100000 --kernel.timesteps=300 --kernel.port=8186 --gis.map.dir=/home/abde/Downloads/TeamFormation/roborescue/maps/gml/kobe --gis.map.scenario=../../../../RSLB2/scenarios/kobe/example.xml --kernel.logname=/dev/null --nomenu --autorun --nogui --random.seed=1 --nomenu --autorun --nogui
java_class_path (initial): /home/abde/Downloads/TeamFormation/RSLB2/supplement:/home/abde/Downloads/TeamFormation/roborescue/supplement:/home/abde/Downloads/TeamFormation/roborescue/jars/clear.jar:/home/abde/Downloads/TeamFormation/roborescue/jars/collapse.jar:/home/abde/Downloads/TeamFormation/roborescue/jars/gis2.jar:/home/abde/Downloads/TeamFormation/roborescue/jars/handy.jar:/home/abde/Downloads/TeamFormation/roborescue/jars/human.jar:/home/abde/Downloads/TeamFormation/roborescue/jars/ignition.jar:/home/abde/Downloads/TeamFormation/roborescue/jars/kernel.jar:/home/abde/Downloads/TeamFormation/roborescue/jars/maps.jar:/home/abde/Downloads/TeamFormation/roborescue/jars/misc.jar:/home/abde/Downloads/TeamFormation/roborescue/jars/rescuecore2.jar:/home/abde/Downloads/TeamFormation/roborescue/jars/resq-fire.jar:/home/abde/Downloads/TeamFormation/roborescue/jars/sample.jar:/home/abde/Downloads/TeamFormation/roborescue/jars/standard.jar:/home/abde/Downloads/TeamFormation/roborescue/jars/traffic3.jar:/home/abde/Downloads/TeamFormation/roborescue/lib/commons-logging-1.1.1.jar:/home/abde/Downloads/TeamFormation/roborescue/lib/dom4j.jar:/home/abde/Downloads/TeamFormation/roborescue/lib/jaxen-1.1.1.jar:/home/abde/Downloads/TeamFormation/roborescue/lib/jcommon-1.0.16.jar:/home/abde/Downloads/TeamFormation/roborescue/lib/jfreechart-1.0.13.jar:/home/abde/Downloads/TeamFormation/roborescue/lib/jscience-4.3.jar:/home/abde/Downloads/TeamFormation/roborescue/lib/jsi-1.0b2p1.jar:/home/abde/Downloads/TeamFormation/roborescue/lib/jts-1.11.jar:/home/abde/Downloads/TeamFormation/roborescue/lib/junit-4.5.jar:/home/abde/Downloads/TeamFormation/roborescue/lib/log4j-1.2.15.jar:/home/abde/Downloads/TeamFormation/roborescue/lib/rescuecore.jar:/home/abde/Downloads/TeamFormation/roborescue/lib/resq-fire.jar:/home/abde/Downloads/TeamFormation/roborescue/lib/trove-0.1.8.jar:/home/abde/Downloads/TeamFormation/roborescue/lib/uncommons-maths-1.2.jar:/home/abde/Downloads/TeamFormation/roborescue/li
Launcher Type: SUN_STANDARD

Environment Variables:
PATH=/usr/local/sbin:/usr/local/bin:/usr/bin:/usr/lib/jvm/default/bin:/usr/bin/site_perl:/usr/bin/vendor_perl:/usr/bin/core_perl
SHELL=/bin/bash
DISPLAY=:0.0

Signal Handlers:
SIGSEGV: [libjvm.so+0xa69be0], sa_mask[0]=11111111011111111101111111111110, sa_flags=SA_RESTART|SA_SIGINFO
SIGBUS: [libjvm.so+0xa69be0], sa_mask[0]=11111111011111111101111111111110, sa_flags=SA_RESTART|SA_SIGINFO
SIGFPE: [libjvm.so+0x8aad70], sa_mask[0]=11111111011111111101111111111110, sa_flags=SA_RESTART|SA_SIGINFO
SIGPIPE: [libjvm.so+0x8aad70], sa_mask[0]=11111111011111111101111111111110, sa_flags=SA_RESTART|SA_SIGINFO
SIGXFSZ: [libjvm.so+0x8aad70], sa_mask[0]=11111111011111111101111111111110, sa_flags=SA_RESTART|SA_SIGINFO
SIGILL: [libjvm.so+0x8aad70], sa_mask[0]=11111111011111111101111111111110, sa_flags=SA_RESTART|SA_SIGINFO
SIGUSR1: SIG_DFL, sa_mask[0]=00000000000000000000000000000000, sa_flags=none
SIGUSR2: [libjvm.so+0x8aac40], sa_mask[0]=00000000000000000000000000000000, sa_flags=SA_RESTART|SA_SIGINFO
SIGHUP: [libjvm.so+0x8ab0a0], sa_mask[0]=11111111011111111101111111111110, sa_flags=SA_RESTART|SA_SIGINFO
SIGINT: SIG_IGN, sa_mask[0]=00000000000000000000000000000000, sa_flags=none
SIGTERM: [libjvm.so+0x8ab0a0], sa_mask[0]=11111111011111111101111111111110, sa_flags=SA_RESTART|SA_SIGINFO
SIGQUIT: [libjvm.so+0x8ab0a0], sa_mask[0]=11111111011111111101111111111110, sa_flags=SA_RESTART|SA_SIGINFO


---------------  S Y S T E M  ---------------

OS:DISTRIB_ID=ManjaroLinux
DISTRIB_RELEASE=17.0.2
DISTRIB_CODENAME=Gellivara
DISTRIB_DESCRIPTION="Manjaro Linux"

uname:Linux 4.9.37-1-MANJARO #1 SMP PREEMPT Thu Jul 13 06:40:16 UTC 2017 x86_64
libc:glibc 2.25 NPTL 2.25 
rlimit: STACK 8192k, CORE infinity, NPROC 31366, NOFILE 4096, AS infinity
load average:2.31 1.53 0.82

/proc/meminfo:
MemTotal:        8040360 kB
MemFree:          149292 kB
MemAvailable:     152692 kB
Buffers:             780 kB
Cached:           448520 kB
SwapCached:            0 kB
Active:          7317868 kB
Inactive:         336916 kB
Active(anon):    7207920 kB
Inactive(anon):   228752 kB
Active(file):     109948 kB
Inactive(file):   108164 kB
Unevictable:          32 kB
Mlocked:              32 kB
SwapTotal:             0 kB
SwapFree:              0 kB
Dirty:               192 kB
Writeback:             0 kB
AnonPages:       7205680 kB
Mapped:           378392 kB
Shmem:            231180 kB
Slab:              68824 kB
SReclaimable:      29800 kB
SUnreclaim:        39024 kB
KernelStack:       24096 kB
PageTables:        44480 kB
NFS_Unstable:          0 kB
Bounce:                0 kB
WritebackTmp:          0 kB
CommitLimit:     4020180 kB
Committed_AS:   12831124 kB
VmallocTotal:   34359738367 kB
VmallocUsed:           0 kB
VmallocChunk:          0 kB
HardwareCorrupted:     0 kB
AnonHugePages:   5091328 kB
ShmemHugePages:        0 kB
ShmemPmdMapped:        0 kB
HugePages_Total:       0
HugePages_Free:        0
HugePages_Rsvd:        0
HugePages_Surp:        0
Hugepagesize:       2048 kB
DirectMap4k:      100496 kB
DirectMap2M:     2906112 kB
DirectMap1G:     5242880 kB


CPU:total 8 (initial active 8) (4 cores per cpu, 2 threads per core) family 6 model 94 stepping 3, cmov, cx8, fxsr, mmx, sse, sse2, sse3, ssse3, sse4.1, sse4.2, popcnt, avx, avx2, aes, clmul, erms, rtm, 3dnowpref, lzcnt, ht, tsc, tscinvbit, bmi1, bmi2, adx

/proc/cpuinfo:
processor	: 0
vendor_id	: GenuineIntel
cpu family	: 6
model		: 94
model name	: Intel(R) Core(TM) i7-6700HQ CPU @ 2.60GHz
stepping	: 3
microcode	: 0xba
cpu MHz		: 1478.210
cache size	: 6144 KB
physical id	: 0
siblings	: 8
core id		: 0
cpu cores	: 4
apicid		: 0
initial apicid	: 0
fpu		: yes
fpu_exception	: yes
cpuid level	: 22
wp		: yes
flags		: fpu vme de pse tsc msr pae mce cx8 apic sep mtrr pge mca cmov pat pse36 clflush dts acpi mmx fxsr sse sse2 ss ht tm pbe syscall nx pdpe1gb rdtscp lm constant_tsc art arch_perfmon pebs bts rep_good nopl xtopology nonstop_tsc aperfmperf eagerfpu pni pclmulqdq dtes64 monitor ds_cpl vmx est tm2 ssse3 sdbg fma cx16 xtpr pdcm pcid sse4_1 sse4_2 x2apic movbe popcnt tsc_deadline_timer aes xsave avx f16c rdrand lahf_lm abm 3dnowprefetch epb intel_pt tpr_shadow vnmi flexpriority ept vpid fsgsbase tsc_adjust bmi1 hle avx2 smep bmi2 erms invpcid rtm mpx rdseed adx smap clflushopt xsaveopt xsavec xgetbv1 xsaves dtherm ida arat pln pts hwp hwp_notify hwp_act_window hwp_epp
bugs		:
bogomips	: 5186.00
clflush size	: 64
cache_alignment	: 64
address sizes	: 39 bits physical, 48 bits virtual
power management:

processor	: 1
vendor_id	: GenuineIntel
cpu family	: 6
model		: 94
model name	: Intel(R) Core(TM) i7-6700HQ CPU @ 2.60GHz
stepping	: 3
microcode	: 0xba
cpu MHz		: 1516.772
cache size	: 6144 KB
physical id	: 0
siblings	: 8
core id		: 1
cpu cores	: 4
apicid		: 2
initial apicid	: 2
fpu		: yes
fpu_exception	: yes
cpuid level	: 22
wp		: yes
flags		: fpu vme de pse tsc msr pae mce cx8 apic sep mtrr pge mca cmov pat pse36 clflush dts acpi mmx fxsr sse sse2 ss ht tm pbe syscall nx pdpe1gb rdtscp lm constant_tsc art arch_perfmon pebs bts rep_good nopl xtopology nonstop_tsc aperfmperf eagerfpu pni pclmulqdq dtes64 monitor ds_cpl vmx est tm2 ssse3 sdbg fma cx16 xtpr pdcm pcid sse4_1 sse4_2 x2apic movbe popcnt tsc_deadline_timer aes xsave avx f16c rdrand lahf_lm abm 3dnowprefetch epb intel_pt tpr_shadow vnmi flexpriority ept vpid fsgsbase tsc_adjust bmi1 hle avx2 smep bmi2 erms invpcid rtm mpx rdseed adx smap clflushopt xsaveopt xsavec xgetbv1 xsaves dtherm ida arat pln pts hwp hwp_notify hwp_act_window hwp_epp
bugs		:
bogomips	: 5187.20
clflush size	: 64
cache_alignment	: 64
address sizes	: 39 bits physical, 48 bits virtual
power management:

processor	: 2
vendor_id	: GenuineIntel
cpu family	: 6
model		: 94
model name	: Intel(R) Core(TM) i7-6700HQ CPU @ 2.60GHz
stepping	: 3
microcode	: 0xba
cpu MHz		: 1420.129
cache size	: 6144 KB
physical id	: 0
siblings	: 8
core id		: 2
cpu cores	: 4
apicid		: 4
initial apicid	: 4
fpu		: yes
fpu_exception	: yes
cpuid level	: 22
wp		: yes
flags		: fpu vme de pse tsc msr pae mce cx8 apic sep mtrr pge mca cmov pat pse36 clflush dts acpi mmx fxsr sse sse2 ss ht tm pbe syscall nx pdpe1gb rdtscp lm constant_tsc art arch_perfmon pebs bts rep_good nopl xtopology nonstop_tsc aperfmperf eagerfpu pni pclmulqdq dtes64 monitor ds_cpl vmx est tm2 ssse3 sdbg fma cx16 xtpr pdcm pcid sse4_1 sse4_2 x2apic movbe popcnt tsc_deadline_timer aes xsave avx f16c rdrand lahf_lm abm 3dnowprefetch epb intel_pt tpr_shadow vnmi flexpriority ept vpid fsgsbase tsc_adjust bmi1 hle avx2 smep bmi2 erms invpcid rtm mpx rdseed adx smap clflushopt xsaveopt xsavec xgetbv1 xsaves dtherm ida arat pln pts hwp hwp_notify hwp_act_window hwp_epp
bugs		:
bogomips	: 5187.23
clflush size	: 64
cache_alignment	: 64
address sizes	: 39 bits physical, 48 bits virtual
power management:

processor	: 3
vendor_id	: GenuineIntel
cpu family	: 6
model		: 94
model name	: Intel(R) Core(TM) i7-6700HQ CPU @ 2.60GHz
stepping	: 3
microcode	: 0xba
cpu MHz		: 1429.650
cache size	: 6144 KB
physical id	: 0
siblings	: 8
core id		: 3
cpu cores	: 4
apicid		: 6
initial apicid	: 6
fpu		: yes
fpu_exception	: yes
cpuid level	: 22
wp		: yes
flags		: fpu vme de pse tsc msr pae mce cx8 apic sep mtrr pge mca cmov pat pse36 clflush dts acpi mmx fxsr sse sse2 ss ht tm pbe syscall nx pdpe1gb rdtscp lm constant_tsc art arch_perfmon pebs bts rep_good nopl xtopology nonstop_tsc aperfmperf eagerfpu pni pclmulqdq dtes64 monitor ds_cpl vmx est tm2 ssse3 sdbg fma cx16 xtpr pdcm pcid sse4_1 sse4_2 x2apic movbe popcnt tsc_deadline_timer aes xsave avx f16c rdrand lahf_lm abm 3dnowprefetch epb intel_pt tpr_shadow vnmi flexpriority ept vpid fsgsbase tsc_adjust bmi1 hle avx2 smep bmi2 erms invpcid rtm mpx rdseed adx smap clflushopt xsaveopt xsavec xgetbv1 xsaves dtherm ida arat pln pts hwp hwp_notify hwp_act_window hwp_epp
bugs		:
bogomips	: 5187.24
clflush size	: 64
cache_alignment	: 64
address sizes	: 39 bits physical, 48 bits virtual
power management:

processor	: 4
vendor_id	: GenuineIntel
cpu family	: 6
model		: 94
model name	: Intel(R) Core(TM) i7-6700HQ CPU @ 2.60GHz
stepping	: 3
microcode	: 0xba
cpu MHz		: 1476.147
cache size	: 6144 KB
physical id	: 0
siblings	: 8
core id		: 0
cpu cores	: 4
apicid		: 1
initial apicid	: 1
fpu		: yes
fpu_exception	: yes
cpuid level	: 22
wp		: yes
flags		: fpu vme de pse tsc msr pae mce cx8 apic sep mtrr pge mca cmov pat pse36 clflush dts acpi mmx fxsr sse sse2 ss ht tm pbe syscall nx pdpe1gb rdtscp lm constant_tsc art arch_perfmon pebs bts rep_good nopl xtopology nonstop_tsc aperfmperf eagerfpu pni pclmulqdq dtes64 monitor ds_cpl vmx est tm2 ssse3 sdbg fma cx16 xtpr pdcm pcid sse4_1 sse4_2 x2apic movbe popcnt tsc_deadline_timer aes xsave avx f16c rdrand lahf_lm abm 3dnowprefetch epb intel_pt tpr_shadow vnmi flexpriority ept vpid fsgsbase tsc_adjust bmi1 hle avx2 smep bmi2 erms invpcid rtm mpx rdseed adx smap clflushopt xsaveopt xsavec xgetbv1 xsaves dtherm ida arat pln pts hwp hwp_notify hwp_act_window hwp_epp
bugs		:
bogomips	: 5187.80
clflush size	: 64
cache_alignment	: 64
address sizes	: 39 bits physical, 48 bits virtual
power management:

processor	: 5
vendor_id	: GenuineIntel
cpu family	: 6
model		: 94
model name	: Intel(R) Core(TM) i7-6700HQ CPU @ 2.60GHz
stepping	: 3
microcode	: 0xba
cpu MHz		: 1496.777
cache size	: 6144 KB
physical id	: 0
siblings	: 8
core id		: 1
cpu cores	: 4
apicid		: 3
initial apicid	: 3
fpu		: yes
fpu_exception	: yes
cpuid level	: 22
wp		: yes
flags		: fpu vme de pse tsc msr pae mce cx8 apic sep mtrr pge mca cmov pat pse36 clflush dts acpi mmx fxsr sse sse2 ss ht tm pbe syscall nx pdpe1gb rdtscp lm constant_tsc art arch_perfmon pebs bts rep_good nopl xtopology nonstop_tsc aperfmperf eagerfpu pni pclmulqdq dtes64 monitor ds_cpl vmx est tm2 ssse3 sdbg fma cx16 xtpr pdcm pcid sse4_1 sse4_2 x2apic movbe popcnt tsc_deadline_timer aes xsave avx f16c rdrand lahf_lm abm 3dnowprefetch epb intel_pt tpr_shadow vnmi flexpriority ept vpid fsgsbase tsc_adjust bmi1 hle avx2 smep bmi2 erms invpcid rtm mpx rdseed adx smap clflushopt xsaveopt xsavec xgetbv1 xsaves dtherm ida arat pln pts hwp hwp_notify hwp_act_window hwp_epp
bugs		:
bogomips	: 5187.33
clflush size	: 64
cache_alignment	: 64
address sizes	: 39 bits physical, 48 bits virtual
power management:

processor	: 6
vendor_id	: GenuineIntel
cpu family	: 6
model		: 94
model name	: Intel(R) Core(TM) i7-6700HQ CPU @ 2.60GHz
stepping	: 3
microcode	: 0xba
cpu MHz		: 1431.237
cache size	: 6144 KB
physical id	: 0
siblings	: 8
core id		: 2
cpu cores	: 4
apicid		: 5
initial apicid	: 5
fpu		: yes
fpu_exception	: yes
cpuid level	: 22
wp		: yes
flags		: fpu vme de pse tsc msr pae mce cx8 apic sep mtrr pge mca cmov pat pse36 clflush dts acpi mmx fxsr sse sse2 ss ht tm pbe syscall nx pdpe1gb rdtscp lm constant_tsc art arch_perfmon pebs bts rep_good nopl xtopology nonstop_tsc aperfmperf eagerfpu pni pclmulqdq dtes64 monitor ds_cpl vmx est tm2 ssse3 sdbg fma cx16 xtpr pdcm pcid sse4_1 sse4_2 x2apic movbe popcnt tsc_deadline_timer aes xsave avx f16c rdrand lahf_lm abm 3dnowprefetch epb intel_pt tpr_shadow vnmi flexpriority ept vpid fsgsbase tsc_adjust bmi1 hle avx2 smep bmi2 erms invpcid rtm mpx rdseed adx smap clflushopt xsaveopt xsavec xgetbv1 xsaves dtherm ida arat pln pts hwp hwp_notify hwp_act_window hwp_epp
bugs		:
bogomips	: 5187.34
clflush size	: 64
cache_alignment	: 64
address sizes	: 39 bits physical, 48 bits virtual
power management:

processor	: 7
vendor_id	: GenuineIntel
cpu family	: 6
model		: 94
model name	: Intel(R) Core(TM) i7-6700HQ CPU @ 2.60GHz
stepping	: 3
microcode	: 0xba
cpu MHz		: 1350.305
cache size	: 6144 KB
physical id	: 0
siblings	: 8
core id		: 3
cpu cores	: 4
apicid		: 7
initial apicid	: 7
fpu		: yes
fpu_exception	: yes
cpuid level	: 22
wp		: yes
flags		: fpu vme de pse tsc msr pae mce cx8 apic sep mtrr pge mca cmov pat pse36 clflush dts acpi mmx fxsr sse sse2 ss ht tm pbe syscall nx pdpe1gb rdtscp lm constant_tsc art arch_perfmon pebs bts rep_good nopl xtopology nonstop_tsc aperfmperf eagerfpu pni pclmulqdq dtes64 monitor ds_cpl vmx est tm2 ssse3 sdbg fma cx16 xtpr pdcm pcid sse4_1 sse4_2 x2apic movbe popcnt tsc_deadline_timer aes xsave avx f16c rdrand lahf_lm abm 3dnowprefetch epb intel_pt tpr_shadow vnmi flexpriority ept vpid fsgsbase tsc_adjust bmi1 hle avx2 smep bmi2 erms invpcid rtm mpx rdseed adx smap clflushopt xsaveopt xsavec xgetbv1 xsaves dtherm ida arat pln pts hwp hwp_notify hwp_act_window hwp_epp
bugs		:
bogomips	: 5187.32
clflush size	: 64
cache_alignment	: 64
address sizes	: 39 bits physical, 48 bits virtual
power management:



Memory: 4k page, physical 8040360k(149340k free), swap 0k(0k free)

vm_info: OpenJDK 64-Bit Server VM (25.131-b11) for linux-amd64 JRE (1.8.0_131-b11), built on Jun 10 2017 08:19:59 by "builduser" with gcc 7.1.1 20170516

time: Tue Jul 18 09:23:29 2017
elapsed time: 15 seconds (0d 0h 0m 15s)

