#
# A fatal error has been detected by the Java Runtime Environment:
#
#  SIGSEGV (0xb) at pc=0x00007fbc9ef4d009, pid=17201, tid=17205
#
# JRE version: OpenJDK Runtime Environment (9.0) (build 9-internal+0-2016-04-14-195246.buildd.src)
# Java VM: OpenJDK 64-Bit Server VM (9-internal+0-2016-04-14-195246.buildd.src, mixed mode, tiered, compressed oops, g1 gc, linux-amd64)
# Problematic frame:
# C  [libjava.so+0x1d009]  JNU_GetEnv+0x19
#
# Core dump will be written. Default location: core.17201 (may not exist)
#
# If you would like to submit a bug report, please visit:
#   http://bugreport.java.com/bugreport/crash.jsp
# The crash happened outside the Java Virtual Machine in native code.
# See problematic frame for where to report the bug.
#

---------------  S U M M A R Y ------------

Command Line: -Djava.awt.headless=true -Xmx4G -Dlog4j.log.dir=/mnt/d/Nightsky/Documents/Labo/Software/TeamFormation/RSLB2/boot/logs/6afae57c-71ed-4719-84ca-e98558c4d431 kernel.StartKernel -c /mnt/d/Nightsky/Documents/Labo/Software/TeamFormation/RSLB2/boot/config/roborescue/kernel.cfg --kernel.agents.think-time=100000 --kernel.timesteps=300 --kernel.port=7541 --gis.map.dir=/mnt/d/Nightsky/Documents/Labo/Software/TeamFormation/roborescue/maps/gml/paris --gis.map.scenario=../../../../RSLB2/scenarios/paris/example-nopolice.xml --kernel.logname=/dev/null --nomenu --autorun --nogui --random.seed=1 --nomenu --autorun --nogui

Host: Intel(R) Core(TM) i7-3770 CPU @ 3.40GHz, 8 cores, 7G, Ubuntu 16.04.5 LTS
Time: Mon Aug 20 12:24:05 2018 DST elapsed time: 10 seconds (0d 0h 0m 10s)

---------------  T H R E A D  ---------------

Current thread (0x00007fbc98011800):  JavaThread "main" [_thread_in_native, id=17205, stack(0x00007fbca1ec0000,0x00007fbca1fc1000)]

Stack: [0x00007fbca1ec0000,0x00007fbca1fc1000],  sp=0x00007fbca1fbe240,  free space=1016k
Native frames: (J=compiled Java code, j=interpreted, Vv=VM code, C=native code)
C  [libjava.so+0x1d009]  JNU_GetEnv+0x19
C  [libfontmanager.so+0x33f8e]
C  [libfreetype.so.6+0x14d2b]  FT_Stream_Seek+0x1b

Java frames: (J=compiled Java code, j=interpreted, Vv=VM code)
j  sun.font.FreetypeFontScaler.initNativeScaler(Lsun/font/Font2D;IIZI)J+0 java.desktop@9-internal
j  sun.font.FreetypeFontScaler.<init>(Lsun/font/Font2D;IZI)V+26 java.desktop@9-internal
v  ~StubRoutines::call_stub
j  sun.reflect.NativeConstructorAccessorImpl.newInstance0(Ljava/lang/reflect/Constructor;[Ljava/lang/Object;)Ljava/lang/Object;+0 java.base@9-internal
j  sun.reflect.NativeConstructorAccessorImpl.newInstance([Ljava/lang/Object;)Ljava/lang/Object;+85 java.base@9-internal
j  sun.reflect.DelegatingConstructorAccessorImpl.newInstance([Ljava/lang/Object;)Ljava/lang/Object;+5 java.base@9-internal
j  java.lang.reflect.Constructor.newInstance([Ljava/lang/Object;)Ljava/lang/Object;+65 java.base@9-internal
j  sun.font.FontScaler.getScaler(Lsun/font/Font2D;IZI)Lsun/font/FontScaler;+39 java.desktop@9-internal
j  sun.font.TrueTypeFont.getScaler()Lsun/font/FontScaler;+21 java.desktop@9-internal
j  sun.font.FileFontStrike.<init>(Lsun/font/FileFont;Lsun/font/FontStrikeDesc;)V+204 java.desktop@9-internal
j  sun.font.FileFont.createStrike(Lsun/font/FontStrikeDesc;)Lsun/font/FontStrike;+18 java.desktop@9-internal
j  sun.font.Font2D.getStrike(Lsun/font/FontStrikeDesc;Z)Lsun/font/FontStrike;+92 java.desktop@9-internal
j  sun.font.Font2D.getStrike(Lsun/font/FontStrikeDesc;)Lsun/font/FontStrike;+3 java.desktop@9-internal
j  sun.font.CompositeStrike.getStrikeForSlot(I)Lsun/font/PhysicalStrike;+23 java.desktop@9-internal
j  sun.font.CompositeStrike.getFontMetrics()Lsun/font/StrikeMetrics;+31 java.desktop@9-internal
j  sun.font.FontDesignMetrics.initMatrixAndMetrics()V+28 java.desktop@9-internal
j  sun.font.FontDesignMetrics.<init>(Ljava/awt/Font;Ljava/awt/font/FontRenderContext;)V+62 java.desktop@9-internal
j  sun.font.FontDesignMetrics.getMetrics(Ljava/awt/Font;Ljava/awt/font/FontRenderContext;)Lsun/font/FontDesignMetrics;+128 java.desktop@9-internal
j  sun.swing.SwingUtilities2.getFontMetrics(Ljavax/swing/JComponent;Ljava/awt/Font;)Ljava/awt/FontMetrics;+15 java.desktop@9-internal
j  javax.swing.JComponent.getFontMetrics(Ljava/awt/Font;)Ljava/awt/FontMetrics;+2 java.desktop@9-internal
j  javax.swing.plaf.basic.BasicLabelUI.getPreferredSize(Ljavax/swing/JComponent;)Ljava/awt/Dimension;+144 java.desktop@9-internal
j  javax.swing.JComponent.getPreferredSize()Ljava/awt/Dimension;+26 java.desktop@9-internal
j  javax.swing.border.TitledBorder.getBorderInsets(Ljava/awt/Component;Ljava/awt/Insets;)Ljava/awt/Insets;+54 java.desktop@9-internal
j  javax.swing.border.AbstractBorder.getBorderInsets(Ljava/awt/Component;)Ljava/awt/Insets;+13 java.desktop@9-internal
j  javax.swing.JComponent.setBorder(Ljavax/swing/border/Border;)V+33 java.desktop@9-internal
j  kernel.ui.ComponentManagerGUI.add(Ljavax/swing/JList;Ljava/lang/String;)V+14
j  kernel.ui.ComponentManagerGUI.<init>()V+124
j  kernel.ComponentManager.<init>(Lkernel/Kernel;Lrescuecore2/worldmodel/WorldModel;Lrescuecore2/config/Config;Lrescuecore2/scenario/Scenario;)V+123
j  kernel.StartKernel.createKernel(Lrescuecore2/config/Config;Z)Lkernel/StartKernel$KernelInfo;+280
j  kernel.StartKernel.main([Ljava/lang/String;)V+591
v  ~StubRoutines::call_stub

siginfo: si_signo: 11 (SIGSEGV), si_code: 1 (SEGV_MAPERR), si_addr: 0x0000000000000000

Register to memory mapping:

RAX=0x0000000000000000 is an unknown value
RBX=0x0000000000000000 is an unknown value
RCX=0x0000000000000000 is an unknown value
RDX=0x0000000000010002 is an unknown value
RSP=0x00007fbca1fbe240 is pointing into the stack for thread: 0x00007fbc98011800
RBP=0x00007fbca1fbe250 is pointing into the stack for thread: 0x00007fbc98011800
RSI=0x0000000000010002 is an unknown value
RDI=0x0000000000000000 is an unknown value
R8 =0x0000000000000000 is an unknown value
R9 =0x0000000000000000 is an unknown value
R10=0x00000000000001db is an unknown value
R11=0x00007fbc9ef4cff0: JNU_GetEnv+0x0000000000000000 in /usr/lib/jvm/java-9-openjdk-amd64/lib/amd64/libjava.so at 0x00007fbc9ef30000
R12=0x00007fbc9827a350 is an unknown value
R13=0x0000000000000000 is an unknown value
R14=0x0000000000000000 is an unknown value
R15=0x00007fbc9869fce0 is an unknown value


Registers:
RAX=0x0000000000000000, RBX=0x0000000000000000, RCX=0x0000000000000000, RDX=0x0000000000010002
RSP=0x00007fbca1fbe240, RBP=0x00007fbca1fbe250, RSI=0x0000000000010002, RDI=0x0000000000000000
R8 =0x0000000000000000, R9 =0x0000000000000000, R10=0x00000000000001db, R11=0x00007fbc9ef4cff0
R12=0x00007fbc9827a350, R13=0x0000000000000000, R14=0x0000000000000000, R15=0x00007fbc9869fce0
RIP=0x00007fbc9ef4d009, EFLAGS=0x0000000000010246, CSGSFS=0x00000053002b0033, ERR=0x0000000000000000
  TRAPNO=0x0000000000000000

Top of Stack: (sp=0x00007fbca1fbe240)
0x00007fbca1fbe240:   0000000000000000 83741f9cf7ed2e00
0x00007fbca1fbe250:   00007fbca1fbe290 00007fbc19c73f8e
0x00007fbca1fbe260:   00007fbc9827aca0 00007fbc9827a350
0x00007fbca1fbe270:   0000000000000000 0000000000000000
0x00007fbca1fbe280:   00007fbc9827a350 00007fbc9869fce0
0x00007fbca1fbe290:   0000000000000000 00007fbc199a4d2b
0x00007fbca1fbe2a0:   0000000000000000 00007fbc19c36d80
0x00007fbca1fbe2b0:   0000000000000000 00007fbc199b88e0
0x00007fbca1fbe2c0:   0000000000000002 0000003200000008
0x00007fbca1fbe2d0:   0000000000000000 0000000000000000
0x00007fbca1fbe2e0:   0000006e0000005b 0000000000000000
0x00007fbca1fbe2f0:   0000000000000000 0000007c00000077
0x00007fbca1fbe300:   0202020202020202 0202020202020202
0x00007fbca1fbe310:   0000000000000000 0000000000000000
0x00007fbca1fbe320:   0101010101010101 00007fbc98000020
0x00007fbca1fbe330:   0000000000000070 00007fbca1fbe3e4
0x00007fbca1fbe340:   00007fbc9827aca0 00007fbc9869fce0
0x00007fbca1fbe350:   00007fbca1fbe3e4 00007fbca16a4184
0x00007fbca1fbe360:   00007fbca05fdf00 00007fbca1fbe394
0x00007fbca1fbe370:   00007fbc19c339e0 83741f9cf7ed2e00
0x00007fbca1fbe380:   0000000000000070 00007fbc9827a460
0x00007fbca1fbe390:   00007fbc19c339e0 00007fbca1fbe4a8
0x00007fbca1fbe3a0:   00007fbc9827aca0 00007fbc9869fce0
0x00007fbca1fbe3b0:   00007fbc986a0210 00007fbc199a74c2
0x00007fbca1fbe3c0:   0000000100000000 00007fbca1fbe4b0
0x00007fbca1fbe3d0:   0000000000000000 0000000000000000
0x00007fbca1fbe3e0:   00000000a1fbe4a8 83741f9cf7ed2e00
0x00007fbca1fbe3f0:   00007fbc9827a460 00007fbca1fbe4b0
0x00007fbca1fbe400:   0000000000000000 00007fbc9827abc8
0x00007fbca1fbe410:   00007fbca1fbe6b0 00007fbc9827ab28
0x00007fbca1fbe420:   00007fbc9827aca0 00007fbc199a9581
0x00007fbca1fbe430:   00007fbca1fbe4b0 00007fbc199a9376 

Instructions: (pc=0x00007fbc9ef4d009)
0x00007fbc9ef4cfe9:   ff eb ea 0f 1f 40 00 55 89 f2 48 89 e5 48 83 ec
0x00007fbc9ef4cff9:   10 64 48 8b 04 25 28 00 00 00 48 89 45 f8 31 c0
0x00007fbc9ef4d009:   48 8b 07 48 8d 75 f0 ff 50 30 48 8b 4d f8 64 48
0x00007fbc9ef4d019:   33 0c 25 28 00 00 00 48 8b 45 f0 75 02 c9 c3 e8 


---------------  P R O C E S S  ---------------

Java Threads: ( => current thread )
  0x00007fbbd800b000 JavaThread "SeedGenerator Thread" daemon [_thread_blocked, id=17292, stack(0x00007fbc19320000,0x00007fbc19421000)]
  0x00007fbc98751800 JavaThread "SeedGenerator Thread" daemon [_thread_in_Java, id=17250, stack(0x00007fbc19540000,0x00007fbc19641000)]
  0x00007fbc986bb800 JavaThread "Java2D Disposer" daemon [_thread_blocked, id=17249, stack(0x00007fbc19650000,0x00007fbc19751000)]
  0x00007fbc9820e800 JavaThread "Service Thread" daemon [_thread_blocked, id=17237, stack(0x00007fbc1af20000,0x00007fbc1b021000)]
  0x00007fbc981c9000 JavaThread "Common-Cleaner" daemon [_thread_blocked, id=17236, stack(0x00007fbc1b030000,0x00007fbc1b131000)]
  0x00007fbc981a1800 JavaThread "Sweeper thread" daemon [_thread_blocked, id=17235, stack(0x00007fbc1b890000,0x00007fbc1b991000)]
  0x00007fbc9819f800 JavaThread "C1 CompilerThread3" daemon [_thread_blocked, id=17234, stack(0x00007fbc1b9a0000,0x00007fbc1baa1000)]
  0x00007fbc9819d800 JavaThread "C2 CompilerThread2" daemon [_thread_blocked, id=17233, stack(0x00007fbc1bab0000,0x00007fbc1bbb1000)]
  0x00007fbc9819b800 JavaThread "C2 CompilerThread1" daemon [_thread_blocked, id=17232, stack(0x00007fbc1bbc0000,0x00007fbc1bcc1000)]
  0x00007fbc9819a000 JavaThread "C2 CompilerThread0" daemon [_thread_blocked, id=17231, stack(0x00007fbc1bcd0000,0x00007fbc1bdd1000)]
  0x00007fbc98195800 JavaThread "Signal Dispatcher" daemon [_thread_blocked, id=17230, stack(0x00007fbc1bde0000,0x00007fbc1bee1000)]
  0x00007fbc98193800 JavaThread "Surrogate Locker Thread (Concurrent GC)" daemon [_thread_blocked, id=17229, stack(0x00007fbc1bef0000,0x00007fbc1bff1000)]
  0x00007fbc98182000 JavaThread "Finalizer" daemon [_thread_blocked, id=17228, stack(0x00007fbc28240000,0x00007fbc28341000)]
  0x00007fbc9817e000 JavaThread "Reference Handler" daemon [_thread_blocked, id=17227, stack(0x00007fbc28350000,0x00007fbc28451000)]
=>0x00007fbc98011800 JavaThread "main" [_thread_in_native, id=17205, stack(0x00007fbca1ec0000,0x00007fbca1fc1000)]

Other Threads:
  0x00007fbc98174000 VMThread [stack: 0x00007fbc28460000,0x00007fbc28561000] [id=17226]
  0x00007fbc98270000 WatcherThread [stack: 0x00007fbc1ae10000,0x00007fbc1af11000] [id=17238]

Threads with active compile tasks:

VM state:not at safepoint (normal execution)

VM Mutex/Monitor currently owned by a thread: None

heap address: 0x00000006c0000000, size: 4096 MB, Compressed Oops mode: Zero based, Oop shift amount: 3
Narrow klass base: 0x0000000000000000, Narrow klass shift: 3
Compressed class space size: 1073741824 Address: 0x00000007c0000000

Heap:
 garbage-first heap   total 186368K, used 69267K [0x00000006c0000000, 0x00000006c01005b0, 0x00000007c0000000)
  region size 1024K, 26 young (26624K), 1 survivors (1024K)
 Metaspace       used 17866K, capacity 18306K, committed 18432K, reserved 1064960K
  class space    used 2132K, capacity 2287K, committed 2304K, reserved 1048576K

Heap Regions: E=young(eden), S=young(survivor), O=old, HS=humongous(starts), HC=humongous(continues), CS=collection set, F=free, A=archive, TS=gc time stamp, AC=allocation context, TAMS=top-at-mark-start (previous, next)
|   0|0x00000006c0000000, 0x00000006c0100000, 0x00000006c0100000|100%| O|  |TS  0|AC  0|TAMS 0x00000006c0100000, 0x00000006c0100000|
|   1|0x00000006c0100000, 0x00000006c0200000, 0x00000006c0200000|100%|HS|  |TS  0|AC  0|TAMS 0x00000006c0100000, 0x00000006c0100000|
|   2|0x00000006c0200000, 0x00000006c0300000, 0x00000006c0300000|100%|HC|  |TS  0|AC  0|TAMS 0x00000006c0200000, 0x00000006c0200000|
|   3|0x00000006c0300000, 0x00000006c0400000, 0x00000006c0400000|100%|HC|  |TS  0|AC  0|TAMS 0x00000006c0300000, 0x00000006c0300000|
|   4|0x00000006c0400000, 0x00000006c0500000, 0x00000006c0500000|100%|HS|  |TS  0|AC  0|TAMS 0x00000006c0400000, 0x00000006c0400000|
|   5|0x00000006c0500000, 0x00000006c0600000, 0x00000006c0600000|100%|HC|  |TS  0|AC  0|TAMS 0x00000006c0500000, 0x00000006c0500000|
|   6|0x00000006c0600000, 0x00000006c0700000, 0x00000006c0700000|100%|HC|  |TS  0|AC  0|TAMS 0x00000006c0600000, 0x00000006c0600000|
|   7|0x00000006c0700000, 0x00000006c0800000, 0x00000006c0800000|100%|HS|  |TS  0|AC  0|TAMS 0x00000006c0700000, 0x00000006c0700000|
|   8|0x00000006c0800000, 0x00000006c0900000, 0x00000006c0900000|100%|HC|  |TS  0|AC  0|TAMS 0x00000006c0800000, 0x00000006c0800000|
|   9|0x00000006c0900000, 0x00000006c0a00000, 0x00000006c0a00000|100%|HC|  |TS  0|AC  0|TAMS 0x00000006c0900000, 0x00000006c0900000|
|  10|0x00000006c0a00000, 0x00000006c0a00000, 0x00000006c0b00000|  0%| F|  |TS  0|AC  0|TAMS 0x00000006c0a00000, 0x00000006c0a00000|
|  11|0x00000006c0b00000, 0x00000006c0b00000, 0x00000006c0c00000|  0%| F|  |TS  0|AC  0|TAMS 0x00000006c0b00000, 0x00000006c0b00000|
|  12|0x00000006c0c00000, 0x00000006c0c00000, 0x00000006c0d00000|  0%| F|  |TS  0|AC  0|TAMS 0x00000006c0c00000, 0x00000006c0c00000|
|  13|0x00000006c0d00000, 0x00000006c0d00000, 0x00000006c0e00000|  0%| F|  |TS  0|AC  0|TAMS 0x00000006c0d00000, 0x00000006c0d00000|
|  14|0x00000006c0e00000, 0x00000006c0e00000, 0x00000006c0f00000|  0%| F|  |TS  0|AC  0|TAMS 0x00000006c0e00000, 0x00000006c0e00000|
|  15|0x00000006c0f00000, 0x00000006c0f00000, 0x00000006c1000000|  0%| F|  |TS  0|AC  0|TAMS 0x00000006c0f00000, 0x00000006c0f00000|
|  16|0x00000006c1000000, 0x00000006c1000000, 0x00000006c1100000|  0%| F|  |TS  0|AC  0|TAMS 0x00000006c1000000, 0x00000006c1000000|
|  17|0x00000006c1100000, 0x00000006c1100000, 0x00000006c1200000|  0%| F|  |TS  0|AC  0|TAMS 0x00000006c1100000, 0x00000006c1100000|
|  18|0x00000006c1200000, 0x00000006c1200000, 0x00000006c1300000|  0%| F|  |TS  0|AC  0|TAMS 0x00000006c1200000, 0x00000006c1200000|
|  19|0x00000006c1300000, 0x00000006c1300000, 0x00000006c1400000|  0%| F|  |TS  0|AC  0|TAMS 0x00000006c1300000, 0x00000006c1300000|
|  20|0x00000006c1400000, 0x00000006c1400000, 0x00000006c1500000|  0%| F|  |TS  0|AC  0|TAMS 0x00000006c1400000, 0x00000006c1400000|
|  21|0x00000006c1500000, 0x00000006c1500000, 0x00000006c1600000|  0%| F|  |TS  0|AC  0|TAMS 0x00000006c1500000, 0x00000006c1500000|
|  22|0x00000006c1600000, 0x00000006c1600000, 0x00000006c1700000|  0%| F|  |TS  0|AC  0|TAMS 0x00000006c1600000, 0x00000006c1600000|
|  23|0x00000006c1700000, 0x00000006c1700000, 0x00000006c1800000|  0%| F|  |TS  0|AC  0|TAMS 0x00000006c1700000, 0x00000006c1700000|
|  24|0x00000006c1800000, 0x00000006c1800000, 0x00000006c1900000|  0%| F|  |TS  0|AC  0|TAMS 0x00000006c1800000, 0x00000006c1800000|
|  25|0x00000006c1900000, 0x00000006c1900000, 0x00000006c1a00000|  0%| F|  |TS  0|AC  0|TAMS 0x00000006c1900000, 0x00000006c1900000|
|  26|0x00000006c1a00000, 0x00000006c1a00000, 0x00000006c1b00000|  0%| F|  |TS  0|AC  0|TAMS 0x00000006c1a00000, 0x00000006c1a00000|
|  27|0x00000006c1b00000, 0x00000006c1b00000, 0x00000006c1c00000|  0%| F|  |TS  0|AC  0|TAMS 0x00000006c1b00000, 0x00000006c1b00000|
|  28|0x00000006c1c00000, 0x00000006c1c00000, 0x00000006c1d00000|  0%| F|  |TS  0|AC  0|TAMS 0x00000006c1c00000, 0x00000006c1c00000|
|  29|0x00000006c1d00000, 0x00000006c1d00000, 0x00000006c1e00000|  0%| F|  |TS  0|AC  0|TAMS 0x00000006c1d00000, 0x00000006c1d00000|
|  30|0x00000006c1e00000, 0x00000006c1e00000, 0x00000006c1f00000|  0%| F|  |TS  0|AC  0|TAMS 0x00000006c1e00000, 0x00000006c1e00000|
|  31|0x00000006c1f00000, 0x00000006c1f00000, 0x00000006c2000000|  0%| F|  |TS  0|AC  0|TAMS 0x00000006c1f00000, 0x00000006c1f00000|
|  32|0x00000006c2000000, 0x00000006c2000000, 0x00000006c2100000|  0%| F|  |TS  0|AC  0|TAMS 0x00000006c2000000, 0x00000006c2000000|
|  33|0x00000006c2100000, 0x00000006c2100000, 0x00000006c2200000|  0%| F|  |TS  0|AC  0|TAMS 0x00000006c2100000, 0x00000006c2100000|
|  34|0x00000006c2200000, 0x00000006c2200000, 0x00000006c2300000|  0%| F|  |TS  0|AC  0|TAMS 0x00000006c2200000, 0x00000006c2200000|
|  35|0x00000006c2300000, 0x00000006c2300000, 0x00000006c2400000|  0%| F|  |TS  0|AC  0|TAMS 0x00000006c2300000, 0x00000006c2300000|
|  36|0x00000006c2400000, 0x00000006c2400000, 0x00000006c2500000|  0%| F|  |TS  0|AC  0|TAMS 0x00000006c2400000, 0x00000006c2400000|
|  37|0x00000006c2500000, 0x00000006c2500000, 0x00000006c2600000|  0%| F|  |TS  0|AC  0|TAMS 0x00000006c2500000, 0x00000006c2500000|
|  38|0x00000006c2600000, 0x00000006c2600000, 0x00000006c2700000|  0%| F|  |TS  0|AC  0|TAMS 0x00000006c2600000, 0x00000006c2600000|
|  39|0x00000006c2700000, 0x00000006c2700000, 0x00000006c2800000|  0%| F|  |TS  0|AC  0|TAMS 0x00000006c2700000, 0x00000006c2700000|
|  40|0x00000006c2800000, 0x00000006c2800000, 0x00000006c2900000|  0%| F|  |TS  0|AC  0|TAMS 0x00000006c2800000, 0x00000006c2800000|
|  41|0x00000006c2900000, 0x00000006c2900000, 0x00000006c2a00000|  0%| F|  |TS  0|AC  0|TAMS 0x00000006c2900000, 0x00000006c2900000|
|  42|0x00000006c2a00000, 0x00000006c2b00000, 0x00000006c2b00000|100%| O|  |TS  0|AC  0|TAMS 0x00000006c2b00000, 0x00000006c2b00000|
|  43|0x00000006c2b00000, 0x00000006c2b00000, 0x00000006c2c00000|  0%| F|  |TS  0|AC  0|TAMS 0x00000006c2b00000, 0x00000006c2b00000|
|  44|0x00000006c2c00000, 0x00000006c2d00000, 0x00000006c2d00000|100%| O|  |TS  0|AC  0|TAMS 0x00000006c2d00000, 0x00000006c2d00000|
|  45|0x00000006c2d00000, 0x00000006c2e00000, 0x00000006c2e00000|100%| O|  |TS  0|AC  0|TAMS 0x00000006c2e00000, 0x00000006c2e00000|
|  46|0x00000006c2e00000, 0x00000006c2e00000, 0x00000006c2f00000|  0%| F|  |TS  0|AC  0|TAMS 0x00000006c2e00000, 0x00000006c2e00000|
|  47|0x00000006c2f00000, 0x00000006c3000000, 0x00000006c3000000|100%| O|  |TS  0|AC  0|TAMS 0x00000006c3000000, 0x00000006c3000000|
|  48|0x00000006c3000000, 0x00000006c3100000, 0x00000006c3100000|100%| O|  |TS  0|AC  0|TAMS 0x00000006c3100000, 0x00000006c3100000|
|  49|0x00000006c3100000, 0x00000006c3200000, 0x00000006c3200000|100%| O|  |TS  0|AC  0|TAMS 0x00000006c3200000, 0x00000006c3200000|
|  50|0x00000006c3200000, 0x00000006c3300000, 0x00000006c3300000|100%| O|  |TS  0|AC  0|TAMS 0x00000006c3300000, 0x00000006c3300000|
|  51|0x00000006c3300000, 0x00000006c3400000, 0x00000006c3400000|100%| O|  |TS  0|AC  0|TAMS 0x00000006c3400000, 0x00000006c3400000|
|  52|0x00000006c3400000, 0x00000006c3500000, 0x00000006c3500000|100%| O|  |TS  0|AC  0|TAMS 0x00000006c3500000, 0x00000006c3500000|
|  53|0x00000006c3500000, 0x00000006c3600000, 0x00000006c3600000|100%| O|  |TS  0|AC  0|TAMS 0x00000006c3600000, 0x00000006c3600000|
|  54|0x00000006c3600000, 0x00000006c3700000, 0x00000006c3700000|100%| O|  |TS  0|AC  0|TAMS 0x00000006c3700000, 0x00000006c3700000|
|  55|0x00000006c3700000, 0x00000006c3800000, 0x00000006c3800000|100%| O|  |TS  0|AC  0|TAMS 0x00000006c3800000, 0x00000006c3800000|
|  56|0x00000006c3800000, 0x00000006c3900000, 0x00000006c3900000|100%| O|  |TS  0|AC  0|TAMS 0x00000006c3900000, 0x00000006c3900000|
|  57|0x00000006c3900000, 0x00000006c3a00000, 0x00000006c3a00000|100%| O|  |TS  0|AC  0|TAMS 0x00000006c3a00000, 0x00000006c3a00000|
|  58|0x00000006c3a00000, 0x00000006c3a00000, 0x00000006c3b00000|  0%| F|  |TS  0|AC  0|TAMS 0x00000006c3a00000, 0x00000006c3a00000|
|  59|0x00000006c3b00000, 0x00000006c3b00000, 0x00000006c3c00000|  0%| F|  |TS  0|AC  0|TAMS 0x00000006c3b00000, 0x00000006c3b00000|
|  60|0x00000006c3c00000, 0x00000006c3c00000, 0x00000006c3d00000|  0%| F|  |TS  0|AC  0|TAMS 0x00000006c3c00000, 0x00000006c3c00000|
|  61|0x00000006c3d00000, 0x00000006c3d00000, 0x00000006c3e00000|  0%| F|  |TS  0|AC  0|TAMS 0x00000006c3d00000, 0x00000006c3d00000|
|  62|0x00000006c3e00000, 0x00000006c3e00000, 0x00000006c3f00000|  0%| F|  |TS  0|AC  0|TAMS 0x00000006c3e00000, 0x00000006c3e00000|
|  63|0x00000006c3f00000, 0x00000006c4000000, 0x00000006c4000000|100%| O|  |TS  0|AC  0|TAMS 0x00000006c4000000, 0x00000006c4000000|
|  64|0x00000006c4000000, 0x00000006c4100000, 0x00000006c4100000|100%| O|  |TS  0|AC  0|TAMS 0x00000006c4100000, 0x00000006c4100000|
|  65|0x00000006c4100000, 0x00000006c4200000, 0x00000006c4200000|100%| O|  |TS  0|AC  0|TAMS 0x00000006c4200000, 0x00000006c4200000|
|  66|0x00000006c4200000, 0x00000006c4200000, 0x00000006c4300000|  0%| F|  |TS  0|AC  0|TAMS 0x00000006c4200000, 0x00000006c4200000|
|  67|0x00000006c4300000, 0x00000006c4300000, 0x00000006c4400000|  0%| F|  |TS  0|AC  0|TAMS 0x00000006c4300000, 0x00000006c4300000|
|  68|0x00000006c4400000, 0x00000006c4400000, 0x00000006c4500000|  0%| F|  |TS  0|AC  0|TAMS 0x00000006c4400000, 0x00000006c4400000|
|  69|0x00000006c4500000, 0x00000006c4600000, 0x00000006c4600000|100%| O|  |TS  0|AC  0|TAMS 0x00000006c4600000, 0x00000006c4600000|
|  70|0x00000006c4600000, 0x00000006c4700000, 0x00000006c4700000|100%| O|  |TS  0|AC  0|TAMS 0x00000006c4700000, 0x00000006c4700000|
|  71|0x00000006c4700000, 0x00000006c4800000, 0x00000006c4800000|100%| O|  |TS  0|AC  0|TAMS 0x00000006c4800000, 0x00000006c4800000|
|  72|0x00000006c4800000, 0x00000006c4900000, 0x00000006c4900000|100%| O|  |TS  0|AC  0|TAMS 0x00000006c4900000, 0x00000006c4900000|
|  73|0x00000006c4900000, 0x00000006c4a00000, 0x00000006c4a00000|100%| O|  |TS  0|AC  0|TAMS 0x00000006c4a00000, 0x00000006c4a00000|
|  74|0x00000006c4a00000, 0x00000006c4b00000, 0x00000006c4b00000|100%| O|  |TS  0|AC  0|TAMS 0x00000006c4b00000, 0x00000006c4b00000|
|  75|0x00000006c4b00000, 0x00000006c4c00000, 0x00000006c4c00000|100%| O|  |TS  0|AC  0|TAMS 0x00000006c4c00000, 0x00000006c4c00000|
|  76|0x00000006c4c00000, 0x00000006c4d00000, 0x00000006c4d00000|100%| O|  |TS  0|AC  0|TAMS 0x00000006c4d00000, 0x00000006c4d00000|
|  77|0x00000006c4d00000, 0x00000006c4e00000, 0x00000006c4e00000|100%| O|  |TS  0|AC  0|TAMS 0x00000006c4e00000, 0x00000006c4e00000|
|  78|0x00000006c4e00000, 0x00000006c4f00000, 0x00000006c4f00000|100%|HS|  |TS  0|AC  0|TAMS 0x00000006c4e00000, 0x00000006c4e00000|
|  79|0x00000006c4f00000, 0x00000006c5000000, 0x00000006c5000000|100%|HS|  |TS  0|AC  0|TAMS 0x00000006c4f00000, 0x00000006c4f00000|
|  80|0x00000006c5000000, 0x00000006c5100000, 0x00000006c5100000|100%|HC|  |TS  0|AC  0|TAMS 0x00000006c5000000, 0x00000006c5000000|
|  81|0x00000006c5100000, 0x00000006c5200000, 0x00000006c5200000|100%|HS|  |TS  0|AC  0|TAMS 0x00000006c5100000, 0x00000006c5100000|
|  82|0x00000006c5200000, 0x00000006c5300000, 0x00000006c5300000|100%|HC|  |TS  0|AC  0|TAMS 0x00000006c5200000, 0x00000006c5200000|
|  83|0x00000006c5300000, 0x00000006c5400000, 0x00000006c5400000|100%|HC|  |TS  0|AC  0|TAMS 0x00000006c5300000, 0x00000006c5300000|
|  84|0x00000006c5400000, 0x00000006c5400000, 0x00000006c5500000|  0%| F|  |TS  0|AC  0|TAMS 0x00000006c5400000, 0x00000006c5400000|
|  85|0x00000006c5500000, 0x00000006c5500000, 0x00000006c5600000|  0%| F|  |TS  0|AC  0|TAMS 0x00000006c5500000, 0x00000006c5500000|
|  86|0x00000006c5600000, 0x00000006c5600000, 0x00000006c5700000|  0%| F|  |TS  0|AC  0|TAMS 0x00000006c5600000, 0x00000006c5600000|
|  87|0x00000006c5700000, 0x00000006c5700000, 0x00000006c5800000|  0%| F|  |TS  0|AC  0|TAMS 0x00000006c5700000, 0x00000006c5700000|
|  88|0x00000006c5800000, 0x00000006c5800000, 0x00000006c5900000|  0%| F|  |TS  0|AC  0|TAMS 0x00000006c5800000, 0x00000006c5800000|
|  89|0x00000006c5900000, 0x00000006c5900000, 0x00000006c5a00000|  0%| F|  |TS  0|AC  0|TAMS 0x00000006c5900000, 0x00000006c5900000|
|  90|0x00000006c5a00000, 0x00000006c5a00000, 0x00000006c5b00000|  0%| F|  |TS  0|AC  0|TAMS 0x00000006c5a00000, 0x00000006c5a00000|
|  91|0x00000006c5b00000, 0x00000006c5b00000, 0x00000006c5c00000|  0%| F|  |TS  0|AC  0|TAMS 0x00000006c5b00000, 0x00000006c5b00000|
|  92|0x00000006c5c00000, 0x00000006c5c00000, 0x00000006c5d00000|  0%| F|  |TS  0|AC  0|TAMS 0x00000006c5c00000, 0x00000006c5c00000|
|  93|0x00000006c5d00000, 0x00000006c5d00000, 0x00000006c5e00000|  0%| F|  |TS  0|AC  0|TAMS 0x00000006c5d00000, 0x00000006c5d00000|
|  94|0x00000006c5e00000, 0x00000006c5e00000, 0x00000006c5f00000|  0%| F|  |TS  0|AC  0|TAMS 0x00000006c5e00000, 0x00000006c5e00000|
|  95|0x00000006c5f00000, 0x00000006c5f00000, 0x00000006c6000000|  0%| F|  |TS  0|AC  0|TAMS 0x00000006c5f00000, 0x00000006c5f00000|
|  96|0x00000006c6000000, 0x00000006c6000000, 0x00000006c6100000|  0%| F|  |TS  0|AC  0|TAMS 0x00000006c6000000, 0x00000006c6000000|
|  97|0x00000006c6100000, 0x00000006c6100000, 0x00000006c6200000|  0%| F|  |TS  0|AC  0|TAMS 0x00000006c6100000, 0x00000006c6100000|
|  98|0x00000006c6200000, 0x00000006c6200000, 0x00000006c6300000|  0%| F|  |TS  0|AC  0|TAMS 0x00000006c6200000, 0x00000006c6200000|
|  99|0x00000006c6300000, 0x00000006c6300000, 0x00000006c6400000|  0%| F|  |TS  0|AC  0|TAMS 0x00000006c6300000, 0x00000006c6300000|
| 100|0x00000006c6400000, 0x00000006c6400000, 0x00000006c6500000|  0%| F|  |TS  0|AC  0|TAMS 0x00000006c6400000, 0x00000006c6400000|
| 101|0x00000006c6500000, 0x00000006c6500000, 0x00000006c6600000|  0%| F|  |TS  0|AC  0|TAMS 0x00000006c6500000, 0x00000006c6500000|
| 102|0x00000006c6600000, 0x00000006c6600000, 0x00000006c6700000|  0%| F|  |TS  0|AC  0|TAMS 0x00000006c6600000, 0x00000006c6600000|
| 103|0x00000006c6700000, 0x00000006c6700000, 0x00000006c6800000|  0%| F|  |TS  0|AC  0|TAMS 0x00000006c6700000, 0x00000006c6700000|
| 104|0x00000006c6800000, 0x00000006c6800000, 0x00000006c6900000|  0%| F|  |TS  0|AC  0|TAMS 0x00000006c6800000, 0x00000006c6800000|
| 105|0x00000006c6900000, 0x00000006c6900000, 0x00000006c6a00000|  0%| F|  |TS  0|AC  0|TAMS 0x00000006c6900000, 0x00000006c6900000|
| 106|0x00000006c6a00000, 0x00000006c6a00000, 0x00000006c6b00000|  0%| F|  |TS  0|AC  0|TAMS 0x00000006c6a00000, 0x00000006c6a00000|
| 107|0x00000006c6b00000, 0x00000006c6b00000, 0x00000006c6c00000|  0%| F|  |TS  0|AC  0|TAMS 0x00000006c6b00000, 0x00000006c6b00000|
| 108|0x00000006c6c00000, 0x00000006c6c00000, 0x00000006c6d00000|  0%| F|  |TS  0|AC  0|TAMS 0x00000006c6c00000, 0x00000006c6c00000|
| 109|0x00000006c6d00000, 0x00000006c6d00000, 0x00000006c6e00000|  0%| F|  |TS  0|AC  0|TAMS 0x00000006c6d00000, 0x00000006c6d00000|
| 110|0x00000006c6e00000, 0x00000006c6e00000, 0x00000006c6f00000|  0%| F|  |TS  0|AC  0|TAMS 0x00000006c6e00000, 0x00000006c6e00000|
| 111|0x00000006c6f00000, 0x00000006c6f00000, 0x00000006c7000000|  0%| F|  |TS  0|AC  0|TAMS 0x00000006c6f00000, 0x00000006c6f00000|
| 112|0x00000006c7000000, 0x00000006c7000000, 0x00000006c7100000|  0%| F|  |TS  0|AC  0|TAMS 0x00000006c7000000, 0x00000006c7000000|
| 113|0x00000006c7100000, 0x00000006c7100000, 0x00000006c7200000|  0%| F|  |TS  0|AC  0|TAMS 0x00000006c7100000, 0x00000006c7100000|
| 114|0x00000006c7200000, 0x00000006c7200000, 0x00000006c7300000|  0%| F|  |TS  0|AC  0|TAMS 0x00000006c7200000, 0x00000006c7200000|
| 115|0x00000006c7300000, 0x00000006c7300000, 0x00000006c7400000|  0%| F|  |TS  0|AC  0|TAMS 0x00000006c7300000, 0x00000006c7300000|
| 116|0x00000006c7400000, 0x00000006c7400000, 0x00000006c7500000|  0%| F|  |TS  0|AC  0|TAMS 0x00000006c7400000, 0x00000006c7400000|
| 117|0x00000006c7500000, 0x00000006c7500000, 0x00000006c7600000|  0%| F|  |TS  0|AC  0|TAMS 0x00000006c7500000, 0x00000006c7500000|
| 118|0x00000006c7600000, 0x00000006c7600000, 0x00000006c7700000|  0%| F|  |TS  0|AC  0|TAMS 0x00000006c7600000, 0x00000006c7600000|
| 119|0x00000006c7700000, 0x00000006c7700000, 0x00000006c7800000|  0%| F|  |TS  0|AC  0|TAMS 0x00000006c7700000, 0x00000006c7700000|
| 120|0x00000006c7800000, 0x00000006c7800000, 0x00000006c7900000|  0%| F|  |TS  0|AC  0|TAMS 0x00000006c7800000, 0x00000006c7800000|
| 121|0x00000006c7900000, 0x00000006c7900000, 0x00000006c7a00000|  0%| F|  |TS  0|AC  0|TAMS 0x00000006c7900000, 0x00000006c7900000|
| 122|0x00000006c7a00000, 0x00000006c7a00000, 0x00000006c7b00000|  0%| F|  |TS  0|AC  0|TAMS 0x00000006c7a00000, 0x00000006c7a00000|
| 123|0x00000006c7b00000, 0x00000006c7ba4eb0, 0x00000006c7c00000| 64%| S|CS|TS  0|AC  0|TAMS 0x00000006c7b00000, 0x00000006c7b00000|
| 124|0x00000006c7c00000, 0x00000006c7c00000, 0x00000006c7d00000|  0%| F|  |TS  0|AC  0|TAMS 0x00000006c7c00000, 0x00000006c7c00000|
| 125|0x00000006c7d00000, 0x00000006c7d00000, 0x00000006c7e00000|  0%| F|  |TS  0|AC  0|TAMS 0x00000006c7d00000, 0x00000006c7d00000|
| 126|0x00000006c7e00000, 0x00000006c7e00000, 0x00000006c7f00000|  0%| F|  |TS  0|AC  0|TAMS 0x00000006c7e00000, 0x00000006c7e00000|
| 127|0x00000006c7f00000, 0x00000006c7f00000, 0x00000006c8000000|  0%| F|  |TS  0|AC  0|TAMS 0x00000006c7f00000, 0x00000006c7f00000|
| 128|0x00000006c8000000, 0x00000006c8100000, 0x00000006c8100000|100%| O|  |TS  0|AC  0|TAMS 0x00000006c8100000, 0x00000006c8100000|
| 129|0x00000006c8100000, 0x00000006c8100000, 0x00000006c8200000|  0%| F|  |TS  0|AC  0|TAMS 0x00000006c8100000, 0x00000006c8100000|
| 130|0x00000006c8200000, 0x00000006c8200000, 0x00000006c8300000|  0%| F|  |TS  0|AC  0|TAMS 0x00000006c8200000, 0x00000006c8200000|
| 131|0x00000006c8300000, 0x00000006c8300000, 0x00000006c8400000|  0%| F|  |TS  0|AC  0|TAMS 0x00000006c8300000, 0x00000006c8300000|
| 132|0x00000006c8400000, 0x00000006c8400000, 0x00000006c8500000|  0%| F|  |TS  0|AC  0|TAMS 0x00000006c8400000, 0x00000006c8400000|
| 133|0x00000006c8500000, 0x00000006c8500000, 0x00000006c8600000|  0%| F|  |TS  0|AC  0|TAMS 0x00000006c8500000, 0x00000006c8500000|
| 134|0x00000006c8600000, 0x00000006c8600000, 0x00000006c8700000|  0%| F|  |TS  0|AC  0|TAMS 0x00000006c8600000, 0x00000006c8600000|
| 135|0x00000006c8700000, 0x00000006c8700000, 0x00000006c8800000|  0%| F|  |TS  0|AC  0|TAMS 0x00000006c8700000, 0x00000006c8700000|
| 136|0x00000006c8800000, 0x00000006c8800000, 0x00000006c8900000|  0%| F|  |TS  0|AC  0|TAMS 0x00000006c8800000, 0x00000006c8800000|
| 137|0x00000006c8900000, 0x00000006c8900000, 0x00000006c8a00000|  0%| F|  |TS  0|AC  0|TAMS 0x00000006c8900000, 0x00000006c8900000|
| 138|0x00000006c8a00000, 0x00000006c8a00000, 0x00000006c8b00000|  0%| F|  |TS  0|AC  0|TAMS 0x00000006c8a00000, 0x00000006c8a00000|
| 139|0x00000006c8b00000, 0x00000006c8b00000, 0x00000006c8c00000|  0%| F|  |TS  0|AC  0|TAMS 0x00000006c8b00000, 0x00000006c8b00000|
| 140|0x00000006c8c00000, 0x00000006c8c00000, 0x00000006c8d00000|  0%| F|  |TS  0|AC  0|TAMS 0x00000006c8c00000, 0x00000006c8c00000|
| 141|0x00000006c8d00000, 0x00000006c8d00000, 0x00000006c8e00000|  0%| F|  |TS  0|AC  0|TAMS 0x00000006c8d00000, 0x00000006c8d00000|
| 142|0x00000006c8e00000, 0x00000006c8e00000, 0x00000006c8f00000|  0%| F|  |TS  0|AC  0|TAMS 0x00000006c8e00000, 0x00000006c8e00000|
| 143|0x00000006c8f00000, 0x00000006c8f00000, 0x00000006c9000000|  0%| F|  |TS  0|AC  0|TAMS 0x00000006c8f00000, 0x00000006c8f00000|
| 144|0x00000006c9000000, 0x00000006c9000000, 0x00000006c9100000|  0%| F|  |TS  0|AC  0|TAMS 0x00000006c9000000, 0x00000006c9000000|
| 145|0x00000006c9100000, 0x00000006c9100000, 0x00000006c9200000|  0%| F|  |TS  0|AC  0|TAMS 0x00000006c9100000, 0x00000006c9100000|
| 146|0x00000006c9200000, 0x00000006c9200000, 0x00000006c9300000|  0%| F|  |TS  0|AC  0|TAMS 0x00000006c9200000, 0x00000006c9200000|
| 147|0x00000006c9300000, 0x00000006c9300000, 0x00000006c9400000|  0%| F|  |TS  0|AC  0|TAMS 0x00000006c9300000, 0x00000006c9300000|
| 148|0x00000006c9400000, 0x00000006c9400000, 0x00000006c9500000|  0%| F|  |TS  0|AC  0|TAMS 0x00000006c9400000, 0x00000006c9400000|
| 149|0x00000006c9500000, 0x00000006c9500000, 0x00000006c9600000|  0%| F|  |TS  0|AC  0|TAMS 0x00000006c9500000, 0x00000006c9500000|
| 150|0x00000006c9600000, 0x00000006c9600000, 0x00000006c9700000|  0%| F|  |TS  0|AC  0|TAMS 0x00000006c9600000, 0x00000006c9600000|
| 151|0x00000006c9700000, 0x00000006c9700000, 0x00000006c9800000|  0%| F|  |TS  0|AC  0|TAMS 0x00000006c9700000, 0x00000006c9700000|
| 152|0x00000006c9800000, 0x00000006c9800000, 0x00000006c9900000|  0%| F|  |TS  0|AC  0|TAMS 0x00000006c9800000, 0x00000006c9800000|
| 153|0x00000006c9900000, 0x00000006c9900000, 0x00000006c9a00000|  0%| F|  |TS  0|AC  0|TAMS 0x00000006c9900000, 0x00000006c9900000|
| 154|0x00000006c9a00000, 0x00000006c9a00000, 0x00000006c9b00000|  0%| F|  |TS  0|AC  0|TAMS 0x00000006c9a00000, 0x00000006c9a00000|
| 155|0x00000006c9b00000, 0x00000006c9b00000, 0x00000006c9c00000|  0%| F|  |TS  0|AC  0|TAMS 0x00000006c9b00000, 0x00000006c9b00000|
| 156|0x00000006c9c00000, 0x00000006c9c00000, 0x00000006c9d00000|  0%| F|  |TS  0|AC  0|TAMS 0x00000006c9c00000, 0x00000006c9c00000|
| 157|0x00000006c9d00000, 0x00000006c9d80800, 0x00000006c9e00000| 50%| E|  |TS  0|AC  0|TAMS 0x00000006c9d00000, 0x00000006c9d00000|
| 158|0x00000006c9e00000, 0x00000006c9f00000, 0x00000006c9f00000|100%| E|CS|TS  0|AC  0|TAMS 0x00000006c9e00000, 0x00000006c9e00000|
| 159|0x00000006c9f00000, 0x00000006ca000000, 0x00000006ca000000|100%| E|CS|TS  0|AC  0|TAMS 0x00000006c9f00000, 0x00000006c9f00000|
| 160|0x00000006ca000000, 0x00000006ca100000, 0x00000006ca100000|100%| E|CS|TS  0|AC  0|TAMS 0x00000006ca000000, 0x00000006ca000000|
| 161|0x00000006ca100000, 0x00000006ca200000, 0x00000006ca200000|100%| E|CS|TS  0|AC  0|TAMS 0x00000006ca100000, 0x00000006ca100000|
| 162|0x00000006ca200000, 0x00000006ca300000, 0x00000006ca300000|100%| E|CS|TS  0|AC  0|TAMS 0x00000006ca200000, 0x00000006ca200000|
| 163|0x00000006ca300000, 0x00000006ca400000, 0x00000006ca400000|100%| E|CS|TS  0|AC  0|TAMS 0x00000006ca300000, 0x00000006ca300000|
| 164|0x00000006ca400000, 0x00000006ca500000, 0x00000006ca500000|100%| E|CS|TS  0|AC  0|TAMS 0x00000006ca400000, 0x00000006ca400000|
| 165|0x00000006ca500000, 0x00000006ca600000, 0x00000006ca600000|100%| E|CS|TS  0|AC  0|TAMS 0x00000006ca500000, 0x00000006ca500000|
| 166|0x00000006ca600000, 0x00000006ca700000, 0x00000006ca700000|100%| E|CS|TS  0|AC  0|TAMS 0x00000006ca600000, 0x00000006ca600000|
| 167|0x00000006ca700000, 0x00000006ca800000, 0x00000006ca800000|100%| E|CS|TS  0|AC  0|TAMS 0x00000006ca700000, 0x00000006ca700000|
| 168|0x00000006ca800000, 0x00000006ca900000, 0x00000006ca900000|100%| E|CS|TS  0|AC  0|TAMS 0x00000006ca800000, 0x00000006ca800000|
| 169|0x00000006ca900000, 0x00000006caa00000, 0x00000006caa00000|100%| E|CS|TS  0|AC  0|TAMS 0x00000006ca900000, 0x00000006ca900000|
| 170|0x00000006caa00000, 0x00000006cab00000, 0x00000006cab00000|100%| E|CS|TS  0|AC  0|TAMS 0x00000006caa00000, 0x00000006caa00000|
| 171|0x00000006cab00000, 0x00000006cac00000, 0x00000006cac00000|100%| E|CS|TS  0|AC  0|TAMS 0x00000006cab00000, 0x00000006cab00000|
| 172|0x00000006cac00000, 0x00000006cad00000, 0x00000006cad00000|100%| E|CS|TS  0|AC  0|TAMS 0x00000006cac00000, 0x00000006cac00000|
| 173|0x00000006cad00000, 0x00000006cae00000, 0x00000006cae00000|100%| E|CS|TS  0|AC  0|TAMS 0x00000006cad00000, 0x00000006cad00000|
| 174|0x00000006cae00000, 0x00000006caf00000, 0x00000006caf00000|100%| E|CS|TS  0|AC  0|TAMS 0x00000006cae00000, 0x00000006cae00000|
| 175|0x00000006caf00000, 0x00000006cb000000, 0x00000006cb000000|100%| E|CS|TS  0|AC  0|TAMS 0x00000006caf00000, 0x00000006caf00000|
| 176|0x00000006cb000000, 0x00000006cb100000, 0x00000006cb100000|100%| E|CS|TS  0|AC  0|TAMS 0x00000006cb000000, 0x00000006cb000000|
| 177|0x00000006cb100000, 0x00000006cb200000, 0x00000006cb200000|100%| E|CS|TS  0|AC  0|TAMS 0x00000006cb100000, 0x00000006cb100000|
| 178|0x00000006cb200000, 0x00000006cb300000, 0x00000006cb300000|100%| E|CS|TS  0|AC  0|TAMS 0x00000006cb200000, 0x00000006cb200000|
| 179|0x00000006cb300000, 0x00000006cb400000, 0x00000006cb400000|100%| E|CS|TS  0|AC  0|TAMS 0x00000006cb300000, 0x00000006cb300000|
| 180|0x00000006cb400000, 0x00000006cb500000, 0x00000006cb500000|100%| E|CS|TS  0|AC  0|TAMS 0x00000006cb400000, 0x00000006cb400000|
| 181|0x00000006cb500000, 0x00000006cb600000, 0x00000006cb600000|100%| E|CS|TS  0|AC  0|TAMS 0x00000006cb500000, 0x00000006cb500000|

Card table byte_map: [0x00007fbc80c50000,0x00007fbc81450000] byte_map_base: 0x00007fbc7d650000

Marking Bits (Prev, Next): (CMBitMap*) 0x00007fbc98059630, (CMBitMap*) 0x00007fbc98059688
 Prev Bits: [0x00007fbc38000000, 0x00007fbc3c000000)
 Next Bits: [0x00007fbc34000000, 0x00007fbc38000000)

Polling page: 0x00007fbca1eb0000

CodeHeap 'non-nmethods': size=5700Kb used=1220Kb max_used=1228Kb free=4479Kb
 bounds [0x00007fbc81c50000, 0x00007fbc81ec0000, 0x00007fbc821e1000]
CodeHeap 'profiled nmethods': size=120028Kb used=4087Kb max_used=4087Kb free=115940Kb
 bounds [0x00007fbc821e1000, 0x00007fbc825e1000, 0x00007fbc89718000]
CodeHeap 'non-profiled nmethods': size=120032Kb used=1522Kb max_used=1522Kb free=118510Kb
 bounds [0x00007fbc89718000, 0x00007fbc89988000, 0x00007fbc90c50000]
 total_blobs=3075 nmethods=1860 adapters=365
 compilation: enabled

Compilation events (10 events):
Event: 10.769 Thread 0x00007fbc9819f800 nmethod 1862 0x00007fbc825dba90 code [0x00007fbc825dbc20, 0x00007fbc825dbe68]
Event: 10.770 Thread 0x00007fbc9819d800 nmethod 1860 0x00007fbc89893890 code [0x00007fbc89893a00, 0x00007fbc89893e18]
Event: 10.779 Thread 0x00007fbc9819f800 1864       3       jdk.internal.misc.Unsafe::defineAnonymousClass (24 bytes)
Event: 10.780 Thread 0x00007fbc9819f800 nmethod 1864 0x00007fbc825dbf10 code [0x00007fbc825dc0a0, 0x00007fbc825dc338]
Event: 10.782 Thread 0x00007fbc9819f800 1867       3       java.lang.invoke.MethodHandles$Lookup::checkSecurityManager (104 bytes)
Event: 10.783 Thread 0x00007fbc9819f800 nmethod 1867 0x00007fbc825dc410 code [0x00007fbc825dc720, 0x00007fbc825ddca8]
Event: 10.785 Thread 0x00007fbc9819f800 1868       3       java.nio.HeapByteBuffer::_get (7 bytes)
Event: 10.785 Thread 0x00007fbc9819f800 nmethod 1868 0x00007fbc825de290 code [0x00007fbc825de400, 0x00007fbc825de570]
Event: 10.785 Thread 0x00007fbc9819f800 1869       3       java.lang.Short::valueOf (33 bytes)
Event: 10.786 Thread 0x00007fbc9819f800 nmethod 1869 0x00007fbc825de690 code [0x00007fbc825de820, 0x00007fbc825deb70]

GC Heap History (10 events):
Event: 3.368 GC heap before
{Heap before GC invocations=3 (full 0):
 garbage-first heap   total 132096K, used 68352K [0x00000006c0000000, 0x00000006c0100408, 0x00000007c0000000)
  region size 1024K, 6 young (6144K), 5 survivors (5120K)
 Metaspace       used 13954K, capacity 14340K, committed 14464K, reserved 1062912K
  class space    used 1689K, capacity 1832K, committed 1920K, reserved 1048576K
}
Event: 3.383 GC heap after
{Heap after GC invocations=4 (full 0):
 garbage-first heap   total 132096K, used 68544K [0x00000006c0000000, 0x00000006c0100408, 0x00000007c0000000)
  region size 1024K, 1 young (1024K), 1 survivors (1024K)
 Metaspace       used 13954K, capacity 14340K, committed 14464K, reserved 1062912K
  class space    used 1689K, capacity 1832K, committed 1920K, reserved 1048576K
}
Event: 3.426 GC heap before
{Heap before GC invocations=4 (full 0):
 garbage-first heap   total 132096K, used 73664K [0x00000006c0000000, 0x00000006c0100408, 0x00000007c0000000)
  region size 1024K, 6 young (6144K), 1 survivors (1024K)
 Metaspace       used 14044K, capacity 14404K, committed 14720K, reserved 1062912K
  class space    used 1697K, capacity 1832K, committed 1920K, reserved 1048576K
}
Event: 3.430 GC heap after
{Heap after GC invocations=5 (full 0):
 garbage-first heap   total 132096K, used 70848K [0x00000006c0000000, 0x00000006c0100408, 0x00000007c0000000)
  region size 1024K, 1 young (1024K), 1 survivors (1024K)
 Metaspace       used 14044K, capacity 14404K, committed 14720K, reserved 1062912K
  class space    used 1697K, capacity 1832K, committed 1920K, reserved 1048576K
}
Event: 3.446 GC heap before
{Heap before GC invocations=5 (full 0):
 garbage-first heap   total 132096K, used 75968K [0x00000006c0000000, 0x00000006c0100408, 0x00000007c0000000)
  region size 1024K, 6 young (6144K), 1 survivors (1024K)
 Metaspace       used 14057K, capacity 14404K, committed 14720K, reserved 1062912K
  class space    used 1697K, capacity 1832K, committed 1920K, reserved 1048576K
}
Event: 3.451 GC heap after
{Heap after GC invocations=6 (full 0):
 garbage-first heap   total 132096K, used 73152K [0x00000006c0000000, 0x00000006c0100408, 0x00000007c0000000)
  region size 1024K, 1 young (1024K), 1 survivors (1024K)
 Metaspace       used 14057K, capacity 14404K, committed 14720K, reserved 1062912K
  class space    used 1697K, capacity 1832K, committed 1920K, reserved 1048576K
}
Event: 3.591 GC heap before
{Heap before GC invocations=7 (full 0):
 garbage-first heap   total 132096K, used 89536K [0x00000006c0000000, 0x00000006c0100408, 0x00000007c0000000)
  region size 1024K, 17 young (17408K), 1 survivors (1024K)
 Metaspace       used 14404K, capacity 14820K, committed 14976K, reserved 1062912K
  class space    used 1725K, capacity 1864K, committed 1920K, reserved 1048576K
}
Event: 3.597 GC heap after
{Heap after GC invocations=8 (full 0):
 garbage-first heap   total 132096K, used 80806K [0x00000006c0000000, 0x00000006c0100408, 0x00000007c0000000)
  region size 1024K, 3 young (3072K), 3 survivors (3072K)
 Metaspace       used 14404K, capacity 14820K, committed 14976K, reserved 1062912K
  class space    used 1725K, capacity 1864K, committed 1920K, reserved 1048576K
}
Event: 3.612 GC heap before
{Heap before GC invocations=8 (full 0):
 garbage-first heap   total 132096K, used 83878K [0x00000006c0000000, 0x00000006c0100408, 0x00000007c0000000)
  region size 1024K, 7 young (7168K), 3 survivors (3072K)
 Metaspace       used 14420K, capacity 14820K, committed 14976K, reserved 1062912K
  class space    used 1725K, capacity 1864K, committed 1920K, reserved 1048576K
}
Event: 3.618 GC heap after
{Heap after GC invocations=9 (full 0):
 garbage-first heap   total 186368K, used 81555K [0x00000006c0000000, 0x00000006c01005b0, 0x00000007c0000000)
  region size 1024K, 1 young (1024K), 1 survivors (1024K)
 Metaspace       used 14420K, capacity 14820K, committed 14976K, reserved 1062912K
  class space    used 1725K, capacity 1864K, committed 1920K, reserved 1048576K
}

Deoptimization events (10 events):
Event: 3.812 Thread 0x00007fbc98011800 Uncommon trap: reason=predicate action=maybe_recompile pc=0x00007fbc898554ac method=java.util.AbstractCollection.addAll(Ljava/util/Collection;)Z @ 18
Event: 3.869 Thread 0x00007fbc98011800 Uncommon trap: reason=unstable_if action=reinterpret pc=0x00007fbc898004a4 method=java.util.ArrayList.newCapacity(I)I @ 25
Event: 3.870 Thread 0x00007fbc98011800 Uncommon trap: reason=class_check action=maybe_recompile pc=0x00007fbc89784d94 method=java.util.HashMap.putVal(ILjava/lang/Object;Ljava/lang/Object;ZZ)Ljava/lang/Object; @ 253
Event: 3.870 Thread 0x00007fbc98011800 Uncommon trap: reason=class_check action=maybe_recompile pc=0x00007fbc89784d94 method=java.util.HashMap.putVal(ILjava/lang/Object;Ljava/lang/Object;ZZ)Ljava/lang/Object; @ 253
Event: 3.870 Thread 0x00007fbc98011800 Uncommon trap: reason=class_check action=maybe_recompile pc=0x00007fbc8980e328 method=java.util.HashMap.putVal(ILjava/lang/Object;Ljava/lang/Object;ZZ)Ljava/lang/Object; @ 253
Event: 3.870 Thread 0x00007fbc98011800 Uncommon trap: reason=class_check action=maybe_recompile pc=0x00007fbc8980cb88 method=java.util.HashMap.putVal(ILjava/lang/Object;Ljava/lang/Object;ZZ)Ljava/lang/Object; @ 253
Event: 3.870 Thread 0x00007fbc98011800 Uncommon trap: reason=class_check action=maybe_recompile pc=0x00007fbc89845020 method=java.util.HashSet.iterator()Ljava/util/Iterator; @ 4
Event: 3.874 Thread 0x00007fbc98011800 Uncommon trap: reason=unstable_if action=reinterpret pc=0x00007fbc8975dacc method=java.lang.StringCoding.encodeUTF8(B[B)[B @ 423
Event: 4.123 Thread 0x00007fbc98751800 Uncommon trap: reason=unstable_if action=reinterpret pc=0x00007fbc8988f9c0 method=sun.security.provider.SeedGenerator$ThreadedSeedGenerator.run()V @ 120
Event: 10.764 Thread 0x00007fbc98011800 Uncommon trap: reason=unstable_if action=reinterpret pc=0x00007fbc897371f4 method=java.lang.String.equals(Ljava/lang/Object;)Z @ 27

Classes redefined (0 events):
No events

Internal exceptions (10 events):
Event: 2.377 Thread 0x00007fbc98011800 Exception <a 'java/lang/ClassNotFoundException': com/sun/org/apache/xerces/internal/impl/msg/SAXMessagesProvider> (0x00000006c7599200) thrown at [/build/openjdk-9-argm_o/openjdk-9-9~b114/src/hotspot/src/share/vm/classfile/systemDictionary.cpp, line 224]
Event: 2.379 Thread 0x00007fbc98011800 Exception <a 'java/lang/ClassNotFoundException': com/sun/org/apache/xerces/internal/impl/msg/SAXMessagesProvider> (0x00000006c75a5b00) thrown at [/build/openjdk-9-argm_o/openjdk-9-9~b114/src/hotspot/src/share/vm/classfile/systemDictionary.cpp, line 224]
Event: 2.647 Thread 0x00007fbc98011800 Implicit null exception at 0x00007fbc897998f4 to 0x00007fbc8979b7f5
Event: 3.390 Thread 0x00007fbc98011800 Implicit null exception at 0x00007fbc89834079 to 0x00007fbc89834e8d
Event: 3.521 Thread 0x00007fbc98011800 Exception <a 'java/lang/ClassNotFoundException': com/sun/org/apache/xerces/internal/impl/msg/SAXMessagesProvider> (0x00000006c72842a8) thrown at [/build/openjdk-9-argm_o/openjdk-9-9~b114/src/hotspot/src/share/vm/classfile/systemDictionary.cpp, line 224]
Event: 3.521 Thread 0x00007fbc98011800 Exception <a 'java/lang/ClassNotFoundException': com/sun/org/apache/xerces/internal/impl/msg/SAXMessagesProvider> (0x00000006c7284fb8) thrown at [/build/openjdk-9-argm_o/openjdk-9-9~b114/src/hotspot/src/share/vm/classfile/systemDictionary.cpp, line 224]
Event: 3.522 Thread 0x00007fbc98011800 Implicit null exception at 0x00007fbc897ab0c1 to 0x00007fbc897ab89d
Event: 3.522 Thread 0x00007fbc98011800 Implicit null exception at 0x00007fbc897aa552 to 0x00007fbc897aa965
Event: 3.524 Thread 0x00007fbc98011800 Implicit null exception at 0x00007fbc897de3ea to 0x00007fbc897e211d
Event: 3.804 Thread 0x00007fbc98011800 Implicit null exception at 0x00007fbc8979870f to 0x00007fbc89798aa9

Events (10 events):
Event: 10.786 loading class sun/nio/cs/UnicodeDecoder done
Event: 10.786 Executing VM operation: Deoptimize
Event: 10.786 Executing VM operation: Deoptimize done
Event: 10.786 loading class sun/nio/cs/UTF_16$Decoder done
Event: 10.786 loading class sun/font/FileFontStrike
Event: 10.786 loading class sun/font/FileFontStrike done
Event: 10.786 loading class sun/font/FontScaler
Event: 10.787 loading class sun/font/FontScaler done
Event: 10.787 loading class sun/font/FreetypeFontScaler
Event: 10.787 loading class sun/font/FreetypeFontScaler done


Dynamic libraries:
00400000-00401000 r-xp 00000000 00:00 300969                     /usr/lib/jvm/java-9-openjdk-amd64/bin/java
00600000-00601000 r--p 00000000 00:00 300969                     /usr/lib/jvm/java-9-openjdk-amd64/bin/java
00601000-00602000 rw-p 00001000 00:00 300969                     /usr/lib/jvm/java-9-openjdk-amd64/bin/java
0115e000-0117f000 rw-p 00000000 00:00 0                          [heap]
6c0000000-6cb600000 rw-p 00000000 00:00 0
6cb600000-7c0000000 ---p 00000000 00:00 0
7c0000000-7c0240000 rw-p 00000000 00:00 0
7c0240000-800000000 ---p 00000000 00:00 0
7fbbd0000000-7fbbd0021000 rw-p 00000000 00:00 0
7fbbd0021000-7fbbd4000000 ---p 00000000 00:00 0
7fbbd8000000-7fbbd8021000 rw-p 00000000 00:00 0
7fbbd8021000-7fbbdc000000 ---p 00000000 00:00 0
7fbbdc000000-7fbbdc021000 rw-p 00000000 00:00 0
7fbbdc021000-7fbbe0000000 ---p 00000000 00:00 0
7fbbe0000000-7fbbe0021000 rw-p 00000000 00:00 0
7fbbe0021000-7fbbe4000000 ---p 00000000 00:00 0
7fbbe4000000-7fbbe4021000 rw-p 00000000 00:00 0
7fbbe4021000-7fbbe8000000 ---p 00000000 00:00 0
7fbbe8000000-7fbbe8021000 rw-p 00000000 00:00 0
7fbbe8021000-7fbbec000000 ---p 00000000 00:00 0
7fbbec000000-7fbbec021000 rw-p 00000000 00:00 0
7fbbec021000-7fbbf0000000 ---p 00000000 00:00 0
7fbbf0000000-7fbbf0021000 rw-p 00000000 00:00 0
7fbbf0021000-7fbbf4000000 ---p 00000000 00:00 0
7fbbf4000000-7fbbf4021000 rw-p 00000000 00:00 0
7fbbf4021000-7fbbf8000000 ---p 00000000 00:00 0
7fbbf8000000-7fbbf832e000 rw-p 00000000 00:00 0
7fbbf832e000-7fbbfc000000 ---p 00000000 00:00 0
7fbbfc000000-7fbbfc021000 rw-p 00000000 00:00 0
7fbbfc021000-7fbc00000000 ---p 00000000 00:00 0
7fbc00000000-7fbc01854000 rw-p 00000000 00:00 0
7fbc01854000-7fbc04000000 ---p 00000000 00:00 0
7fbc04000000-7fbc04e1f000 rw-p 00000000 00:00 0
7fbc04e1f000-7fbc08000000 ---p 00000000 00:00 0
7fbc08000000-7fbc08021000 rw-p 00000000 00:00 0
7fbc08021000-7fbc0c000000 ---p 00000000 00:00 0
7fbc0c000000-7fbc0d14f000 rw-p 00000000 00:00 0
7fbc0d14f000-7fbc10000000 ---p 00000000 00:00 0
7fbc10000000-7fbc10021000 rw-p 00000000 00:00 0
7fbc10021000-7fbc14000000 ---p 00000000 00:00 0
7fbc14000000-7fbc14021000 rw-p 00000000 00:00 0
7fbc14021000-7fbc18000000 ---p 00000000 00:00 0
7fbc19320000-7fbc19324000 ---p 00000000 00:00 0
7fbc19324000-7fbc19421000 rw-p 00000000 00:00 0
7fbc19430000-7fbc19434000 ---p 00000000 00:00 0
7fbc19434000-7fbc19531000 rw-p 00000000 00:00 0
7fbc19540000-7fbc19544000 ---p 00000000 00:00 0
7fbc19544000-7fbc19641000 rw-p 00000000 00:00 0
7fbc19650000-7fbc19654000 ---p 00000000 00:00 0
7fbc19654000-7fbc19751000 rw-p 00000000 00:00 0
7fbc19760000-7fbc19784000 r-xp 00000000 00:00 229145             /lib/x86_64-linux-gnu/libpng12.so.0.54.0
7fbc19784000-7fbc19785000 ---p 00024000 00:00 229145             /lib/x86_64-linux-gnu/libpng12.so.0.54.0
7fbc19785000-7fbc19983000 ---p 00000025 00:00 229145             /lib/x86_64-linux-gnu/libpng12.so.0.54.0
7fbc19983000-7fbc19984000 r--p 00023000 00:00 229145             /lib/x86_64-linux-gnu/libpng12.so.0.54.0
7fbc19984000-7fbc19985000 rw-p 00024000 00:00 229145             /lib/x86_64-linux-gnu/libpng12.so.0.54.0
7fbc19990000-7fbc19a34000 r-xp 00000000 00:00 222962             /usr/lib/x86_64-linux-gnu/libfreetype.so.6.12.1
7fbc19a34000-7fbc19a3a000 ---p 000a4000 00:00 222962             /usr/lib/x86_64-linux-gnu/libfreetype.so.6.12.1
7fbc19a3a000-7fbc19c33000 ---p 000000aa 00:00 222962             /usr/lib/x86_64-linux-gnu/libfreetype.so.6.12.1
7fbc19c33000-7fbc19c39000 r--p 000a3000 00:00 222962             /usr/lib/x86_64-linux-gnu/libfreetype.so.6.12.1
7fbc19c39000-7fbc19c3a000 rw-p 000a9000 00:00 222962             /usr/lib/x86_64-linux-gnu/libfreetype.so.6.12.1
7fbc19c40000-7fbc19d06000 r-xp 00000000 00:00 301081             /usr/lib/jvm/java-9-openjdk-amd64/lib/amd64/libfontmanager.so
7fbc19d06000-7fbc19d09000 ---p 000c6000 00:00 301081             /usr/lib/jvm/java-9-openjdk-amd64/lib/amd64/libfontmanager.so
7fbc19d09000-7fbc19f05000 ---p 000000c9 00:00 301081             /usr/lib/jvm/java-9-openjdk-amd64/lib/amd64/libfontmanager.so
7fbc19f05000-7fbc19f08000 r--p 000c5000 00:00 301081             /usr/lib/jvm/java-9-openjdk-amd64/lib/amd64/libfontmanager.so
7fbc19f08000-7fbc19f09000 rw-p 000c8000 00:00 301081             /usr/lib/jvm/java-9-openjdk-amd64/lib/amd64/libfontmanager.so
7fbc19f09000-7fbc19f0a000 rw-p 00000000 00:00 0
7fbc19f10000-7fbc1a0d0000 rw-p 00000000 00:00 0
7fbc1a0d0000-7fbc1a110000 ---p 00000000 00:00 0
7fbc1a110000-7fbc1a510000 rw-p 00000000 00:00 0
7fbc1a510000-7fbc1a514000 ---p 00000000 00:00 0
7fbc1a514000-7fbc1a611000 rw-p 00000000 00:00 0
7fbc1a620000-7fbc1a624000 ---p 00000000 00:00 0
7fbc1a624000-7fbc1a721000 rw-p 00000000 00:00 0
7fbc1a730000-7fbc1a930000 rw-p 00000000 00:00 0
7fbc1a930000-7fbc1a937000 r-xp 00000000 00:00 301154             /usr/lib/jvm/java-9-openjdk-amd64/lib/amd64/libawt_headless.so
7fbc1a937000-7fbc1a938000 ---p 00007000 00:00 301154             /usr/lib/jvm/java-9-openjdk-amd64/lib/amd64/libawt_headless.so
7fbc1a938000-7fbc1ab36000 ---p 00000008 00:00 301154             /usr/lib/jvm/java-9-openjdk-amd64/lib/amd64/libawt_headless.so
7fbc1ab36000-7fbc1ab37000 r--p 00006000 00:00 301154             /usr/lib/jvm/java-9-openjdk-amd64/lib/amd64/libawt_headless.so
7fbc1ab37000-7fbc1ab38000 rw-p 00007000 00:00 301154             /usr/lib/jvm/java-9-openjdk-amd64/lib/amd64/libawt_headless.so
7fbc1ab40000-7fbc1abe0000 r-xp 00000000 00:00 301075             /usr/lib/jvm/java-9-openjdk-amd64/lib/amd64/libawt.so
7fbc1abe0000-7fbc1abec000 ---p 000a0000 00:00 301075             /usr/lib/jvm/java-9-openjdk-amd64/lib/amd64/libawt.so
7fbc1abec000-7fbc1addf000 ---p 000000ac 00:00 301075             /usr/lib/jvm/java-9-openjdk-amd64/lib/amd64/libawt.so
7fbc1addf000-7fbc1ade0000 r--p 0009f000 00:00 301075             /usr/lib/jvm/java-9-openjdk-amd64/lib/amd64/libawt.so
7fbc1ade0000-7fbc1adeb000 rw-p 000a0000 00:00 301075             /usr/lib/jvm/java-9-openjdk-amd64/lib/amd64/libawt.so
7fbc1adeb000-7fbc1ae10000 rw-p 00000000 00:00 0
7fbc1ae10000-7fbc1ae11000 ---p 00000000 00:00 0
7fbc1ae11000-7fbc1af11000 rw-p 00000000 00:00 0
7fbc1af20000-7fbc1af24000 ---p 00000000 00:00 0
7fbc1af24000-7fbc1b021000 rw-p 00000000 00:00 0
7fbc1b030000-7fbc1b034000 ---p 00000000 00:00 0
7fbc1b034000-7fbc1b131000 rw-p 00000000 00:00 0
7fbc1b140000-7fbc1b441000 rw-p 00000000 00:00 0
7fbc1b450000-7fbc1b466000 r-xp 00000000 00:00 301088             /usr/lib/jvm/java-9-openjdk-amd64/lib/amd64/libnet.so
7fbc1b466000-7fbc1b467000 ---p 00016000 00:00 301088             /usr/lib/jvm/java-9-openjdk-amd64/lib/amd64/libnet.so
7fbc1b467000-7fbc1b665000 ---p 00000017 00:00 301088             /usr/lib/jvm/java-9-openjdk-amd64/lib/amd64/libnet.so
7fbc1b665000-7fbc1b666000 r--p 00015000 00:00 301088             /usr/lib/jvm/java-9-openjdk-amd64/lib/amd64/libnet.so
7fbc1b666000-7fbc1b667000 rw-p 00016000 00:00 301088             /usr/lib/jvm/java-9-openjdk-amd64/lib/amd64/libnet.so
7fbc1b670000-7fbc1b681000 r-xp 00000000 00:00 301221             /usr/lib/jvm/java-9-openjdk-amd64/lib/amd64/libnio.so
7fbc1b681000-7fbc1b683000 ---p 00011000 00:00 301221             /usr/lib/jvm/java-9-openjdk-amd64/lib/amd64/libnio.so
7fbc1b683000-7fbc1b881000 ---p 00000013 00:00 301221             /usr/lib/jvm/java-9-openjdk-amd64/lib/amd64/libnio.so
7fbc1b881000-7fbc1b882000 r--p 00011000 00:00 301221             /usr/lib/jvm/java-9-openjdk-amd64/lib/amd64/libnio.so
7fbc1b882000-7fbc1b883000 rw-p 00012000 00:00 301221             /usr/lib/jvm/java-9-openjdk-amd64/lib/amd64/libnio.so
7fbc1b890000-7fbc1b894000 ---p 00000000 00:00 0
7fbc1b894000-7fbc1b991000 rw-p 00000000 00:00 0
7fbc1b9a0000-7fbc1b9a4000 ---p 00000000 00:00 0
7fbc1b9a4000-7fbc1baa1000 rw-p 00000000 00:00 0
7fbc1bab0000-7fbc1bab4000 ---p 00000000 00:00 0
7fbc1bab4000-7fbc1bbb1000 rw-p 00000000 00:00 0
7fbc1bbc0000-7fbc1bbc4000 ---p 00000000 00:00 0
7fbc1bbc4000-7fbc1bcc1000 rw-p 00000000 00:00 0
7fbc1bcd0000-7fbc1bcd4000 ---p 00000000 00:00 0
7fbc1bcd4000-7fbc1bdd1000 rw-p 00000000 00:00 0
7fbc1bde0000-7fbc1bde4000 ---p 00000000 00:00 0
7fbc1bde4000-7fbc1bee1000 rw-p 00000000 00:00 0
7fbc1bef0000-7fbc1bef4000 ---p 00000000 00:00 0
7fbc1bef4000-7fbc1bff1000 rw-p 00000000 00:00 0
7fbc1c000000-7fbc1c054000 rw-p 00000000 00:00 0
7fbc1c054000-7fbc20000000 ---p 00000000 00:00 0
7fbc20000000-7fbc20021000 rw-p 00000000 00:00 0
7fbc20021000-7fbc24000000 ---p 00000000 00:00 0
7fbc24000000-7fbc24021000 rw-p 00000000 00:00 0
7fbc24021000-7fbc28000000 ---p 00000000 00:00 0
7fbc280a8000-7fbc28240000 r--p 00000000 00:00 201095             /usr/lib/locale/locale-archive
7fbc28240000-7fbc28244000 ---p 00000000 00:00 0
7fbc28244000-7fbc28341000 rw-p 00000000 00:00 0
7fbc28350000-7fbc28354000 ---p 00000000 00:00 0
7fbc28354000-7fbc28451000 rw-p 00000000 00:00 0
7fbc28460000-7fbc28461000 ---p 00000000 00:00 0
7fbc28461000-7fbc28561000 rw-p 00000000 00:00 0
7fbc28570000-7fbc285e6000 rw-p 00000000 00:00 0
7fbc285f0000-7fbc28ef1000 rw-p 00000000 00:00 0
7fbc28f00000-7fbc29001000 rw-p 00000000 00:00 0
7fbc29010000-7fbc29111000 rw-p 00000000 00:00 0
7fbc29120000-7fbc29221000 rw-p 00000000 00:00 0
7fbc29230000-7fbc29331000 rw-p 00000000 00:00 0
7fbc29340000-7fbc29441000 rw-p 00000000 00:00 0
7fbc29450000-7fbc29551000 rw-p 00000000 00:00 0
7fbc29560000-7fbc29661000 rw-p 00000000 00:00 0
7fbc29670000-7fbc29771000 rw-p 00000000 00:00 0
7fbc29780000-7fbc29881000 rw-p 00000000 00:00 0
7fbc29890000-7fbc29991000 rw-p 00000000 00:00 0
7fbc299a0000-7fbc29aa1000 rw-p 00000000 00:00 0
7fbc29ab0000-7fbc29bb1000 rw-p 00000000 00:00 0
7fbc29bc0000-7fbc29cc1000 rw-p 00000000 00:00 0
7fbc29cd0000-7fbc29dd1000 rw-p 00000000 00:00 0
7fbc29de0000-7fbc29ee1000 rw-p 00000000 00:00 0
7fbc29ef0000-7fbc2bef0000 rw-p 00000000 00:00 0
7fbc2bef0000-7fbc2bef1000 ---p 00000000 00:00 0
7fbc2bef1000-7fbc2bff1000 rw-p 00000000 00:00 0
7fbc2c000000-7fbc2c021000 rw-p 00000000 00:00 0
7fbc2c021000-7fbc30000000 ---p 00000000 00:00 0
7fbc30000000-7fbc30021000 rw-p 00000000 00:00 0
7fbc30021000-7fbc34000000 ---p 00000000 00:00 0
7fbc34000000-7fbc342d8000 rw-p 00000000 00:00 0
7fbc342d8000-7fbc38000000 ---p 00000000 00:00 0
7fbc38000000-7fbc382d8000 rw-p 00000000 00:00 0
7fbc382d8000-7fbc3c000000 ---p 00000000 00:00 0
7fbc3c000000-7fbc3c021000 rw-p 00000000 00:00 0
7fbc3c021000-7fbc40000000 ---p 00000000 00:00 0
7fbc40000000-7fbc40021000 rw-p 00000000 00:00 0
7fbc40021000-7fbc44000000 ---p 00000000 00:00 0
7fbc44000000-7fbc44021000 rw-p 00000000 00:00 0
7fbc44021000-7fbc48000000 ---p 00000000 00:00 0
7fbc48000000-7fbc48021000 rw-p 00000000 00:00 0
7fbc48021000-7fbc4c000000 ---p 00000000 00:00 0
7fbc4c000000-7fbc4c021000 rw-p 00000000 00:00 0
7fbc4c021000-7fbc50000000 ---p 00000000 00:00 0
7fbc50000000-7fbc50021000 rw-p 00000000 00:00 0
7fbc50021000-7fbc54000000 ---p 00000000 00:00 0
7fbc54000000-7fbc54021000 rw-p 00000000 00:00 0
7fbc54021000-7fbc58000000 ---p 00000000 00:00 0
7fbc58000000-7fbc58021000 rw-p 00000000 00:00 0
7fbc58021000-7fbc5c000000 ---p 00000000 00:00 0
7fbc5c000000-7fbc5c024000 rw-p 00000000 00:00 0
7fbc5c024000-7fbc60000000 ---p 00000000 00:00 0
7fbc60000000-7fbc60021000 rw-p 00000000 00:00 0
7fbc60021000-7fbc64000000 ---p 00000000 00:00 0
7fbc64000000-7fbc64022000 rw-p 00000000 00:00 0
7fbc64022000-7fbc68000000 ---p 00000000 00:00 0
7fbc68000000-7fbc68025000 rw-p 00000000 00:00 0
7fbc68025000-7fbc6c000000 ---p 00000000 00:00 0
7fbc6c000000-7fbc6c03b000 rw-p 00000000 00:00 0
7fbc6c03b000-7fbc70000000 ---p 00000000 00:00 0
7fbc70000000-7fbc7002a000 rw-p 00000000 00:00 0
7fbc7002a000-7fbc74000000 ---p 00000000 00:00 0
7fbc74000000-7fbc7402e000 rw-p 00000000 00:00 0
7fbc7402e000-7fbc78000000 ---p 00000000 00:00 0
7fbc78000000-7fbc78029000 rw-p 00000000 00:00 0
7fbc78029000-7fbc7c000000 ---p 00000000 00:00 0
7fbc7c000000-7fbc7c025000 rw-p 00000000 00:00 0
7fbc7c025000-7fbc80000000 ---p 00000000 00:00 0
7fbc80070000-7fbc800cb000 rw-p 00000000 00:00 0
7fbc800d0000-7fbc800d1000 ---p 00000000 00:00 0
7fbc800d1000-7fbc801d1000 rw-p 00000000 00:00 0
7fbc801e0000-7fbc801e1000 ---p 00000000 00:00 0
7fbc801e1000-7fbc802e1000 rw-p 00000000 00:00 0
7fbc802f0000-7fbc803f1000 rw-p 00000000 00:00 0
7fbc80400000-7fbc80441000 rw-p 00000000 00:00 0
7fbc80450000-7fbc804ab000 rw-p 00000000 00:00 0
7fbc804ab000-7fbc80c50000 ---p 00000000 00:00 0
7fbc80c50000-7fbc80cab000 rw-p 00000000 00:00 0
7fbc80cab000-7fbc81c50000 ---p 00000000 00:00 0
7fbc81c50000-7fbc81ec0000 rwxp 00000000 00:00 0
7fbc81ec0000-7fbc821e1000 ---p 00000000 00:00 0
7fbc821e1000-7fbc825e1000 rwxp 00000000 00:00 0
7fbc825e1000-7fbc89718000 ---p 00000000 00:00 0
7fbc89718000-7fbc89988000 rwxp 00000000 00:00 0
7fbc89988000-7fbc90c50000 ---p 00000000 00:00 0
7fbc90c51000-7fbc98000000 r--s 00000000 00:00 300988             /usr/lib/jvm/java-9-openjdk-amd64/lib/modules
7fbc98000000-7fbc9875f000 rw-p 00000000 00:00 0
7fbc9875f000-7fbc9c000000 ---p 00000000 00:00 0
7fbc9c020000-7fbc9c07b000 rw-p 00000000 00:00 0
7fbc9c07b000-7fbc9c821000 ---p 00000000 00:00 0
7fbc9c821000-7fbc9c921000 rw-p 00000000 00:00 0
7fbc9c930000-7fbc9c931000 ---p 00000000 00:00 0
7fbc9c931000-7fbc9ca31000 rw-p 00000000 00:00 0
7fbc9ca40000-7fbc9ca41000 ---p 00000000 00:00 0
7fbc9ca41000-7fbc9cb41000 rw-p 00000000 00:00 0
7fbc9cb50000-7fbc9cb51000 ---p 00000000 00:00 0
7fbc9cb51000-7fbc9cc51000 rw-p 00000000 00:00 0
7fbc9cc60000-7fbc9cc61000 ---p 00000000 00:00 0
7fbc9cc61000-7fbc9cd61000 rw-p 00000000 00:00 0
7fbc9cd70000-7fbc9cd71000 ---p 00000000 00:00 0
7fbc9cd71000-7fbc9ce71000 rw-p 00000000 00:00 0
7fbc9ce80000-7fbc9ce81000 ---p 00000000 00:00 0
7fbc9ce81000-7fbc9cf81000 rw-p 00000000 00:00 0
7fbc9cf90000-7fbc9cf91000 ---p 00000000 00:00 0
7fbc9cf91000-7fbc9d091000 rw-p 00000000 00:00 0
7fbc9d0a0000-7fbc9d0a1000 ---p 00000000 00:00 0
7fbc9d0a1000-7fbc9d1a1000 rw-p 00000000 00:00 0
7fbc9d1b0000-7fbc9d2b1000 rw-p 00000000 00:00 0
7fbc9d2c0000-7fbc9d3c1000 rw-p 00000000 00:00 0
7fbc9d3d0000-7fbc9d4d1000 rw-p 00000000 00:00 0
7fbc9d4e0000-7fbc9d5e1000 rw-p 00000000 00:00 0
7fbc9d5f0000-7fbc9d6f1000 rw-p 00000000 00:00 0
7fbc9d700000-7fbc9d801000 rw-p 00000000 00:00 0
7fbc9d810000-7fbc9d911000 rw-p 00000000 00:00 0
7fbc9d920000-7fbc9da21000 rw-p 00000000 00:00 0
7fbc9da30000-7fbc9da31000 ---p 00000000 00:00 0
7fbc9da31000-7fbc9db31000 rw-p 00000000 00:00 0
7fbc9db40000-7fbc9db41000 ---p 00000000 00:00 0
7fbc9db41000-7fbc9dc41000 rw-p 00000000 00:00 0
7fbc9dc50000-7fbc9dc51000 ---p 00000000 00:00 0
7fbc9dc51000-7fbc9dd51000 rw-p 00000000 00:00 0
7fbc9dd60000-7fbc9dd61000 ---p 00000000 00:00 0
7fbc9dd61000-7fbc9de61000 rw-p 00000000 00:00 0
7fbc9de70000-7fbc9de71000 ---p 00000000 00:00 0
7fbc9de71000-7fbc9df71000 rw-p 00000000 00:00 0
7fbc9df80000-7fbc9df81000 ---p 00000000 00:00 0
7fbc9df81000-7fbc9e081000 rw-p 00000000 00:00 0
7fbc9e090000-7fbc9e091000 ---p 00000000 00:00 0
7fbc9e091000-7fbc9e191000 rw-p 00000000 00:00 0
7fbc9e1a0000-7fbc9e1a1000 ---p 00000000 00:00 0
7fbc9e1a1000-7fbc9e2a1000 rw-p 00000000 00:00 0
7fbc9e2b0000-7fbc9e2b5000 r-xp 00000000 00:00 301153             /usr/lib/jvm/java-9-openjdk-amd64/lib/amd64/libjimage.so
7fbc9e2b5000-7fbc9e2b6000 ---p 00005000 00:00 301153             /usr/lib/jvm/java-9-openjdk-amd64/lib/amd64/libjimage.so
7fbc9e2b6000-7fbc9e4b4000 ---p 00000006 00:00 301153             /usr/lib/jvm/java-9-openjdk-amd64/lib/amd64/libjimage.so
7fbc9e4b4000-7fbc9e4b5000 r--p 00004000 00:00 301153             /usr/lib/jvm/java-9-openjdk-amd64/lib/amd64/libjimage.so
7fbc9e4b5000-7fbc9e4b6000 rw-p 00005000 00:00 301153             /usr/lib/jvm/java-9-openjdk-amd64/lib/amd64/libjimage.so
7fbc9e4c0000-7fbc9e4c7000 r-xp 00000000 00:00 301126             /usr/lib/jvm/java-9-openjdk-amd64/lib/amd64/libzip.so
7fbc9e4c7000-7fbc9e4c8000 ---p 00007000 00:00 301126             /usr/lib/jvm/java-9-openjdk-amd64/lib/amd64/libzip.so
7fbc9e4c8000-7fbc9e6c6000 ---p 00000008 00:00 301126             /usr/lib/jvm/java-9-openjdk-amd64/lib/amd64/libzip.so
7fbc9e6c6000-7fbc9e6c7000 r--p 00006000 00:00 301126             /usr/lib/jvm/java-9-openjdk-amd64/lib/amd64/libzip.so
7fbc9e6c7000-7fbc9e6c8000 rw-p 00007000 00:00 301126             /usr/lib/jvm/java-9-openjdk-amd64/lib/amd64/libzip.so
7fbc9e6d0000-7fbc9e6db000 r-xp 00000000 00:00 193749             /lib/x86_64-linux-gnu/libnss_files-2.23.so
7fbc9e6db000-7fbc9e6dc000 ---p 0000b000 00:00 193749             /lib/x86_64-linux-gnu/libnss_files-2.23.so
7fbc9e6dc000-7fbc9e8da000 ---p 0000000c 00:00 193749             /lib/x86_64-linux-gnu/libnss_files-2.23.so
7fbc9e8da000-7fbc9e8db000 r--p 0000a000 00:00 193749             /lib/x86_64-linux-gnu/libnss_files-2.23.so
7fbc9e8db000-7fbc9e8dc000 rw-p 0000b000 00:00 193749             /lib/x86_64-linux-gnu/libnss_files-2.23.so
7fbc9e8dc000-7fbc9e8e2000 rw-p 00000000 00:00 0
7fbc9e8f0000-7fbc9e8fb000 r-xp 00000000 00:00 194026             /lib/x86_64-linux-gnu/libnss_nis-2.23.so
7fbc9e8fb000-7fbc9e8fc000 ---p 0000b000 00:00 194026             /lib/x86_64-linux-gnu/libnss_nis-2.23.so
7fbc9e8fc000-7fbc9eafa000 ---p 0000000c 00:00 194026             /lib/x86_64-linux-gnu/libnss_nis-2.23.so
7fbc9eafa000-7fbc9eafb000 r--p 0000a000 00:00 194026             /lib/x86_64-linux-gnu/libnss_nis-2.23.so
7fbc9eafb000-7fbc9eafc000 rw-p 0000b000 00:00 194026             /lib/x86_64-linux-gnu/libnss_nis-2.23.so
7fbc9eb00000-7fbc9eb16000 r-xp 00000000 00:00 193536             /lib/x86_64-linux-gnu/libnsl-2.23.so
7fbc9eb16000-7fbc9eb17000 ---p 00016000 00:00 193536             /lib/x86_64-linux-gnu/libnsl-2.23.so
7fbc9eb17000-7fbc9ed15000 ---p 00000017 00:00 193536             /lib/x86_64-linux-gnu/libnsl-2.23.so
7fbc9ed15000-7fbc9ed16000 r--p 00015000 00:00 193536             /lib/x86_64-linux-gnu/libnsl-2.23.so
7fbc9ed16000-7fbc9ed17000 rw-p 00016000 00:00 193536             /lib/x86_64-linux-gnu/libnsl-2.23.so
7fbc9ed17000-7fbc9ed19000 rw-p 00000000 00:00 0
7fbc9ed20000-7fbc9ed28000 r-xp 00000000 00:00 194280             /lib/x86_64-linux-gnu/libnss_compat-2.23.so
7fbc9ed28000-7fbc9ed29000 ---p 00008000 00:00 194280             /lib/x86_64-linux-gnu/libnss_compat-2.23.so
7fbc9ed29000-7fbc9ef27000 ---p 00000009 00:00 194280             /lib/x86_64-linux-gnu/libnss_compat-2.23.so
7fbc9ef27000-7fbc9ef28000 r--p 00007000 00:00 194280             /lib/x86_64-linux-gnu/libnss_compat-2.23.so
7fbc9ef28000-7fbc9ef29000 rw-p 00008000 00:00 194280             /lib/x86_64-linux-gnu/libnss_compat-2.23.so
7fbc9ef30000-7fbc9ef5b000 r-xp 00000000 00:00 301048             /usr/lib/jvm/java-9-openjdk-amd64/lib/amd64/libjava.so
7fbc9ef5b000-7fbc9ef5d000 ---p 0002b000 00:00 301048             /usr/lib/jvm/java-9-openjdk-amd64/lib/amd64/libjava.so
7fbc9ef5d000-7fbc9f15a000 ---p 0000002d 00:00 301048             /usr/lib/jvm/java-9-openjdk-amd64/lib/amd64/libjava.so
7fbc9f15a000-7fbc9f15b000 r--p 0002a000 00:00 301048             /usr/lib/jvm/java-9-openjdk-amd64/lib/amd64/libjava.so
7fbc9f15b000-7fbc9f15d000 rw-p 0002b000 00:00 301048             /usr/lib/jvm/java-9-openjdk-amd64/lib/amd64/libjava.so
7fbc9f160000-7fbc9f16d000 r-xp 00000000 00:00 301052             /usr/lib/jvm/java-9-openjdk-amd64/lib/amd64/libverify.so
7fbc9f16d000-7fbc9f16f000 ---p 0000d000 00:00 301052             /usr/lib/jvm/java-9-openjdk-amd64/lib/amd64/libverify.so
7fbc9f16f000-7fbc9f36c000 ---p 0000000f 00:00 301052             /usr/lib/jvm/java-9-openjdk-amd64/lib/amd64/libverify.so
7fbc9f36c000-7fbc9f36e000 r--p 0000c000 00:00 301052             /usr/lib/jvm/java-9-openjdk-amd64/lib/amd64/libverify.so
7fbc9f36e000-7fbc9f36f000 rw-p 0000e000 00:00 301052             /usr/lib/jvm/java-9-openjdk-amd64/lib/amd64/libverify.so
7fbc9f370000-7fbc9f377000 r-xp 00000000 00:00 194024             /lib/x86_64-linux-gnu/librt-2.23.so
7fbc9f377000-7fbc9f378000 ---p 00007000 00:00 194024             /lib/x86_64-linux-gnu/librt-2.23.so
7fbc9f378000-7fbc9f576000 ---p 00000008 00:00 194024             /lib/x86_64-linux-gnu/librt-2.23.so
7fbc9f576000-7fbc9f577000 r--p 00006000 00:00 194024             /lib/x86_64-linux-gnu/librt-2.23.so
7fbc9f577000-7fbc9f578000 rw-p 00007000 00:00 194024             /lib/x86_64-linux-gnu/librt-2.23.so
7fbc9f580000-7fbc9f596000 r-xp 00000000 00:00 194278             /lib/x86_64-linux-gnu/libgcc_s.so.1
7fbc9f596000-7fbc9f795000 ---p 00000016 00:00 194278             /lib/x86_64-linux-gnu/libgcc_s.so.1
7fbc9f795000-7fbc9f796000 rw-p 00015000 00:00 194278             /lib/x86_64-linux-gnu/libgcc_s.so.1
7fbc9f7a0000-7fbc9f8a8000 r-xp 00000000 00:00 193892             /lib/x86_64-linux-gnu/libm-2.23.so
7fbc9f8a8000-7fbc9f8aa000 ---p 00108000 00:00 193892             /lib/x86_64-linux-gnu/libm-2.23.so
7fbc9f8aa000-7fbc9faa7000 ---p 0000010a 00:00 193892             /lib/x86_64-linux-gnu/libm-2.23.so
7fbc9faa7000-7fbc9faa8000 r--p 00107000 00:00 193892             /lib/x86_64-linux-gnu/libm-2.23.so
7fbc9faa8000-7fbc9faa9000 rw-p 00108000 00:00 193892             /lib/x86_64-linux-gnu/libm-2.23.so
7fbc9fab0000-7fbc9fc22000 r-xp 00000000 00:00 243403             /usr/lib/x86_64-linux-gnu/libstdc++.so.6.0.21
7fbc9fc22000-7fbc9fc2f000 ---p 00172000 00:00 243403             /usr/lib/x86_64-linux-gnu/libstdc++.so.6.0.21
7fbc9fc2f000-7fbc9fe22000 ---p 0000017f 00:00 243403             /usr/lib/x86_64-linux-gnu/libstdc++.so.6.0.21
7fbc9fe22000-7fbc9fe2c000 r--p 00172000 00:00 243403             /usr/lib/x86_64-linux-gnu/libstdc++.so.6.0.21
7fbc9fe2c000-7fbc9fe2e000 rw-p 0017c000 00:00 243403             /usr/lib/x86_64-linux-gnu/libstdc++.so.6.0.21
7fbc9fe2e000-7fbc9fe32000 rw-p 00000000 00:00 0
7fbc9fe40000-7fbca0c9e000 r-xp 00000000 00:00 301112             /usr/lib/jvm/java-9-openjdk-amd64/lib/amd64/server/libjvm.so
7fbca0c9e000-7fbca0d90000 ---p 00e5e000 00:00 301112             /usr/lib/jvm/java-9-openjdk-amd64/lib/amd64/server/libjvm.so
7fbca0d90000-7fbca0e9e000 ---p 00000f50 00:00 301112             /usr/lib/jvm/java-9-openjdk-amd64/lib/amd64/server/libjvm.so
7fbca0e9e000-7fbca0f50000 r--p 00e5e000 00:00 301112             /usr/lib/jvm/java-9-openjdk-amd64/lib/amd64/server/libjvm.so
7fbca0f50000-7fbca0f82000 rw-p 00f10000 00:00 301112             /usr/lib/jvm/java-9-openjdk-amd64/lib/amd64/server/libjvm.so
7fbca0f82000-7fbca0fc7000 rw-p 00000000 00:00 0
7fbca0fd0000-7fbca0fe8000 r-xp 00000000 00:00 193767             /lib/x86_64-linux-gnu/libpthread-2.23.so
7fbca0fe8000-7fbca0ff2000 ---p 00018000 00:00 193767             /lib/x86_64-linux-gnu/libpthread-2.23.so
7fbca0ff2000-7fbca11e7000 ---p 00000022 00:00 193767             /lib/x86_64-linux-gnu/libpthread-2.23.so
7fbca11e7000-7fbca11e8000 r--p 00017000 00:00 193767             /lib/x86_64-linux-gnu/libpthread-2.23.so
7fbca11e8000-7fbca11e9000 rw-p 00018000 00:00 193767             /lib/x86_64-linux-gnu/libpthread-2.23.so
7fbca11e9000-7fbca11ed000 rw-p 00000000 00:00 0
7fbca11f0000-7fbca11f3000 r-xp 00000000 00:00 194281             /lib/x86_64-linux-gnu/libdl-2.23.so
7fbca11f3000-7fbca11f4000 ---p 00003000 00:00 194281             /lib/x86_64-linux-gnu/libdl-2.23.so
7fbca11f4000-7fbca13f2000 ---p 00000004 00:00 194281             /lib/x86_64-linux-gnu/libdl-2.23.so
7fbca13f2000-7fbca13f3000 r--p 00002000 00:00 194281             /lib/x86_64-linux-gnu/libdl-2.23.so
7fbca13f3000-7fbca13f4000 rw-p 00003000 00:00 194281             /lib/x86_64-linux-gnu/libdl-2.23.so
7fbca1400000-7fbca1419000 r-xp 00000000 00:00 194245             /lib/x86_64-linux-gnu/libz.so.1.2.8
7fbca1419000-7fbca141a000 ---p 00019000 00:00 194245             /lib/x86_64-linux-gnu/libz.so.1.2.8
7fbca141a000-7fbca1618000 ---p 0000001a 00:00 194245             /lib/x86_64-linux-gnu/libz.so.1.2.8
7fbca1618000-7fbca1619000 r--p 00018000 00:00 194245             /lib/x86_64-linux-gnu/libz.so.1.2.8
7fbca1619000-7fbca161a000 rw-p 00019000 00:00 194245             /lib/x86_64-linux-gnu/libz.so.1.2.8
7fbca1620000-7fbca17e0000 r-xp 00000000 00:00 194192             /lib/x86_64-linux-gnu/libc-2.23.so
7fbca17e0000-7fbca17e9000 ---p 001c0000 00:00 194192             /lib/x86_64-linux-gnu/libc-2.23.so
7fbca17e9000-7fbca19e0000 ---p 000001c9 00:00 194192             /lib/x86_64-linux-gnu/libc-2.23.so
7fbca19e0000-7fbca19e4000 r--p 001c0000 00:00 194192             /lib/x86_64-linux-gnu/libc-2.23.so
7fbca19e4000-7fbca19e6000 rw-p 001c4000 00:00 194192             /lib/x86_64-linux-gnu/libc-2.23.so
7fbca19e6000-7fbca19ea000 rw-p 00000000 00:00 0
7fbca19f0000-7fbca19fe000 r-xp 00000000 00:00 301196             /usr/lib/jvm/java-9-openjdk-amd64/lib/amd64/jli/libjli.so
7fbca19fe000-7fbca19ff000 ---p 0000e000 00:00 301196             /usr/lib/jvm/java-9-openjdk-amd64/lib/amd64/jli/libjli.so
7fbca19ff000-7fbca1bfd000 ---p 0000000f 00:00 301196             /usr/lib/jvm/java-9-openjdk-amd64/lib/amd64/jli/libjli.so
7fbca1bfd000-7fbca1bfe000 r--p 0000d000 00:00 301196             /usr/lib/jvm/java-9-openjdk-amd64/lib/amd64/jli/libjli.so
7fbca1bfe000-7fbca1bff000 rw-p 0000e000 00:00 301196             /usr/lib/jvm/java-9-openjdk-amd64/lib/amd64/jli/libjli.so
7fbca1c00000-7fbca1c25000 r-xp 00000000 00:00 193906             /lib/x86_64-linux-gnu/ld-2.23.so
7fbca1c25000-7fbca1c26000 r-xp 00025000 00:00 193906             /lib/x86_64-linux-gnu/ld-2.23.so
7fbca1c40000-7fbca1c45000 rw-p 00000000 00:00 0
7fbca1c45000-7fbca1d2b000 ---p 00000000 00:00 0
7fbca1d30000-7fbca1d38000 rw-p 00000000 00:00 0
7fbca1d38000-7fbca1e1b000 ---p 00000000 00:00 0
7fbca1e25000-7fbca1e26000 r--p 00025000 00:00 193906             /lib/x86_64-linux-gnu/ld-2.23.so
7fbca1e26000-7fbca1e27000 rw-p 00026000 00:00 193906             /lib/x86_64-linux-gnu/ld-2.23.so
7fbca1e27000-7fbca1e28000 rw-p 00000000 00:00 0
7fbca1e30000-7fbca1e58000 rw-p 00000000 00:00 0
7fbca1e60000-7fbca1e81000 rw-p 00000000 00:00 0
7fbca1e90000-7fbca1e95000 rw-p 00000000 00:00 0
7fbca1e95000-7fbca1e9c000 ---p 00000000 00:00 0
7fbca1ea0000-7fbca1ea1000 rw-p 00000000 00:00 0
7fbca1eb0000-7fbca1eb1000 r--p 00000000 00:00 0
7fbca1ec0000-7fbca1ec4000 ---p 00000000 00:00 0
7fbca1ec4000-7fbca1fc1000 rw-p 00000000 00:00 0
7fbca1fd0000-7fbca1fd1000 rw-p 00000000 00:00 0
7fbca1fe0000-7fbca1fe1000 rw-p 00000000 00:00 0
7fbca1ff0000-7fbca1ff1000 rw-p 00000000 00:00 0
7fbca2000000-7fbca2001000 rw-p 00000000 00:00 0
7fbca2005000-7fbca2010000 r--s 00000000 00:00 306638             /var/cache/fontconfig/d589a48862398ed80a3d6066f4f56f4c-le64.cache-6
7fbca2010000-7fbca2011000 rw-p 00000000 00:00 0
7fbca2015000-7fbca201d000 rw-s 00000000 00:00 254396             /tmp/hsperfdata_tyogx/17201
7fffcc839000-7fffcd039000 rw-p 00000000 00:00 0                  [stack]
7fffcd4da000-7fffcd4db000 r-xp 00000000 00:00 0                  [vdso]

VM Arguments:
jvm_args: -Djava.awt.headless=true -Xmx4G -Dlog4j.log.dir=/mnt/d/Nightsky/Documents/Labo/Software/TeamFormation/RSLB2/boot/logs/6afae57c-71ed-4719-84ca-e98558c4d431 
java_command: kernel.StartKernel -c /mnt/d/Nightsky/Documents/Labo/Software/TeamFormation/RSLB2/boot/config/roborescue/kernel.cfg --kernel.agents.think-time=100000 --kernel.timesteps=300 --kernel.port=7541 --gis.map.dir=/mnt/d/Nightsky/Documents/Labo/Software/TeamFormation/roborescue/maps/gml/paris --gis.map.scenario=../../../../RSLB2/scenarios/paris/example-nopolice.xml --kernel.logname=/dev/null --nomenu --autorun --nogui --random.seed=1 --nomenu --autorun --nogui
java_class_path (initial): /mnt/d/Nightsky/Documents/Labo/Software/TeamFormation/RSLB2/supplement:/mnt/d/Nightsky/Documents/Labo/Software/TeamFormation/roborescue/supplement:/mnt/d/Nightsky/Documents/Labo/Software/TeamFormation/roborescue/jars/clear.jar:/mnt/d/Nightsky/Documents/Labo/Software/TeamFormation/roborescue/jars/collapse.jar:/mnt/d/Nightsky/Documents/Labo/Software/TeamFormation/roborescue/jars/gis2.jar:/mnt/d/Nightsky/Documents/Labo/Software/TeamFormation/roborescue/jars/handy.jar:/mnt/d/Nightsky/Documents/Labo/Software/TeamFormation/roborescue/jars/human.jar:/mnt/d/Nightsky/Documents/Labo/Software/TeamFormation/roborescue/jars/ignition.jar:/mnt/d/Nightsky/Documents/Labo/Software/TeamFormation/roborescue/jars/kernel.jar:/mnt/d/Nightsky/Documents/Labo/Software/TeamFormation/roborescue/jars/maps.jar:/mnt/d/Nightsky/Documents/Labo/Software/TeamFormation/roborescue/jars/misc.jar:/mnt/d/Nightsky/Documents/Labo/Software/TeamFormation/roborescue/jars/rescuecore2.jar:/mnt/d/Nightsky/Documents/Labo/Software/TeamFormation/roborescue/jars/resq-fire.jar:/mnt/d/Nightsky/Documents/Labo/Software/TeamFormation/roborescue/jars/sample.jar:/mnt/d/Nightsky/Documents/Labo/Software/TeamFormation/roborescue/jars/standard.jar:/mnt/d/Nightsky/Documents/Labo/Software/TeamFormation/roborescue/jars/traffic3.jar:/mnt/d/Nightsky/Documents/Labo/Software/TeamFormation/roborescue/lib/commons-logging-1.1.1.jar:/mnt/d/Nightsky/Documents/Labo/Software/TeamFormation/roborescue/lib/dom4j.jar:/mnt/d/Nightsky/Documents/Labo/Software/TeamFormation/roborescue/lib/jaxen-1.1.1.jar:/mnt/d/Nightsky/Documents/Labo/Software/TeamFormation/roborescue/lib/jcommon-1.0.16.jar:/mnt/d/Nightsky/Documents/Labo/Software/TeamFormation/roborescue/lib/jfreechart-1.0.13.jar:/mnt/d/Nightsky/Documents/Labo/Software/TeamFormation/roborescue/lib/jscience-4.3.jar:/mnt/d/Nightsky/Documents/Labo/Software/TeamFormation/roborescue/lib/jsi-1.0b2p1.jar:/mnt/d/Nightsky/Documents/Labo/Software/TeamFormation/roborescue/lib/jts-1
Launcher Type: SUN_STANDARD

Environment Variables:
PATH=/home/tyogx/bin:/home/tyogx/.local/bin:/usr/local/sbin:/usr/local/bin:/usr/sbin:/usr/bin:/sbin:/bin:/usr/games:/usr/local/games:/mnt/c/Program Files (x86)/Common Files/Oracle/Java/javapath_target_1938583765:/mnt/c/Windows/System32:/mnt/c/Windows:/mnt/c/Windows/System32/wbem:/mnt/c/Windows/System32/WindowsPowerShell/v1.0:/mnt/c/Program Files (x86)/Intel/OpenCL SDK/2.0/bin/x86:/mnt/c/Program Files (x86)/Intel/OpenCL SDK/2.0/bin/x64:/mnt/c/Program Files/Microsoft SQL Server/110/Tools/Binn:/mnt/d/opencv246/build/x86/vc11/bin:/mnt/d/OpenCV2.3/build/x64/vc10/bin:/mnt/d/w32tex/bin:/mnt/d/Python27:/mnt/c/Program Files (x86)/Skype/Phone:/mnt/c/Program Files/NVIDIA Corporation/NVSMI:/mnt/c/Program Files (x86)/NVIDIA Corporation/PhysX/Common:/mnt/d/Program Files/Sublime Text 3:/mnt/d/Program Files/Java/jdk-10.0.1/bin:/mnt/c/Windows/System32:/mnt/c/Windows:/mnt/c/Windows/System32/wbem:/mnt/c/Windows/System32/WindowsPowerShell/v1.0:/mnt/c/Windows/System32/OpenSSH:/mnt/c/Users/nightsky/AppData/Local/Microsoft/WindowsApps:/snap/bin
SHELL=/bin/bash
HOSTTYPE=x86_64

Signal Handlers:
SIGSEGV: [libjvm.so+0xc12c20], sa_mask[0]=11111111111111111111111111111110, sa_flags=SA_RESTART|SA_SIGINFO
SIGBUS: [libjvm.so+0xc12c20], sa_mask[0]=11111111111111111111111111111110, sa_flags=SA_RESTART|SA_SIGINFO
SIGFPE: [libjvm.so+0xc12c20], sa_mask[0]=11111111111111111111111111111110, sa_flags=SA_RESTART|SA_SIGINFO
SIGPIPE: [libjvm.so+0xa3b600], sa_mask[0]=11111111111111111111111111111110, sa_flags=SA_RESTART|SA_SIGINFO
SIGXFSZ: [libjvm.so+0xa3b600], sa_mask[0]=11111111111111111111111111111110, sa_flags=SA_RESTART|SA_SIGINFO
SIGILL: [libjvm.so+0xc12c20], sa_mask[0]=11111111111111111111111111111110, sa_flags=SA_RESTART|SA_SIGINFO
SIGUSR2: [libjvm.so+0xa3b4a0], sa_mask[0]=00000000000000000000000000000000, sa_flags=SA_RESTART|SA_SIGINFO
SIGHUP: [libjvm.so+0xa3b870], sa_mask[0]=11111111111111111111111111111110, sa_flags=SA_RESTART|SA_SIGINFO
SIGINT: SIG_IGN, sa_mask[0]=00000000000000000000000000000000, sa_flags=none
SIGTERM: [libjvm.so+0xa3b870], sa_mask[0]=11111111111111111111111111111110, sa_flags=SA_RESTART|SA_SIGINFO
SIGQUIT: [libjvm.so+0xa3b870], sa_mask[0]=11111111111111111111111111111110, sa_flags=SA_RESTART|SA_SIGINFO


---------------  S Y S T E M  ---------------

OS:DISTRIB_ID=Ubuntu
DISTRIB_RELEASE=16.04
DISTRIB_CODENAME=xenial
DISTRIB_DESCRIPTION="Ubuntu 16.04.5 LTS"
uname:Linux 4.4.0-17134-Microsoft #137-Microsoft Thu Jun 14 18:46:00 PST 2018 x86_64
libc:glibc 2.23 NPTL 2.23 
rlimit: STACK 8192k, CORE 0k, NPROC 7823, NOFILE 65536, AS infinity
load average:0.52 0.58 0.59

/proc/meminfo:
MemTotal:        8270276 kB
MemFree:         2624172 kB
Buffers:           34032 kB
Cached:           188576 kB
SwapCached:            0 kB
Active:           167556 kB
Inactive:         157876 kB
Active(anon):     103104 kB
Inactive(anon):    17440 kB
Active(file):      64452 kB
Inactive(file):   140436 kB
Unevictable:           0 kB
Mlocked:               0 kB
SwapTotal:      25165824 kB
SwapFree:       25129708 kB
Dirty:                 0 kB
Writeback:             0 kB
AnonPages:        102824 kB
Mapped:            71404 kB
Shmem:             17720 kB
Slab:              13868 kB
SReclaimable:       6744 kB
SUnreclaim:         7124 kB
KernelStack:        2848 kB
PageTables:         2524 kB
NFS_Unstable:          0 kB
Bounce:                0 kB
WritebackTmp:          0 kB
CommitLimit:      515524 kB
Committed_AS:    3450064 kB
VmallocTotal:     122880 kB
VmallocUsed:       21296 kB
VmallocChunk:      66044 kB
HardwareCorrupted:     0 kB
AnonHugePages:      2048 kB
HugePages_Total:       0
HugePages_Free:        0
HugePages_Rsvd:        0
HugePages_Surp:        0
Hugepagesize:       2048 kB
DirectMap4k:       12280 kB
DirectMap4M:      897024 kB


CPU:total 8 (4 cores per cpu, 2 threads per core) family 6 model 58 stepping 9, cmov, cx8, fxsr, mmx, sse, sse2, sse3, ssse3, sse4.1, sse4.2, popcnt, avx, aes, clmul, erms, ht, tsc, tscinvbit, tscinv

CPU Model and flags from /proc/cpuinfo:
model name	:         Intel(R) Core(TM) i7-3770 CPU @ 3.40GHz
flags		: fpu vme de pse tsc msr pae mce cx8 apic sep mtrr pge mca cmov pat pse36 clflush dts acpi mmx fxsr sse sse2 ss ht tm pbe syscall nx rdtscp lm pni pclmulqdq dtes64 monitor ds_cpl vmx smx est tm2 ssse3 cx16 xtpr pdcm pcid sse4_1 sse4_2 x2apic popcnt tsc_deadline_timer aes xsave osxsave avx f16c rdrand

Memory: 4k page, physical 8270276k(2624148k free), swap 25165824k(25129708k free)

vm_info: OpenJDK 64-Bit Server VM (9-internal+0-2016-04-14-195246.buildd.src) for linux-amd64 JRE (9-internal+0-2016-04-14-195246.buildd.src), built on Apr 14 2016 20:05:37 by "buildd" with gcc 5.3.1 20160413

END.
